#
# There is insufficient memory for the Java Runtime Environment to continue.
# Native memory allocation (malloc) failed to allocate 684496 bytes. Error detail: Chunk::new
# Possible reasons:
#   The system is out of physical RAM or swap space
#   This process is running with CompressedOops enabled, and the Java Heap may be blocking the growth of the native heap
# Possible solutions:
#   Reduce memory load on the system
#   Increase physical memory or swap space
#   Check if swap backing store is full
#   Decrease Java heap size (-Xmx/-Xms)
#   Decrease number of Java threads
#   Decrease Java thread stack sizes (-Xss)
#   Set larger code cache with -XX:ReservedCodeCacheSize=
#   JVM is running with Unscaled Compressed Oops mode in which the Java heap is
#     placed in the first 4GB address space. The Java Heap base address is the
#     maximum limit for the native heap growth. Please use -XX:HeapBaseMinAddress
#     to set the Java Heap base and to place the Java Heap above 4GB virtual address.
# This output file may be truncated or incomplete.
#
#  Out of Memory Error (arena.cpp:168), pid=9412, tid=9532
#
# JRE version: OpenJDK Runtime Environment Temurin-21.0.6+7 (21.0.6+7) (build 21.0.6+7-LTS)
# Java VM: OpenJDK 64-Bit Server VM Temurin-21.0.6+7 (21.0.6+7-LTS, mixed mode, sharing, tiered, compressed oops, compressed class ptrs, parallel gc, windows-amd64)
# No core dump will be written. Minidumps are not enabled by default on client versions of Windows
#

---------------  S U M M A R Y ------------

Command Line: --add-modules=ALL-SYSTEM --add-opens=java.base/java.util=ALL-UNNAMED --add-opens=java.base/java.lang=ALL-UNNAMED --add-opens=java.base/sun.nio.fs=ALL-UNNAMED -Declipse.application=org.eclipse.jdt.ls.core.id1 -Dosgi.bundles.defaultStartLevel=4 -Declipse.product=org.eclipse.jdt.ls.core.product -Djava.import.generatesMetadataFilesAtProjectRoot=false -DDetectVMInstallationsJob.disabled=true -Dfile.encoding=utf8 -XX:+UseParallelGC -XX:GCTimeRatio=4 -XX:AdaptiveSizePolicyWeight=90 -Dsun.zip.disableMemoryMapping=true -Xmx1G -Xms100m -Xlog:disable -javaagent:c:\Users\ADMIN\.vscode\extensions\redhat.java-1.41.1-win32-x64\lombok\lombok-1.18.36.jar -XX:+HeapDumpOnOutOfMemoryError -XX:HeapDumpPath=c:\Users\ADMIN\AppData\Roaming\Code\User\workspaceStorage\b1a5b6c4fe46a89c5908816380b53891\redhat.java -Daether.dependencyCollector.impl=bf c:\Users\ADMIN\.vscode\extensions\redhat.java-1.41.1-win32-x64\server\plugins\org.eclipse.equinox.launcher_1.7.0.v20250331-1702.jar -configuration c:\Users\ADMIN\AppData\Roaming\Code\User\globalStorage\redhat.java\1.41.1\config_win -data c:\Users\ADMIN\AppData\Roaming\Code\User\workspaceStorage\b1a5b6c4fe46a89c5908816380b53891\redhat.java\jdt_ws --pipe=\\.\pipe\lsp-705c59ab75903f93ab45c01af988f1e5-sock

Host: Intel(R) Core(TM) i5-2410M CPU @ 2.30GHz, 4 cores, 3G,  Windows 10 , 64 bit Build 19041 (10.0.19041.1348)
Time: Wed Apr 30 23:40:39 2025 SE Asia Standard Time elapsed time: 229.517313 seconds (0d 0h 3m 49s)

---------------  T H R E A D  ---------------

Current thread (0x00000206629d7eb0):  JavaThread "C2 CompilerThread1" daemon [_thread_in_native, id=9532, stack(0x000000f37a700000,0x000000f37a800000) (1024K)]


Current CompileTask:
C2:229517 14965       4       org.eclipse.jdt.internal.compiler.lookup.ModuleBinding::getOrCreateDeclaredPackage (136 bytes)

Stack: [0x000000f37a700000,0x000000f37a800000]
Native frames: (J=compiled Java code, j=interpreted, Vv=VM code, C=native code)
V  [jvm.dll+0x6cdee9]
V  [jvm.dll+0x8a83d1]
V  [jvm.dll+0x8aa8fe]
V  [jvm.dll+0x8aafe3]
V  [jvm.dll+0x27f706]
V  [jvm.dll+0xc500d]
V  [jvm.dll+0xc5543]
V  [jvm.dll+0x3b6752]
V  [jvm.dll+0x1dfe13]
V  [jvm.dll+0x247b42]
V  [jvm.dll+0x246fcf]
V  [jvm.dll+0x1c75ee]
V  [jvm.dll+0x25685a]
V  [jvm.dll+0x254dfa]
V  [jvm.dll+0x3f0256]
V  [jvm.dll+0x851f8b]
V  [jvm.dll+0x6cc5ed]
C  [ucrtbase.dll+0x21bb2]
C  [KERNEL32.DLL+0x17034]
C  [ntdll.dll+0x52651]


---------------  P R O C E S S  ---------------

Threads class SMR info:
_java_thread_list=0x000002067cba6740, length=45, elements={
0x000002064e61cb90, 0x0000020662940e10, 0x00000206629423b0, 0x0000020662946bf0,
0x0000020662947840, 0x0000020662948490, 0x000002066294aff0, 0x000002066294bd70,
0x00000206629bfaa0, 0x0000020662a1e1b0, 0x0000020663948840, 0x00000206680b7540,
0x0000020668179760, 0x00000206629958c0, 0x00000206629962f0, 0x000002066876c910,
0x0000020663addbd0, 0x0000020668945010, 0x00000206689442f0, 0x00000206689435d0,
0x0000020668944980, 0x00000206689463c0, 0x0000020668946a50, 0x0000020668945d30,
0x0000020669a57fb0, 0x0000020669a5a710, 0x0000020669a5d500, 0x0000020669a5ada0,
0x0000020669a5ce70, 0x0000020669a59360, 0x0000020669a5b430, 0x0000020669a58cd0,
0x0000020669a57920, 0x0000020669a57290, 0x0000020669a58640, 0x0000020669a5a080,
0x0000020669a5c150, 0x0000020668862aa0, 0x00000206688637c0, 0x0000020668862410,
0x00000206688644e0, 0x000002066b272650, 0x00000206629d7eb0, 0x000002066b276e80,
0x000002066b273a00
}

Java Threads: ( => current thread )
  0x000002064e61cb90 JavaThread "main"                              [_thread_blocked, id=4364, stack(0x000000f37a900000,0x000000f37aa00000) (1024K)]
  0x0000020662940e10 JavaThread "Reference Handler"          daemon [_thread_blocked, id=10616, stack(0x000000f37ad00000,0x000000f37ae00000) (1024K)]
  0x00000206629423b0 JavaThread "Finalizer"                  daemon [_thread_blocked, id=12064, stack(0x000000f37ae00000,0x000000f37af00000) (1024K)]
  0x0000020662946bf0 JavaThread "Signal Dispatcher"          daemon [_thread_blocked, id=10512, stack(0x000000f37af00000,0x000000f37b000000) (1024K)]
  0x0000020662947840 JavaThread "Attach Listener"            daemon [_thread_blocked, id=3460, stack(0x000000f37b000000,0x000000f37b100000) (1024K)]
  0x0000020662948490 JavaThread "Service Thread"             daemon [_thread_blocked, id=6040, stack(0x000000f37b100000,0x000000f37b200000) (1024K)]
  0x000002066294aff0 JavaThread "Monitor Deflation Thread"   daemon [_thread_blocked, id=12528, stack(0x000000f37b200000,0x000000f37b300000) (1024K)]
  0x000002066294bd70 JavaThread "C2 CompilerThread0"         daemon [_thread_blocked, id=4740, stack(0x000000f37b300000,0x000000f37b400000) (1024K)]
  0x00000206629bfaa0 JavaThread "C1 CompilerThread0"         daemon [_thread_blocked, id=1420, stack(0x000000f37b400000,0x000000f37b500000) (1024K)]
  0x0000020662a1e1b0 JavaThread "Common-Cleaner"             daemon [_thread_blocked, id=6172, stack(0x000000f37b500000,0x000000f37b600000) (1024K)]
  0x0000020663948840 JavaThread "Notification Thread"        daemon [_thread_blocked, id=8548, stack(0x000000f37b600000,0x000000f37b700000) (1024K)]
  0x00000206680b7540 JavaThread "Active Thread: Equinox Container: 2171b3e3-7f0a-4522-a259-166c5d34c34f"        [_thread_blocked, id=8556, stack(0x000000f37ba00000,0x000000f37bb00000) (1024K)]
  0x0000020668179760 JavaThread "Refresh Thread: Equinox Container: 2171b3e3-7f0a-4522-a259-166c5d34c34f" daemon [_thread_blocked, id=10400, stack(0x000000f37bb00000,0x000000f37bc00000) (1024K)]
  0x00000206629958c0 JavaThread "Framework Event Dispatcher: Equinox Container: 2171b3e3-7f0a-4522-a259-166c5d34c34f" daemon [_thread_blocked, id=8512, stack(0x000000f37bc00000,0x000000f37bd00000) (1024K)]
  0x00000206629962f0 JavaThread "Start Level: Equinox Container: 2171b3e3-7f0a-4522-a259-166c5d34c34f" daemon [_thread_blocked, id=4396, stack(0x000000f37bd00000,0x000000f37be00000) (1024K)]
  0x000002066876c910 JavaThread "Bundle File Closer"         daemon [_thread_blocked, id=9252, stack(0x000000f37be00000,0x000000f37bf00000) (1024K)]
  0x0000020663addbd0 JavaThread "SCR Component Actor"        daemon [_thread_blocked, id=8804, stack(0x000000f37bf00000,0x000000f37c000000) (1024K)]
  0x0000020668945010 JavaThread "Worker-JM"                         [_thread_blocked, id=12532, stack(0x000000f37c100000,0x000000f37c200000) (1024K)]
  0x00000206689442f0 JavaThread "JNA Cleaner"                daemon [_thread_blocked, id=13040, stack(0x000000f37c200000,0x000000f37c300000) (1024K)]
  0x00000206689435d0 JavaThread "Worker-0"                          [_thread_blocked, id=4200, stack(0x000000f37c300000,0x000000f37c400000) (1024K)]
  0x0000020668944980 JavaThread "Worker-1"                          [_thread_blocked, id=12024, stack(0x000000f37c400000,0x000000f37c500000) (1024K)]
  0x00000206689463c0 JavaThread "Worker-2"                          [_thread_blocked, id=2908, stack(0x000000f37c500000,0x000000f37c600000) (1024K)]
  0x0000020668946a50 JavaThread "Worker-3"                          [_thread_blocked, id=8896, stack(0x000000f37c600000,0x000000f37c700000) (1024K)]
  0x0000020668945d30 JavaThread "Java indexing"              daemon [_thread_blocked, id=6184, stack(0x000000f37c000000,0x000000f37c100000) (1024K)]
  0x0000020669a57fb0 JavaThread "Thread-2"                   daemon [_thread_in_native, id=2476, stack(0x000000f37cb00000,0x000000f37cc00000) (1024K)]
  0x0000020669a5a710 JavaThread "Thread-3"                   daemon [_thread_in_native, id=8028, stack(0x000000f37cc00000,0x000000f37cd00000) (1024K)]
  0x0000020669a5d500 JavaThread "Thread-4"                   daemon [_thread_in_native, id=3192, stack(0x000000f37cd00000,0x000000f37ce00000) (1024K)]
  0x0000020669a5ada0 JavaThread "Thread-5"                   daemon [_thread_in_native, id=13060, stack(0x000000f37ce00000,0x000000f37cf00000) (1024K)]
  0x0000020669a5ce70 JavaThread "Thread-6"                   daemon [_thread_in_native, id=988, stack(0x000000f37cf00000,0x000000f37d000000) (1024K)]
  0x0000020669a59360 JavaThread "pool-2-thread-1"                   [_thread_blocked, id=10784, stack(0x000000f37d000000,0x000000f37d100000) (1024K)]
  0x0000020669a5b430 JavaThread "WorkspaceEventsHandler"            [_thread_blocked, id=12808, stack(0x000000f37d100000,0x000000f37d200000) (1024K)]
  0x0000020669a58cd0 JavaThread "pool-1-thread-1"                   [_thread_blocked, id=12616, stack(0x000000f37d200000,0x000000f37d300000) (1024K)]
  0x0000020669a57920 JavaThread "LocalFile Deleter"          daemon [_thread_blocked, id=1192, stack(0x000000f37d400000,0x000000f37d500000) (1024K)]
  0x0000020669a57290 JavaThread "LocalFile Deleter"          daemon [_thread_blocked, id=2416, stack(0x000000f37d500000,0x000000f37d600000) (1024K)]
  0x0000020669a58640 JavaThread "LocalFile Deleter"          daemon [_thread_blocked, id=8648, stack(0x000000f37d700000,0x000000f37d800000) (1024K)]
  0x0000020669a5a080 JavaThread "Compiler Source File Reader" daemon [_thread_blocked, id=10684, stack(0x000000f37a800000,0x000000f37a900000) (1024K)]
  0x0000020669a5c150 JavaThread "Compiler Source File Reader" daemon [_thread_blocked, id=7632, stack(0x000000f37d800000,0x000000f37d900000) (1024K)]
  0x0000020668862aa0 JavaThread "ForkJoinPool.commonPool-worker-1" daemon [_thread_blocked, id=1792, stack(0x000000f37d900000,0x000000f37da00000) (1024K)]
  0x00000206688637c0 JavaThread "ForkJoinPool.commonPool-worker-2" daemon [_thread_blocked, id=10488, stack(0x000000f37da00000,0x000000f37db00000) (1024K)]
  0x0000020668862410 JavaThread "Compiler Class File Writer" daemon [_thread_blocked, id=13172, stack(0x000000f37dd00000,0x000000f37de00000) (1024K)]
  0x00000206688644e0 JavaThread "Compiler Class File Writer" daemon [_thread_blocked, id=6688, stack(0x000000f37de00000,0x000000f37df00000) (1024K)]
  0x000002066b272650 JavaThread "Cleaner-0"                  daemon [_thread_blocked, id=8572, stack(0x000000f37df00000,0x000000f37e000000) (1024K)]
=>0x00000206629d7eb0 JavaThread "C2 CompilerThread1"         daemon [_thread_in_native, id=9532, stack(0x000000f37a700000,0x000000f37a800000) (1024K)]
  0x000002066b276e80 
[error occurred during error reporting (printing all threads), id 0xc0000005, EXCEPTION_ACCESS_VIOLATION (0xc0000005) at pc=0x00007ff8919d2be0]
VM state: at safepoint (normal execution)

VM Mutex/Monitor currently owned by a thread:  ([mutex/lock_event])
[0x00007ff89253e380] Threads_lock - owner thread: 0x0000020662925ff0
[0x00007ff89253e480] Heap_lock - owner thread: 0x000002066b273a00

Heap address: 0x00000000c0000000, size: 1024 MB, Compressed Oops mode: 32-bit

CDS archive(s) mapped at: [0x0000020600000000-0x0000020600ba0000-0x0000020600ba0000), size 12189696, SharedBaseAddress: 0x0000020600000000, ArchiveRelocationMode: 1.
Compressed class space mapped at: 0x0000020601000000-0x0000020641000000, reserved size: 1073741824
Narrow klass base: 0x0000020600000000, Narrow klass shift: 0, Narrow klass range: 0x100000000

GC Precious Log:
 CardTable entry size: 512
 CPUs: 4 total, 4 available
 Memory: 3977M
 Large Page Support: Disabled
 NUMA Support: Disabled
 Compressed Oops: Enabled (32-bit)
 Alignments: Space 512K, Generation 512K, Heap 2M
 Heap Min Capacity: 100M
 Heap Initial Capacity: 100M
 Heap Max Capacity: 1G
 Pre-touch: Disabled
 Parallel Workers: 4

Heap:
 PSYoungGen      total 7168K, used 7136K [0x00000000eab00000, 0x00000000eb600000, 0x0000000100000000)
  eden space 4096K, 100% used [0x00000000eab00000,0x00000000eaf00000,0x00000000eaf00000)
  from space 3072K, 98% used [0x00000000eaf00000,0x00000000eb1f8000,0x00000000eb200000)
  to   space 3584K, 77% used [0x00000000eb280000,0x00000000eb538000,0x00000000eb600000)
 ParOldGen       total 674304K, used 674296K [0x00000000c0000000, 0x00000000e9280000, 0x00000000eab00000)
  object space 674304K, 99% used [0x00000000c0000000,0x00000000e927e2c0,0x00000000e9280000)
 Metaspace       used 74014K, committed 75520K, reserved 1179648K
  class space    used 7417K, committed 8064K, reserved 1048576K

Card table byte_map: [0x000002064dfe0000,0x000002064e1f0000] _byte_map_base: 0x000002064d9e0000

Marking Bits: (ParMarkBitMap*) 0x00007ff892543260
 Begin Bits: [0x0000020660820000, 0x0000020661820000)
 End Bits:   [0x0000020661820000, 0x0000020662820000)

Polling page: 0x000002064c620000

Metaspace:

Usage:
  Non-class:     65.04 MB used.
      Class:      7.24 MB used.
       Both:     72.28 MB used.

Virtual space:
  Non-class space:      128.00 MB reserved,      65.88 MB ( 51%) committed,  2 nodes.
      Class space:        1.00 GB reserved,       7.88 MB ( <1%) committed,  1 nodes.
             Both:        1.12 GB reserved,      73.75 MB (  6%) committed. 

Chunk freelists:
   Non-Class:  13.97 MB
       Class:  8.17 MB
        Both:  22.14 MB

MaxMetaspaceSize: unlimited
CompressedClassSpaceSize: 1.00 GB
Initial GC threshold: 21.00 MB
Current GC threshold: 120.94 MB
CDS: on
 - commit_granule_bytes: 65536.
 - commit_granule_words: 8192.
 - virtual_space_node_default_size: 8388608.
 - enlarge_chunks_in_place: 1.
 - use_allocation_guard: 0.


Internal statistics:

num_allocs_failed_limit: 13.
num_arena_births: 1280.
num_arena_deaths: 14.
num_vsnodes_births: 3.
num_vsnodes_deaths: 0.
num_space_committed: 1180.
num_space_uncommitted: 0.
num_chunks_returned_to_freelist: 27.
num_chunks_taken_from_freelist: 4649.
num_chunk_merges: 19.
num_chunk_splits: 2842.
num_chunks_enlarged: 1580.
num_inconsistent_stats: 0.

CodeHeap 'non-profiled nmethods': size=120000Kb used=9866Kb max_used=12742Kb free=110133Kb
 bounds [0x00000206592f0000, 0x0000020659f70000, 0x0000020660820000]
CodeHeap 'profiled nmethods': size=120000Kb used=26569Kb max_used=33940Kb free=93430Kb
 bounds [0x0000020651820000, 0x00000206539b0000, 0x0000020658d50000]
CodeHeap 'non-nmethods': size=5760Kb used=1499Kb max_used=1621Kb free=4260Kb
 bounds [0x0000020658d50000, 0x0000020658fc0000, 0x00000206592f0000]
 total_blobs=12526 nmethods=11704 adapters=727
 compilation: enabled
              stopped_count=0, restarted_count=0
 full_count=0

Compilation events (20 events):
Event: 228.885 Thread 0x00000206629d7eb0 nmethod 14958 0x0000020659f50790 code [0x0000020659f50920, 0x0000020659f50ae8]
Event: 228.885 Thread 0x00000206629d7eb0 14944       4       org.eclipse.jdt.internal.compiler.lookup.ReferenceBinding::computeId (3060 bytes)
Event: 228.907 Thread 0x00000206629bfaa0 14963       3       org.eclipse.jdt.internal.core.NameLookup::findPackageFragementRoots (50 bytes)
Event: 228.908 Thread 0x00000206629bfaa0 nmethod 14963 0x00000206522d1d90 code [0x00000206522d1f80, 0x00000206522d2690]
Event: 228.921 Thread 0x00000206629bfaa0 14964       3       org.eclipse.jdt.internal.core.JavaElementRequestor::acceptModule (28 bytes)
Event: 228.923 Thread 0x00000206629bfaa0 nmethod 14964 0x0000020652575510 code [0x0000020652575720, 0x0000020652575e28]
Event: 229.062 Thread 0x00000206629d7eb0 nmethod 14944 0x0000020659f50c90 code [0x0000020659f510e0, 0x0000020659f55c20]
Event: 229.063 Thread 0x00000206629d7eb0 14965       4       org.eclipse.jdt.internal.compiler.lookup.ModuleBinding::getOrCreateDeclaredPackage (136 bytes)
Event: 229.190 Thread 0x00000206629bfaa0 14968       3       org.eclipse.jdt.internal.compiler.lookup.ModuleBinding$$Lambda/0x0000020601704458::get (8 bytes)
Event: 229.192 Thread 0x00000206629bfaa0 nmethod 14968 0x000002065247d190 code [0x000002065247d420, 0x000002065247e1a0]
Event: 229.192 Thread 0x00000206629bfaa0 14969       3       org.eclipse.jdt.internal.compiler.lookup.ModuleBinding::lambda$6 (29 bytes)
Event: 229.194 Thread 0x00000206629bfaa0 nmethod 14969 0x00000206524dab90 code [0x00000206524dae20, 0x00000206524dba70]
Event: 229.194 Thread 0x00000206629bfaa0 14970       3       java.util.stream.ReferencePipeline::collect (11 bytes)
Event: 229.195 Thread 0x00000206629bfaa0 nmethod 14970 0x00000206522d1910 code [0x00000206522d1ac0, 0x00000206522d1c48]
Event: 229.305 Thread 0x000002066294bd70 nmethod 14918 0x0000020659f56310 code [0x0000020659f56b20, 0x0000020659f5ca78]
Event: 229.308 Thread 0x00000206629bfaa0 14972       3       org.eclipse.jdt.internal.compiler.lookup.ReferenceBinding::isNonSealed (15 bytes)
Event: 229.308 Thread 0x00000206629bfaa0 nmethod 14972 0x000002065247cb10 code [0x000002065247ccc0, 0x000002065247ce38]
Event: 229.311 Thread 0x000002066294bd70 14973   !   4       org.eclipse.jdt.internal.compiler.parser.Scanner::getNextToken0 (3094 bytes)
Event: 229.348 Thread 0x00000206629bfaa0 14974       1       org.eclipse.jdt.internal.core.ImportContainer::getElementType (3 bytes)
Event: 229.348 Thread 0x00000206629bfaa0 nmethod 14974 0x0000020659f61690 code [0x0000020659f61820, 0x0000020659f618e8]

GC Heap History (20 events):
Event: 227.845 GC heap after
{Heap after GC invocations=1465 (full 4):
 PSYoungGen      total 5632K, used 704K [0x00000000eab00000, 0x00000000eb380000, 0x0000000100000000)
  eden space 4096K, 0% used [0x00000000eab00000,0x00000000eab00000,0x00000000eaf00000)
  from space 1536K, 45% used [0x00000000eb080000,0x00000000eb130000,0x00000000eb200000)
  to   space 1024K, 0% used [0x00000000eb280000,0x00000000eb280000,0x00000000eb380000)
 ParOldGen       total 634368K, used 633983K [0x00000000c0000000, 0x00000000e6b80000, 0x00000000eab00000)
  object space 634368K, 99% used [0x00000000c0000000,0x00000000e6b1fdc0,0x00000000e6b80000)
 Metaspace       used 73901K, committed 75392K, reserved 1179648K
  class space    used 7412K, committed 8064K, reserved 1048576K
}
Event: 228.123 GC heap before
{Heap before GC invocations=1466 (full 4):
 PSYoungGen      total 5632K, used 4799K [0x00000000eab00000, 0x00000000eb380000, 0x0000000100000000)
  eden space 4096K, 99% used [0x00000000eab00000,0x00000000eaeffff0,0x00000000eaf00000)
  from space 1536K, 45% used [0x00000000eb080000,0x00000000eb130000,0x00000000eb200000)
  to   space 1024K, 0% used [0x00000000eb280000,0x00000000eb280000,0x00000000eb380000)
 ParOldGen       total 656896K, used 656002K [0x00000000c0000000, 0x00000000e8180000, 0x00000000eab00000)
  object space 656896K, 99% used [0x00000000c0000000,0x00000000e80a0900,0x00000000e8180000)
 Metaspace       used 73941K, committed 75456K, reserved 1179648K
  class space    used 7415K, committed 8064K, reserved 1048576K
}
Event: 228.135 GC heap after
{Heap after GC invocations=1466 (full 4):
 PSYoungGen      total 5120K, used 1024K [0x00000000eab00000, 0x00000000eb400000, 0x0000000100000000)
  eden space 4096K, 0% used [0x00000000eab00000,0x00000000eab00000,0x00000000eaf00000)
  from space 1024K, 100% used [0x00000000eb280000,0x00000000eb380000,0x00000000eb380000)
  to   space 2560K, 0% used [0x00000000eaf00000,0x00000000eaf00000,0x00000000eb180000)
 ParOldGen       total 657408K, used 656960K [0x00000000c0000000, 0x00000000e8200000, 0x00000000eab00000)
  object space 657408K, 99% used [0x00000000c0000000,0x00000000e81901f0,0x00000000e8200000)
 Metaspace       used 73941K, committed 75456K, reserved 1179648K
  class space    used 7415K, committed 8064K, reserved 1048576K
}
Event: 228.330 GC heap before
{Heap before GC invocations=1467 (full 4):
 PSYoungGen      total 5120K, used 5119K [0x00000000eab00000, 0x00000000eb400000, 0x0000000100000000)
  eden space 4096K, 99% used [0x00000000eab00000,0x00000000eaeffff8,0x00000000eaf00000)
  from space 1024K, 100% used [0x00000000eb280000,0x00000000eb380000,0x00000000eb380000)
  to   space 2560K, 0% used [0x00000000eaf00000,0x00000000eaf00000,0x00000000eb180000)
 ParOldGen       total 657408K, used 656960K [0x00000000c0000000, 0x00000000e8200000, 0x00000000eab00000)
  object space 657408K, 99% used [0x00000000c0000000,0x00000000e81901f0,0x00000000e8200000)
 Metaspace       used 73968K, committed 75456K, reserved 1179648K
  class space    used 7417K, committed 8064K, reserved 1048576K
}
Event: 228.341 GC heap after
{Heap after GC invocations=1467 (full 4):
 PSYoungGen      total 6656K, used 2080K [0x00000000eab00000, 0x00000000eb400000, 0x0000000100000000)
  eden space 4096K, 0% used [0x00000000eab00000,0x00000000eab00000,0x00000000eaf00000)
  from space 2560K, 81% used [0x00000000eaf00000,0x00000000eb108000,0x00000000eb180000)
  to   space 2560K, 0% used [0x00000000eb180000,0x00000000eb180000,0x00000000eb400000)
 ParOldGen       total 658432K, used 657992K [0x00000000c0000000, 0x00000000e8300000, 0x00000000eab00000)
  object space 658432K, 99% used [0x00000000c0000000,0x00000000e82921f0,0x00000000e8300000)
 Metaspace       used 73968K, committed 75456K, reserved 1179648K
  class space    used 7417K, committed 8064K, reserved 1048576K
}
Event: 228.485 GC heap before
{Heap before GC invocations=1468 (full 4):
 PSYoungGen      total 6656K, used 6176K [0x00000000eab00000, 0x00000000eb400000, 0x0000000100000000)
  eden space 4096K, 100% used [0x00000000eab00000,0x00000000eaf00000,0x00000000eaf00000)
  from space 2560K, 81% used [0x00000000eaf00000,0x00000000eb108000,0x00000000eb180000)
  to   space 2560K, 0% used [0x00000000eb180000,0x00000000eb180000,0x00000000eb400000)
 ParOldGen       total 658432K, used 657992K [0x00000000c0000000, 0x00000000e8300000, 0x00000000eab00000)
  object space 658432K, 99% used [0x00000000c0000000,0x00000000e82921f0,0x00000000e8300000)
 Metaspace       used 73989K, committed 75520K, reserved 1179648K
  class space    used 7417K, committed 8064K, reserved 1048576K
}
Event: 228.496 GC heap after
{Heap after GC invocations=1468 (full 4):
 PSYoungGen      total 6144K, used 2016K [0x00000000eab00000, 0x00000000eb380000, 0x0000000100000000)
  eden space 4096K, 0% used [0x00000000eab00000,0x00000000eab00000,0x00000000eaf00000)
  from space 2048K, 98% used [0x00000000eb180000,0x00000000eb378000,0x00000000eb380000)
  to   space 2048K, 0% used [0x00000000eaf80000,0x00000000eaf80000,0x00000000eb180000)
 ParOldGen       total 660480K, used 660033K [0x00000000c0000000, 0x00000000e8500000, 0x00000000eab00000)
  object space 660480K, 99% used [0x00000000c0000000,0x00000000e84906a8,0x00000000e8500000)
 Metaspace       used 73989K, committed 75520K, reserved 1179648K
  class space    used 7417K, committed 8064K, reserved 1048576K
}
Event: 228.544 GC heap before
{Heap before GC invocations=1469 (full 4):
 PSYoungGen      total 6144K, used 6112K [0x00000000eab00000, 0x00000000eb380000, 0x0000000100000000)
  eden space 4096K, 100% used [0x00000000eab00000,0x00000000eaf00000,0x00000000eaf00000)
  from space 2048K, 98% used [0x00000000eb180000,0x00000000eb378000,0x00000000eb380000)
  to   space 2048K, 0% used [0x00000000eaf80000,0x00000000eaf80000,0x00000000eb180000)
 ParOldGen       total 660480K, used 660033K [0x00000000c0000000, 0x00000000e8500000, 0x00000000eab00000)
  object space 660480K, 99% used [0x00000000c0000000,0x00000000e84906a8,0x00000000e8500000)
 Metaspace       used 73992K, committed 75520K, reserved 1179648K
  class space    used 7417K, committed 8064K, reserved 1048576K
}
Event: 228.559 GC heap after
{Heap after GC invocations=1469 (full 4):
 PSYoungGen      total 6144K, used 2048K [0x00000000eab00000, 0x00000000eb800000, 0x0000000100000000)
  eden space 4096K, 0% used [0x00000000eab00000,0x00000000eab00000,0x00000000eaf00000)
  from space 2048K, 100% used [0x00000000eaf80000,0x00000000eb180000,0x00000000eb180000)
  to   space 4608K, 0% used [0x00000000eb380000,0x00000000eb380000,0x00000000eb800000)
 ParOldGen       total 662528K, used 662127K [0x00000000c0000000, 0x00000000e8700000, 0x00000000eab00000)
  object space 662528K, 99% used [0x00000000c0000000,0x00000000e869bc60,0x00000000e8700000)
 Metaspace       used 73992K, committed 75520K, reserved 1179648K
  class space    used 7417K, committed 8064K, reserved 1048576K
}
Event: 228.669 GC heap before
{Heap before GC invocations=1470 (full 4):
 PSYoungGen      total 6144K, used 6144K [0x00000000eab00000, 0x00000000eb800000, 0x0000000100000000)
  eden space 4096K, 100% used [0x00000000eab00000,0x00000000eaf00000,0x00000000eaf00000)
  from space 2048K, 100% used [0x00000000eaf80000,0x00000000eb180000,0x00000000eb180000)
  to   space 4608K, 0% used [0x00000000eb380000,0x00000000eb380000,0x00000000eb800000)
 ParOldGen       total 662528K, used 662127K [0x00000000c0000000, 0x00000000e8700000, 0x00000000eab00000)
  object space 662528K, 99% used [0x00000000c0000000,0x00000000e869bc60,0x00000000e8700000)
 Metaspace       used 73992K, committed 75520K, reserved 1179648K
  class space    used 7417K, committed 8064K, reserved 1048576K
}
Event: 228.685 GC heap after
{Heap after GC invocations=1470 (full 4):
 PSYoungGen      total 6656K, used 2560K [0x00000000eab00000, 0x00000000eb600000, 0x0000000100000000)
  eden space 4096K, 0% used [0x00000000eab00000,0x00000000eab00000,0x00000000eaf00000)
  from space 2560K, 100% used [0x00000000eb380000,0x00000000eb600000,0x00000000eb600000)
  to   space 3584K, 0% used [0x00000000eaf00000,0x00000000eaf00000,0x00000000eb280000)
 ParOldGen       total 664576K, used 664159K [0x00000000c0000000, 0x00000000e8900000, 0x00000000eab00000)
  object space 664576K, 99% used [0x00000000c0000000,0x00000000e8897c60,0x00000000e8900000)
 Metaspace       used 73992K, committed 75520K, reserved 1179648K
  class space    used 7417K, committed 8064K, reserved 1048576K
}
Event: 228.732 GC heap before
{Heap before GC invocations=1471 (full 4):
 PSYoungGen      total 6656K, used 6656K [0x00000000eab00000, 0x00000000eb600000, 0x0000000100000000)
  eden space 4096K, 100% used [0x00000000eab00000,0x00000000eaf00000,0x00000000eaf00000)
  from space 2560K, 100% used [0x00000000eb380000,0x00000000eb600000,0x00000000eb600000)
  to   space 3584K, 0% used [0x00000000eaf00000,0x00000000eaf00000,0x00000000eb280000)
 ParOldGen       total 664576K, used 664159K [0x00000000c0000000, 0x00000000e8900000, 0x00000000eab00000)
  object space 664576K, 99% used [0x00000000c0000000,0x00000000e8897c60,0x00000000e8900000)
 Metaspace       used 74011K, committed 75520K, reserved 1179648K
  class space    used 7417K, committed 8064K, reserved 1048576K
}
Event: 228.753 GC heap after
{Heap after GC invocations=1471 (full 4):
 PSYoungGen      total 7168K, used 2976K [0x00000000eab00000, 0x00000000eb500000, 0x0000000100000000)
  eden space 4096K, 0% used [0x00000000eab00000,0x00000000eab00000,0x00000000eaf00000)
  from space 3072K, 96% used [0x00000000eaf00000,0x00000000eb1e8020,0x00000000eb200000)
  to   space 3072K, 0% used [0x00000000eb200000,0x00000000eb200000,0x00000000eb500000)
 ParOldGen       total 667136K, used 666638K [0x00000000c0000000, 0x00000000e8b80000, 0x00000000eab00000)
  object space 667136K, 99% used [0x00000000c0000000,0x00000000e8b03898,0x00000000e8b80000)
 Metaspace       used 74011K, committed 75520K, reserved 1179648K
  class space    used 7417K, committed 8064K, reserved 1048576K
}
Event: 229.222 GC heap before
{Heap before GC invocations=1472 (full 4):
 PSYoungGen      total 7168K, used 7072K [0x00000000eab00000, 0x00000000eb500000, 0x0000000100000000)
  eden space 4096K, 100% used [0x00000000eab00000,0x00000000eaf00000,0x00000000eaf00000)
  from space 3072K, 96% used [0x00000000eaf00000,0x00000000eb1e8020,0x00000000eb200000)
  to   space 3072K, 0% used [0x00000000eb200000,0x00000000eb200000,0x00000000eb500000)
 ParOldGen       total 667136K, used 666638K [0x00000000c0000000, 0x00000000e8b80000, 0x00000000eab00000)
  object space 667136K, 99% used [0x00000000c0000000,0x00000000e8b03898,0x00000000e8b80000)
 Metaspace       used 74014K, committed 75520K, reserved 1179648K
  class space    used 7417K, committed 8064K, reserved 1048576K
}
Event: 229.239 GC heap after
{Heap after GC invocations=1472 (full 4):
 PSYoungGen      total 7168K, used 2560K [0x00000000eab00000, 0x00000000eb500000, 0x0000000100000000)
  eden space 4096K, 0% used [0x00000000eab00000,0x00000000eab00000,0x00000000eaf00000)
  from space 3072K, 83% used [0x00000000eb200000,0x00000000eb480000,0x00000000eb500000)
  to   space 3072K, 0% used [0x00000000eaf00000,0x00000000eaf00000,0x00000000eb200000)
 ParOldGen       total 669696K, used 669427K [0x00000000c0000000, 0x00000000e8e00000, 0x00000000eab00000)
  object space 669696K, 99% used [0x00000000c0000000,0x00000000e8dbce30,0x00000000e8e00000)
 Metaspace       used 74014K, committed 75520K, reserved 1179648K
  class space    used 7417K, committed 8064K, reserved 1048576K
}
Event: 229.326 GC heap before
{Heap before GC invocations=1473 (full 4):
 PSYoungGen      total 7168K, used 6656K [0x00000000eab00000, 0x00000000eb500000, 0x0000000100000000)
  eden space 4096K, 100% used [0x00000000eab00000,0x00000000eaf00000,0x00000000eaf00000)
  from space 3072K, 83% used [0x00000000eb200000,0x00000000eb480000,0x00000000eb500000)
  to   space 3072K, 0% used [0x00000000eaf00000,0x00000000eaf00000,0x00000000eb200000)
 ParOldGen       total 669696K, used 669427K [0x00000000c0000000, 0x00000000e8e00000, 0x00000000eab00000)
  object space 669696K, 99% used [0x00000000c0000000,0x00000000e8dbce30,0x00000000e8e00000)
 Metaspace       used 74014K, committed 75520K, reserved 1179648K
  class space    used 7417K, committed 8064K, reserved 1048576K
}
Event: 229.339 GC heap after
{Heap after GC invocations=1473 (full 4):
 PSYoungGen      total 7168K, used 3040K [0x00000000eab00000, 0x00000000eb600000, 0x0000000100000000)
  eden space 4096K, 0% used [0x00000000eab00000,0x00000000eab00000,0x00000000eaf00000)
  from space 3072K, 98% used [0x00000000eaf00000,0x00000000eb1f8000,0x00000000eb200000)
  to   space 3584K, 0% used [0x00000000eb280000,0x00000000eb280000,0x00000000eb600000)
 ParOldGen       total 672256K, used 671928K [0x00000000c0000000, 0x00000000e9080000, 0x00000000eab00000)
  object space 672256K, 99% used [0x00000000c0000000,0x00000000e902e2c0,0x00000000e9080000)
 Metaspace       used 74014K, committed 75520K, reserved 1179648K
  class space    used 7417K, committed 8064K, reserved 1048576K
}
Event: 229.389 GC heap before
{Heap before GC invocations=1474 (full 4):
 PSYoungGen      total 7168K, used 7136K [0x00000000eab00000, 0x00000000eb600000, 0x0000000100000000)
  eden space 4096K, 100% used [0x00000000eab00000,0x00000000eaf00000,0x00000000eaf00000)
  from space 3072K, 98% used [0x00000000eaf00000,0x00000000eb1f8000,0x00000000eb200000)
  to   space 3584K, 0% used [0x00000000eb280000,0x00000000eb280000,0x00000000eb600000)
 ParOldGen       total 672256K, used 671928K [0x00000000c0000000, 0x00000000e9080000, 0x00000000eab00000)
  object space 672256K, 99% used [0x00000000c0000000,0x00000000e902e2c0,0x00000000e9080000)
 Metaspace       used 74014K, committed 75520K, reserved 1179648K
  class space    used 7417K, committed 8064K, reserved 1048576K
}
Event: 229.409 GC heap after
{Heap after GC invocations=1474 (full 4):
 PSYoungGen      total 7168K, used 7136K [0x00000000eab00000, 0x00000000eb600000, 0x0000000100000000)
  eden space 4096K, 100% used [0x00000000eab00000,0x00000000eaf00000,0x00000000eaf00000)
  from space 3072K, 98% used [0x00000000eaf00000,0x00000000eb1f8000,0x00000000eb200000)
  to   space 3584K, 77% used [0x00000000eb280000,0x00000000eb538000,0x00000000eb600000)
 ParOldGen       total 674304K, used 674296K [0x00000000c0000000, 0x00000000e9280000, 0x00000000eab00000)
  object space 674304K, 99% used [0x00000000c0000000,0x00000000e927e2c0,0x00000000e9280000)
 Metaspace       used 74014K, committed 75520K, reserved 1179648K
  class space    used 7417K, committed 8064K, reserved 1048576K
}
Event: 229.409 GC heap before
{Heap before GC invocations=1475 (full 5):
 PSYoungGen      total 7168K, used 7136K [0x00000000eab00000, 0x00000000eb600000, 0x0000000100000000)
  eden space 4096K, 100% used [0x00000000eab00000,0x00000000eaf00000,0x00000000eaf00000)
  from space 3072K, 98% used [0x00000000eaf00000,0x00000000eb1f8000,0x00000000eb200000)
  to   space 3584K, 77% used [0x00000000eb280000,0x00000000eb538000,0x00000000eb600000)
 ParOldGen       total 674304K, used 674296K [0x00000000c0000000, 0x00000000e9280000, 0x00000000eab00000)
  object space 674304K, 99% used [0x00000000c0000000,0x00000000e927e2c0,0x00000000e9280000)
 Metaspace       used 74014K, committed 75520K, reserved 1179648K
  class space    used 7417K, committed 8064K, reserved 1048576K
}

Dll operation events (12 events):
Event: 0.192 Loaded shared library c:\Users\ADMIN\.vscode\extensions\redhat.java-1.41.1-win32-x64\jre\21.0.6-win32-x86_64\bin\java.dll
Event: 0.980 Loaded shared library c:\Users\ADMIN\.vscode\extensions\redhat.java-1.41.1-win32-x64\jre\21.0.6-win32-x86_64\bin\zip.dll
Event: 1.217 Loaded shared library C:\Users\ADMIN\.vscode\extensions\redhat.java-1.41.1-win32-x64\jre\21.0.6-win32-x86_64\bin\instrument.dll
Event: 1.239 Loaded shared library C:\Users\ADMIN\.vscode\extensions\redhat.java-1.41.1-win32-x64\jre\21.0.6-win32-x86_64\bin\net.dll
Event: 1.245 Loaded shared library C:\Users\ADMIN\.vscode\extensions\redhat.java-1.41.1-win32-x64\jre\21.0.6-win32-x86_64\bin\nio.dll
Event: 1.259 Loaded shared library C:\Users\ADMIN\.vscode\extensions\redhat.java-1.41.1-win32-x64\jre\21.0.6-win32-x86_64\bin\zip.dll
Event: 1.519 Loaded shared library C:\Users\ADMIN\.vscode\extensions\redhat.java-1.41.1-win32-x64\jre\21.0.6-win32-x86_64\bin\jimage.dll
Event: 2.718 Loaded shared library c:\Users\ADMIN\.vscode\extensions\redhat.java-1.41.1-win32-x64\jre\21.0.6-win32-x86_64\bin\verify.dll
Event: 14.701 Loaded shared library C:\Users\ADMIN\AppData\Roaming\Code\User\globalStorage\redhat.java\1.41.1\config_win\org.eclipse.equinox.launcher\org.eclipse.equinox.launcher.win32.win32.x86_64_1.2.1300.v20250331-1702\eclipse_11911.dll
Event: 25.307 Loaded shared library C:\Users\ADMIN\AppData\Local\Temp\jna-62130991\jna16748666204210190888.dll
Event: 58.285 Loaded shared library C:\Users\ADMIN\.vscode\extensions\redhat.java-1.41.1-win32-x64\jre\21.0.6-win32-x86_64\bin\sunmscapi.dll
Event: 58.644 Loaded shared library C:\Users\ADMIN\.vscode\extensions\redhat.java-1.41.1-win32-x64\jre\21.0.6-win32-x86_64\bin\extnet.dll

Deoptimization events (20 events):
Event: 228.434 Thread 0x00000206688637c0 DEOPT PACKING pc=0x0000020659f3dcd8 sp=0x000000f37dafd960
Event: 228.435 Thread 0x00000206688637c0 DEOPT UNPACKING pc=0x0000020658da3aa2 sp=0x000000f37dafd870 mode 2
Event: 228.442 Thread 0x00000206688637c0 Uncommon trap: trap_request=0xffffffbe fr.pc=0x0000020659f3dcd8 relative=0x0000000000001eb8
Event: 228.442 Thread 0x00000206688637c0 Uncommon trap: reason=profile_predicate action=maybe_recompile pc=0x0000020659f3dcd8 method=java.util.ImmutableCollections$MapN.probe(Ljava/lang/Object;)I @ 25 c2
Event: 228.442 Thread 0x00000206688637c0 DEOPT PACKING pc=0x0000020659f3dcd8 sp=0x000000f37dafd960
Event: 228.442 Thread 0x00000206688637c0 DEOPT UNPACKING pc=0x0000020658da3aa2 sp=0x000000f37dafd870 mode 2
Event: 228.443 Thread 0x00000206688637c0 Uncommon trap: trap_request=0xffffffbe fr.pc=0x0000020659f3dcd8 relative=0x0000000000001eb8
Event: 228.443 Thread 0x00000206688637c0 Uncommon trap: reason=profile_predicate action=maybe_recompile pc=0x0000020659f3dcd8 method=java.util.ImmutableCollections$MapN.probe(Ljava/lang/Object;)I @ 25 c2
Event: 228.443 Thread 0x00000206688637c0 DEOPT PACKING pc=0x0000020659f3dcd8 sp=0x000000f37dafd960
Event: 228.443 Thread 0x00000206688637c0 DEOPT UNPACKING pc=0x0000020658da3aa2 sp=0x000000f37dafd870 mode 2
Event: 228.443 Thread 0x00000206688637c0 Uncommon trap: trap_request=0xffffffbe fr.pc=0x0000020659f3dcd8 relative=0x0000000000001eb8
Event: 228.443 Thread 0x00000206688637c0 Uncommon trap: reason=profile_predicate action=maybe_recompile pc=0x0000020659f3dcd8 method=java.util.ImmutableCollections$MapN.probe(Ljava/lang/Object;)I @ 25 c2
Event: 228.443 Thread 0x00000206688637c0 DEOPT PACKING pc=0x0000020659f3dcd8 sp=0x000000f37dafd960
Event: 228.444 Thread 0x00000206688637c0 DEOPT UNPACKING pc=0x0000020658da3aa2 sp=0x000000f37dafd870 mode 2
Event: 228.690 Thread 0x000002066b276e80 Uncommon trap: trap_request=0xffffffde fr.pc=0x0000020659877098 relative=0x0000000000000078
Event: 228.690 Thread 0x000002066b276e80 Uncommon trap: reason=class_check action=maybe_recompile pc=0x0000020659877098 method=java.util.LinkedHashMap.afterNodeInsertion(Z)V @ 15 c2
Event: 228.690 Thread 0x000002066b276e80 DEOPT PACKING pc=0x0000020659877098 sp=0x000000f37c7feb40
Event: 228.690 Thread 0x000002066b276e80 DEOPT UNPACKING pc=0x0000020658da3aa2 sp=0x000000f37c7feab8 mode 2
Event: 228.720 Thread 0x00000206688637c0 DEOPT PACKING pc=0x00000206537be8b5 sp=0x000000f37dafe070
Event: 228.720 Thread 0x00000206688637c0 DEOPT UNPACKING pc=0x0000020658da4242 sp=0x000000f37dafd580 mode 0

Classes loaded (20 events):
Event: 166.709 Loading class java/util/stream/ReduceOps$1ReducingSink
Event: 166.709 Loading class java/util/stream/ReduceOps$1ReducingSink done
Event: 221.460 Loading class java/nio/file/attribute/PosixFileAttributes
Event: 221.475 Loading class java/nio/file/attribute/PosixFileAttributes done
Event: 221.521 Loading class java/nio/file/attribute/PosixFileAttributeView
Event: 221.522 Loading class java/nio/file/attribute/PosixFileAttributeView done
Event: 221.792 Loading class java/nio/file/DirectoryIteratorException
Event: 221.798 Loading class java/nio/file/DirectoryIteratorException done
Event: 222.063 Loading class java/nio/file/FileTreeIterator
Event: 222.066 Loading class java/nio/file/FileTreeIterator done
Event: 226.054 Loading class jdk/internal/event/SecurityPropertyModificationEvent
Event: 226.066 Loading class jdk/internal/event/SecurityPropertyModificationEvent done
Event: 226.685 Loading class java/util/zip/CheckedInputStream
Event: 226.701 Loading class java/util/zip/CheckedInputStream done
Event: 227.513 Loading class java/util/LinkedList$LLSpliterator
Event: 227.516 Loading class java/util/LinkedList$LLSpliterator done
Event: 227.761 Loading class javax/xml/transform/TransformerConfigurationException
Event: 227.764 Loading class javax/xml/transform/TransformerConfigurationException done
Event: 227.910 Loading class java/util/zip/GZIPInputStream$1
Event: 227.911 Loading class java/util/zip/GZIPInputStream$1 done

Classes unloaded (7 events):
Event: 30.898 Thread 0x0000020662925ff0 Unloading class 0x0000020601194400 'java/lang/invoke/LambdaForm$MH+0x0000020601194400'
Event: 30.898 Thread 0x0000020662925ff0 Unloading class 0x0000020601194000 'java/lang/invoke/LambdaForm$MH+0x0000020601194000'
Event: 30.898 Thread 0x0000020662925ff0 Unloading class 0x0000020601193c00 'java/lang/invoke/LambdaForm$MH+0x0000020601193c00'
Event: 30.898 Thread 0x0000020662925ff0 Unloading class 0x0000020601193800 'java/lang/invoke/LambdaForm$MH+0x0000020601193800'
Event: 30.898 Thread 0x0000020662925ff0 Unloading class 0x0000020601193400 'java/lang/invoke/LambdaForm$BMH+0x0000020601193400'
Event: 30.898 Thread 0x0000020662925ff0 Unloading class 0x0000020601193000 'java/lang/invoke/LambdaForm$DMH+0x0000020601193000'
Event: 30.898 Thread 0x0000020662925ff0 Unloading class 0x0000020601191c00 'java/lang/invoke/LambdaForm$DMH+0x0000020601191c00'

Classes redefined (0 events):
No events

Internal exceptions (20 events):
Event: 165.475 Thread 0x0000020669a56570 Exception <a 'sun/nio/fs/WindowsException'{0x00000000eab32e38}> (0x00000000eab32e38) 
thrown [s\src\hotspot\share\prims\jni.cpp, line 520]
Event: 166.146 Thread 0x00000206689463c0 Exception <a 'sun/nio/fs/WindowsException'{0x00000000eac91528}> (0x00000000eac91528) 
thrown [s\src\hotspot\share\prims\jni.cpp, line 520]
Event: 166.147 Thread 0x00000206689463c0 Exception <a 'sun/nio/fs/WindowsException'{0x00000000eac91c38}> (0x00000000eac91c38) 
thrown [s\src\hotspot\share\prims\jni.cpp, line 520]
Event: 166.520 Thread 0x0000020668946a50 Exception <a 'sun/nio/fs/WindowsException'{0x00000000eace2530}> (0x00000000eace2530) 
thrown [s\src\hotspot\share\prims\jni.cpp, line 520]
Event: 166.520 Thread 0x0000020668946a50 Exception <a 'sun/nio/fs/WindowsException'{0x00000000eace2da0}> (0x00000000eace2da0) 
thrown [s\src\hotspot\share\prims\jni.cpp, line 520]
Event: 184.991 Thread 0x0000020668945d30 Exception <a 'sun/nio/fs/WindowsException'{0x00000000eabb1260}> (0x00000000eabb1260) 
thrown [s\src\hotspot\share\prims\jni.cpp, line 520]
Event: 186.731 Thread 0x0000020668945d30 Exception <a 'sun/nio/fs/WindowsException'{0x00000000eab85ea8}> (0x00000000eab85ea8) 
thrown [s\src\hotspot\share\prims\jni.cpp, line 520]
Event: 220.988 Thread 0x0000020668945d30 Exception <a 'sun/nio/fs/WindowsException'{0x00000000eac66888}> (0x00000000eac66888) 
thrown [s\src\hotspot\share\prims\jni.cpp, line 520]
Event: 221.262 Thread 0x0000020668945d30 Implicit null exception at 0x0000020659e4799b to 0x0000020659e4a0d8
Event: 221.302 Thread 0x0000020668945d30 Implicit null exception at 0x0000020659ea1e30 to 0x0000020659ea2da8
Event: 225.783 Thread 0x0000020668945d30 Exception <a 'sun/nio/fs/WindowsException'{0x00000000eabe0f18}> (0x00000000eabe0f18) 
thrown [s\src\hotspot\share\prims\jni.cpp, line 520]
Event: 225.801 Thread 0x0000020668945d30 Exception <a 'sun/nio/fs/WindowsException'{0x00000000eac0fc08}> (0x00000000eac0fc08) 
thrown [s\src\hotspot\share\prims\jni.cpp, line 520]
Event: 225.981 Thread 0x0000020669a58cd0 Exception <a 'java/lang/IncompatibleClassChangeError'{0x00000000ead26c78}: Found class java.lang.Object, but interface was expected> (0x00000000ead26c78) 
thrown [s\src\hotspot\share\interpreter\linkResolver.cpp, line 840]
Event: 226.333 Thread 0x0000020668862aa0 Exception <a 'java/lang/ArrayIndexOutOfBoundsException'{0x00000000eab818d0}: Index 6853 out of bounds for length 6852> (0x00000000eab818d0) 
thrown [s\src\hotspot\share\interpreter\interpreterRuntime.cpp, line 439]
Event: 226.693 Thread 0x0000020668862aa0 Exception <a 'sun/nio/fs/WindowsException'{0x00000000eaceaec0}> (0x00000000eaceaec0) 
thrown [s\src\hotspot\share\prims\jni.cpp, line 520]
Event: 226.702 Thread 0x0000020668862aa0 Exception <a 'sun/nio/fs/WindowsException'{0x00000000eaceb7a0}> (0x00000000eaceb7a0) 
thrown [s\src\hotspot\share\prims\jni.cpp, line 520]
Event: 226.703 Thread 0x0000020668862aa0 Exception <a 'sun/nio/fs/WindowsException'{0x00000000eacec4e8}> (0x00000000eacec4e8) 
thrown [s\src\hotspot\share\prims\jni.cpp, line 520]
Event: 226.704 Thread 0x0000020668862aa0 Exception <a 'sun/nio/fs/WindowsException'{0x00000000eacecdc8}> (0x00000000eacecdc8) 
thrown [s\src\hotspot\share\prims\jni.cpp, line 520]
Event: 226.729 Thread 0x0000020668862aa0 Exception <a 'sun/nio/fs/WindowsException'{0x00000000eabf06f8}> (0x00000000eabf06f8) 
thrown [s\src\hotspot\share\prims\jni.cpp, line 520]
Event: 226.730 Thread 0x0000020668862aa0 Exception <a 'sun/nio/fs/WindowsException'{0x00000000eabf0fd8}> (0x00000000eabf0fd8) 
thrown [s\src\hotspot\share\prims\jni.cpp, line 520]

ZGC Phase Switch (0 events):
No events

VM Operations (20 events):
Event: 227.845 Executing VM operation: ParallelGCFailedAllocation (Allocation Failure) done
Event: 228.119 Executing VM operation: ParallelGCFailedAllocation (Allocation Failure)
Event: 228.135 Executing VM operation: ParallelGCFailedAllocation (Allocation Failure) done
Event: 228.166 Executing VM operation: HandshakeAllThreads (Deoptimize)
Event: 228.218 Executing VM operation: HandshakeAllThreads (Deoptimize) done
Event: 228.313 Executing VM operation: ParallelGCFailedAllocation (Allocation Failure)
Event: 228.342 Executing VM operation: ParallelGCFailedAllocation (Allocation Failure) done
Event: 228.466 Executing VM operation: ParallelGCFailedAllocation (Allocation Failure)
Event: 228.496 Executing VM operation: ParallelGCFailedAllocation (Allocation Failure) done
Event: 228.543 Executing VM operation: ParallelGCFailedAllocation (Allocation Failure)
Event: 228.559 Executing VM operation: ParallelGCFailedAllocation (Allocation Failure) done
Event: 228.645 Executing VM operation: ParallelGCFailedAllocation (Allocation Failure)
Event: 228.685 Executing VM operation: ParallelGCFailedAllocation (Allocation Failure) done
Event: 228.732 Executing VM operation: ParallelGCFailedAllocation (Allocation Failure)
Event: 228.753 Executing VM operation: ParallelGCFailedAllocation (Allocation Failure) done
Event: 229.222 Executing VM operation: ParallelGCFailedAllocation (Allocation Failure)
Event: 229.239 Executing VM operation: ParallelGCFailedAllocation (Allocation Failure) done
Event: 229.316 Executing VM operation: ParallelGCFailedAllocation (Allocation Failure)
Event: 229.339 Executing VM operation: ParallelGCFailedAllocation (Allocation Failure) done
Event: 229.369 Executing VM operation: ParallelGCFailedAllocation (Allocation Failure)

Memory protections (0 events):
No events

Nmethod flushes (20 events):
Event: 206.073 Thread 0x0000020662925ff0 flushing  nmethod 0x0000020652751410
Event: 206.073 Thread 0x0000020662925ff0 flushing  nmethod 0x0000020652756d10
Event: 206.073 Thread 0x0000020662925ff0 flushing  nmethod 0x0000020652769790
Event: 206.073 Thread 0x0000020662925ff0 flushing  nmethod 0x0000020652791210
Event: 206.073 Thread 0x0000020662925ff0 flushing  nmethod 0x00000206527a5090
Event: 206.073 Thread 0x0000020662925ff0 flushing  nmethod 0x00000206527b6690
Event: 206.073 Thread 0x0000020662925ff0 flushing  nmethod 0x00000206527b7a90
Event: 206.073 Thread 0x0000020662925ff0 flushing  nmethod 0x00000206527b9690
Event: 206.073 Thread 0x0000020662925ff0 flushing  nmethod 0x00000206527bc310
Event: 206.073 Thread 0x0000020662925ff0 flushing  nmethod 0x00000206527d0a90
Event: 206.073 Thread 0x0000020662925ff0 flushing  nmethod 0x00000206527ef610
Event: 206.073 Thread 0x0000020662925ff0 flushing  nmethod 0x00000206527f0d90
Event: 206.073 Thread 0x0000020662925ff0 flushing  nmethod 0x00000206527fab10
Event: 206.073 Thread 0x0000020662925ff0 flushing  nmethod 0x000002065282e110
Event: 206.073 Thread 0x0000020662925ff0 flushing  nmethod 0x0000020652836890
Event: 206.073 Thread 0x0000020662925ff0 flushing  nmethod 0x000002065284bc10
Event: 206.073 Thread 0x0000020662925ff0 flushing  nmethod 0x000002065285ce10
Event: 206.073 Thread 0x0000020662925ff0 flushing  nmethod 0x0000020652915910
Event: 206.073 Thread 0x0000020662925ff0 flushing  nmethod 0x000002065293d710
Event: 206.073 Thread 0x0000020662925ff0 flushing  nmethod 0x0000020652955e10

Events (20 events):
Event: 121.713 Thread 0x0000020669a58cd0 Thread added: 0x00000206688637c0
Event: 122.595 Thread 0x0000020669a58cd0 Thread added: 0x0000020668865890
Event: 128.386 Thread 0x00000206629bfaa0 Thread added: 0x000002067ccd39a0
Event: 132.665 Thread 0x000002067ccd39a0 Thread exited: 0x000002067ccd39a0
Event: 132.810 Thread 0x00000206629bfaa0 Thread added: 0x000002067ccdb9c0
Event: 135.071 Thread 0x000002067ccdb9c0 Thread exited: 0x000002067ccdb9c0
Event: 135.935 Thread 0x00000206629bfaa0 Thread added: 0x000002066b883a10
Event: 136.394 Thread 0x00000206689435d0 Thread added: 0x0000020668863e50
Event: 136.813 Thread 0x00000206689435d0 Thread added: 0x0000020668862410
Event: 137.479 Thread 0x00000206689435d0 Thread added: 0x00000206688644e0
Event: 145.108 Thread 0x0000020668865890 Thread added: 0x000002066b272650
Event: 163.992 Thread 0x000002066b883a10 Thread exited: 0x000002066b883a10
Event: 186.734 Thread 0x0000020668943c60 Thread exited: 0x0000020668943c60
Event: 216.767 Thread 0x0000020668865890 Thread exited: 0x0000020668865890
Event: 221.355 Thread 0x000002066294bd70 Thread added: 0x00000206629d7eb0
Event: 225.486 Thread 0x0000020669a56570 Thread exited: 0x0000020669a56570
Event: 225.820 Thread 0x0000020669a58cd0 Thread added: 0x000002066b276e80
Event: 226.125 Thread 0x0000020668862aa0 Thread added: 0x000002066b273a00
Event: 226.280 Thread 0x0000020668863e50 Thread exited: 0x0000020668863e50
Event: 227.377 Thread 0x0000020669a5bac0 Thread exited: 0x0000020669a5bac0


Dynamic libraries:
0x00007ff603330000 - 0x00007ff60333e000 	c:\Users\ADMIN\.vscode\extensions\redhat.java-1.41.1-win32-x64\jre\21.0.6-win32-x86_64\bin\java.exe
0x00007ff8dee90000 - 0x00007ff8df085000 	C:\Windows\SYSTEM32\ntdll.dll
0x00007ff8debd0000 - 0x00007ff8dec8e000 	C:\Windows\System32\KERNEL32.DLL
0x00007ff8dc650000 - 0x00007ff8dc918000 	C:\Windows\System32\KERNELBASE.dll
0x00007ff8dcd00000 - 0x00007ff8dce00000 	C:\Windows\System32\ucrtbase.dll
0x00007ff8d7eb0000 - 0x00007ff8d7ec8000 	c:\Users\ADMIN\.vscode\extensions\redhat.java-1.41.1-win32-x64\jre\21.0.6-win32-x86_64\bin\jli.dll
0x00007ff8de820000 - 0x00007ff8de9c1000 	C:\Windows\System32\USER32.dll
0x00007ff8dcea0000 - 0x00007ff8dcec2000 	C:\Windows\System32\win32u.dll
0x00007ff8dced0000 - 0x00007ff8dcefb000 	C:\Windows\System32\GDI32.dll
0x00007ff8dc970000 - 0x00007ff8dca7d000 	C:\Windows\System32\gdi32full.dll
0x00007ff8dce00000 - 0x00007ff8dce9d000 	C:\Windows\System32\msvcp_win.dll
0x00007ff8d2ce0000 - 0x00007ff8d2cfe000 	c:\Users\ADMIN\.vscode\extensions\redhat.java-1.41.1-win32-x64\jre\21.0.6-win32-x86_64\bin\VCRUNTIME140.dll
0x00007ff8cdb60000 - 0x00007ff8cddfa000 	C:\Windows\WinSxS\amd64_microsoft.windows.common-controls_6595b64144ccf1df_6.0.19041.1110_none_60b5254171f9507e\COMCTL32.dll
0x00007ff8dec90000 - 0x00007ff8ded2e000 	C:\Windows\System32\msvcrt.dll
0x00007ff8de710000 - 0x00007ff8de740000 	C:\Windows\System32\IMM32.DLL
0x00007ff8d7f40000 - 0x00007ff8d7f4c000 	c:\Users\ADMIN\.vscode\extensions\redhat.java-1.41.1-win32-x64\jre\21.0.6-win32-x86_64\bin\vcruntime140_1.dll
0x00007ff8a4070000 - 0x00007ff8a40fd000 	c:\Users\ADMIN\.vscode\extensions\redhat.java-1.41.1-win32-x64\jre\21.0.6-win32-x86_64\bin\msvcp140.dll
0x00007ff891890000 - 0x00007ff892620000 	c:\Users\ADMIN\.vscode\extensions\redhat.java-1.41.1-win32-x64\jre\21.0.6-win32-x86_64\bin\server\jvm.dll
0x00007ff8de210000 - 0x00007ff8de2bc000 	C:\Windows\System32\ADVAPI32.dll
0x00007ff8dd7b0000 - 0x00007ff8dd84b000 	C:\Windows\System32\sechost.dll
0x00007ff8dea40000 - 0x00007ff8deb6a000 	C:\Windows\System32\RPCRT4.dll
0x00007ff8de9d0000 - 0x00007ff8dea3b000 	C:\Windows\System32\WS2_32.dll
0x00007ff8dc410000 - 0x00007ff8dc45b000 	C:\Windows\SYSTEM32\POWRPROF.dll
0x00007ff8d39e0000 - 0x00007ff8d3a07000 	C:\Windows\SYSTEM32\WINMM.dll
0x00007ff8ce030000 - 0x00007ff8ce03a000 	C:\Windows\SYSTEM32\VERSION.dll
0x00007ff8dc3f0000 - 0x00007ff8dc402000 	C:\Windows\SYSTEM32\UMPDC.dll
0x00007ff8dade0000 - 0x00007ff8dadf2000 	C:\Windows\SYSTEM32\kernel.appcore.dll
0x00007ff8d7e90000 - 0x00007ff8d7e9a000 	c:\Users\ADMIN\.vscode\extensions\redhat.java-1.41.1-win32-x64\jre\21.0.6-win32-x86_64\bin\jimage.dll
0x00007ff8cce10000 - 0x00007ff8ccff4000 	C:\Windows\SYSTEM32\DBGHELP.DLL
0x00007ff8cbb80000 - 0x00007ff8cbbac000 	C:\Windows\SYSTEM32\dbgcore.DLL
0x00007ff8dcb10000 - 0x00007ff8dcb92000 	C:\Windows\System32\bcryptPrimitives.dll
0x00007ff8d7010000 - 0x00007ff8d701f000 	c:\Users\ADMIN\.vscode\extensions\redhat.java-1.41.1-win32-x64\jre\21.0.6-win32-x86_64\bin\instrument.dll
0x00007ff8d2cc0000 - 0x00007ff8d2cdf000 	c:\Users\ADMIN\.vscode\extensions\redhat.java-1.41.1-win32-x64\jre\21.0.6-win32-x86_64\bin\java.dll
0x00007ff8dd900000 - 0x00007ff8de044000 	C:\Windows\System32\SHELL32.dll
0x00007ff8da560000 - 0x00007ff8dacf4000 	C:\Windows\SYSTEM32\windows.storage.dll
0x00007ff8de320000 - 0x00007ff8de675000 	C:\Windows\System32\combase.dll
0x00007ff8dbe40000 - 0x00007ff8dbe6e000 	C:\Windows\SYSTEM32\Wldp.dll
0x00007ff8dd850000 - 0x00007ff8dd8fd000 	C:\Windows\System32\SHCORE.dll
0x00007ff8de070000 - 0x00007ff8de0c5000 	C:\Windows\System32\shlwapi.dll
0x00007ff8dc4e0000 - 0x00007ff8dc4ff000 	C:\Windows\SYSTEM32\profapi.dll
0x00007ff8d2ca0000 - 0x00007ff8d2cb8000 	c:\Users\ADMIN\.vscode\extensions\redhat.java-1.41.1-win32-x64\jre\21.0.6-win32-x86_64\bin\zip.dll
0x00007ff8d6ca0000 - 0x00007ff8d6cb0000 	C:\Users\ADMIN\.vscode\extensions\redhat.java-1.41.1-win32-x64\jre\21.0.6-win32-x86_64\bin\net.dll
0x00007ff8d5ed0000 - 0x00007ff8d5fdc000 	C:\Windows\SYSTEM32\WINHTTP.dll
0x00007ff8dbc20000 - 0x00007ff8dbc8a000 	C:\Windows\system32\mswsock.dll
0x00007ff8cc2a0000 - 0x00007ff8cc2b6000 	C:\Users\ADMIN\.vscode\extensions\redhat.java-1.41.1-win32-x64\jre\21.0.6-win32-x86_64\bin\nio.dll
0x00007ff8d6050000 - 0x00007ff8d6060000 	c:\Users\ADMIN\.vscode\extensions\redhat.java-1.41.1-win32-x64\jre\21.0.6-win32-x86_64\bin\verify.dll
0x00007ff897370000 - 0x00007ff8973b5000 	C:\Users\ADMIN\AppData\Roaming\Code\User\globalStorage\redhat.java\1.41.1\config_win\org.eclipse.equinox.launcher\org.eclipse.equinox.launcher.win32.win32.x86_64_1.2.1300.v20250331-1702\eclipse_11911.dll
0x00007ff8dd430000 - 0x00007ff8dd55a000 	C:\Windows\System32\ole32.dll
0x00007ff8dc180000 - 0x00007ff8dc198000 	C:\Windows\SYSTEM32\CRYPTSP.dll
0x00007ff8db5c0000 - 0x00007ff8db5f4000 	C:\Windows\system32\rsaenh.dll
0x00007ff8dcae0000 - 0x00007ff8dcb07000 	C:\Windows\System32\bcrypt.dll
0x00007ff8dc4a0000 - 0x00007ff8dc4ce000 	C:\Windows\SYSTEM32\USERENV.dll
0x00007ff8dbdb0000 - 0x00007ff8dbdbc000 	C:\Windows\SYSTEM32\CRYPTBASE.dll
0x00007ff8db930000 - 0x00007ff8db96b000 	C:\Windows\SYSTEM32\IPHLPAPI.DLL
0x00007ff8de130000 - 0x00007ff8de138000 	C:\Windows\System32\NSI.dll
0x00007ff8c0b80000 - 0x00007ff8c0bc9000 	C:\Users\ADMIN\AppData\Local\Temp\jna-62130991\jna16748666204210190888.dll
0x00007ff8dd7a0000 - 0x00007ff8dd7a8000 	C:\Windows\System32\PSAPI.DLL
0x00007ff8d5920000 - 0x00007ff8d5937000 	C:\Windows\SYSTEM32\dhcpcsvc6.DLL
0x00007ff8d57b0000 - 0x00007ff8d57cd000 	C:\Windows\SYSTEM32\dhcpcsvc.DLL
0x00007ff8d5a50000 - 0x00007ff8d5a5e000 	C:\Users\ADMIN\.vscode\extensions\redhat.java-1.41.1-win32-x64\jre\21.0.6-win32-x86_64\bin\sunmscapi.dll
0x00007ff8dcba0000 - 0x00007ff8dccf6000 	C:\Windows\System32\CRYPT32.dll
0x00007ff8dbeb0000 - 0x00007ff8dbed7000 	C:\Windows\SYSTEM32\ncrypt.dll
0x00007ff8dbe70000 - 0x00007ff8dbeab000 	C:\Windows\SYSTEM32\NTASN1.dll
0x00007ff8db970000 - 0x00007ff8dba3b000 	C:\Windows\SYSTEM32\DNSAPI.dll
0x000000006bd20000 - 0x000000006bd46000 	C:\Program Files\Bonjour\mdnsNSP.dll
0x00007ff8d2360000 - 0x00007ff8d236a000 	C:\Windows\System32\rasadhlp.dll
0x00007ff8d2430000 - 0x00007ff8d24af000 	C:\Windows\System32\fwpuclnt.dll
0x00007ff8d59e0000 - 0x00007ff8d59e9000 	C:\Users\ADMIN\.vscode\extensions\redhat.java-1.41.1-win32-x64\jre\21.0.6-win32-x86_64\bin\extnet.dll
0x00007ff8db250000 - 0x00007ff8db283000 	C:\Windows\SYSTEM32\ntmarta.dll

dbghelp: loaded successfully - version: 4.0.5 - missing functions: none
symbol engine: initialized successfully - sym options: 0x614 - pdb path: .;c:\Users\ADMIN\.vscode\extensions\redhat.java-1.41.1-win32-x64\jre\21.0.6-win32-x86_64\bin;C:\Windows\SYSTEM32;C:\Windows\WinSxS\amd64_microsoft.windows.common-controls_6595b64144ccf1df_6.0.19041.1110_none_60b5254171f9507e;c:\Users\ADMIN\.vscode\extensions\redhat.java-1.41.1-win32-x64\jre\21.0.6-win32-x86_64\bin\server;C:\Users\ADMIN\AppData\Roaming\Code\User\globalStorage\redhat.java\1.41.1\config_win\org.eclipse.equinox.launcher\org.eclipse.equinox.launcher.win32.win32.x86_64_1.2.1300.v20250331-1702;C:\Users\ADMIN\AppData\Local\Temp\jna-62130991;C:\Program Files\Bonjour

VM Arguments:
jvm_args: --add-modules=ALL-SYSTEM --add-opens=java.base/java.util=ALL-UNNAMED --add-opens=java.base/java.lang=ALL-UNNAMED --add-opens=java.base/sun.nio.fs=ALL-UNNAMED -Declipse.application=org.eclipse.jdt.ls.core.id1 -Dosgi.bundles.defaultStartLevel=4 -Declipse.product=org.eclipse.jdt.ls.core.product -Djava.import.generatesMetadataFilesAtProjectRoot=false -DDetectVMInstallationsJob.disabled=true -Dfile.encoding=utf8 -XX:+UseParallelGC -XX:GCTimeRatio=4 -XX:AdaptiveSizePolicyWeight=90 -Dsun.zip.disableMemoryMapping=true -Xmx1G -Xms100m -Xlog:disable -javaagent:c:\Users\ADMIN\.vscode\extensions\redhat.java-1.41.1-win32-x64\lombok\lombok-1.18.36.jar -XX:+HeapDumpOnOutOfMemoryError -XX:HeapDumpPath=c:\Users\ADMIN\AppData\Roaming\Code\User\workspaceStorage\b1a5b6c4fe46a89c5908816380b53891\redhat.java -Daether.dependencyCollector.impl=bf 
java_command: c:\Users\ADMIN\.vscode\extensions\redhat.java-1.41.1-win32-x64\server\plugins\org.eclipse.equinox.launcher_1.7.0.v20250331-1702.jar -configuration c:\Users\ADMIN\AppData\Roaming\Code\User\globalStorage\redhat.java\1.41.1\config_win -data c:\Users\ADMIN\AppData\Roaming\Code\User\workspaceStorage\b1a5b6c4fe46a89c5908816380b53891\redhat.java\jdt_ws --pipe=\\.\pipe\lsp-705c59ab75903f93ab45c01af988f1e5-sock
java_class_path (initial): c:\Users\ADMIN\.vscode\extensions\redhat.java-1.41.1-win32-x64\server\plugins\org.eclipse.equinox.launcher_1.7.0.v20250331-1702.jar
Launcher Type: SUN_STANDARD

[Global flags]
    uintx AdaptiveSizePolicyWeight                 = 90                                        {product} {command line}
     intx CICompilerCount                          = 3                                         {product} {ergonomic}
    uintx GCTimeRatio                              = 4                                         {product} {command line}
     bool HeapDumpOnOutOfMemoryError               = true                                   {manageable} {command line}
    ccstr HeapDumpPath                             = c:\Users\ADMIN\AppData\Roaming\Code\User\workspaceStorage\b1a5b6c4fe46a89c5908816380b53891\redhat.java         {manageable} {command line}
   size_t InitialHeapSize                          = 104857600                                 {product} {command line}
   size_t MaxHeapSize                              = 1073741824                                {product} {command line}
   size_t MaxNewSize                               = 357564416                                 {product} {ergonomic}
   size_t MinHeapDeltaBytes                        = 524288                                    {product} {ergonomic}
   size_t MinHeapSize                              = 104857600                                 {product} {command line}
   size_t NewSize                                  = 34603008                                  {product} {ergonomic}
    uintx NonNMethodCodeHeapSize                   = 5832780                                {pd product} {ergonomic}
    uintx NonProfiledCodeHeapSize                  = 122912730                              {pd product} {ergonomic}
   size_t OldSize                                  = 70254592                                  {product} {ergonomic}
    uintx ProfiledCodeHeapSize                     = 122912730                              {pd product} {ergonomic}
    uintx ReservedCodeCacheSize                    = 251658240                              {pd product} {ergonomic}
     bool SegmentedCodeCache                       = true                                      {product} {ergonomic}
   size_t SoftMaxHeapSize                          = 1073741824                             {manageable} {ergonomic}
     bool UseCompressedOops                        = true                           {product lp64_product} {ergonomic}
     bool UseLargePagesIndividualAllocation        = false                                  {pd product} {ergonomic}
     bool UseParallelGC                            = true                                      {product} {command line}

Logging:
Log output configuration:
 #0: stdout all=off uptime,level,tags foldmultilines=false
 #1: stderr all=off uptime,level,tags foldmultilines=false

Environment Variables:
JAVA_HOME=C:\Program Files\Eclipse Adoptium\jdk-21.0.3.9-hotspot\
PATH=C:\Program Files\Common Files\Oracle\Java\javapath;C:\Program Files\Eclipse Adoptium\jdk-21.0.3.9-hotspot\bin;C:\Program Files (x86)\Common Files\Oracle\Java\javapath;C:\Program Files\Microsoft\jdk-11.0.16.101-hotspot\bin;C:\Windows\system32;C:\Windows;C:\Windows\System32\Wbem;C:\Windows\System32\WindowsPowerShell\v1.0\;C:\Windows\System32\OpenSSH\;C:\Program Files (x86)\Intel\OpenCL SDK\2.0\bin\x86;C:\Program Files (x86)\Intel\OpenCL SDK\2.0\bin\x64;C:\Program Files\dotnet\;C:\Program Files\Java\jdk-22\bin;C:\Program Files (x86)\Microsoft SQL Server\160\Tools\Binn\;C:\Program Files\Microsoft SQL Server\160\Tools\Binn\;C:\Program Files\Microsoft SQL Server\Client SDK\ODBC\170\Tools\Binn\;C:\Program Files\Microsoft SQL Server\160\DTS\Binn\;D:\Git\cmd;D:\WEB2\exe;C:\msys64\mingw64\bin;C:\Users\ADMIN\AppData\Local\Microsoft\WindowsApps;C:\Users\ADMIN\.dotnet\tools;C:\Users\ADMIN\Downloads\winlibs-x86_64-posix-seh-gcc-12.1.0-mingw-w64msvcrt-10.0.0-r3\mingw64\bin;C:\Users\ADMIN\AppData\Local\Programs\Microsoft VS Code\bin
USERNAME=ADMIN
OS=Windows_NT
PROCESSOR_IDENTIFIER=Intel64 Family 6 Model 42 Stepping 7, GenuineIntel
TMP=C:\Users\ADMIN\AppData\Local\Temp
TEMP=C:\Users\ADMIN\AppData\Local\Temp




Periodic native trim disabled

---------------  S Y S T E M  ---------------

OS:
 Windows 10 , 64 bit Build 19041 (10.0.19041.1348)
OS uptime: 1 days 6:33 hours
Hyper-V role detected

CPU: total 4 (initial active 4) (2 cores per cpu, 2 threads per core) family 6 model 42 stepping 7 microcode 0x2f, cx8, cmov, fxsr, ht, mmx, sse, sse2, sse3, ssse3, sse4.1, sse4.2, popcnt, tsc, tscinvbit, avx, aes, clmul, vzeroupper, clflush, hv, rdtscp
Processor Information for the first 4 processors :
  Max Mhz: 2301, Current Mhz: 1600, Mhz Limit: 1587

Memory: 4k page, system-wide physical 3977M (421M free)
TotalPageFile size 7578M (AvailPageFile size 9M)
current process WorkingSet (physical memory assigned to process): 1101M, peak: 1101M
current process commit charge ("private bytes"): 958M, peak: 978M

vm_info: OpenJDK 64-Bit Server VM (21.0.6+7-LTS) for windows-amd64 JRE (21.0.6+7-LTS), built on 2025-01-21T00:00:00Z by "admin" with MS VC++ 17.7 (VS2022)

END.
