#
# There is insufficient memory for the Java Runtime Environment to continue.
# Native memory allocation (malloc) failed to allocate 1616656 bytes. Error detail: Chunk::new
# Possible reasons:
#   The system is out of physical RAM or swap space
#   This process is running with CompressedOops enabled, and the Java Heap may be blocking the growth of the native heap
# Possible solutions:
#   Reduce memory load on the system
#   Increase physical memory or swap space
#   Check if swap backing store is full
#   Decrease Java heap size (-Xmx/-Xms)
#   Decrease number of Java threads
#   Decrease Java thread stack sizes (-Xss)
#   Set larger code cache with -XX:ReservedCodeCacheSize=
#   JVM is running with Unscaled Compressed Oops mode in which the Java heap is
#     placed in the first 4GB address space. The Java Heap base address is the
#     maximum limit for the native heap growth. Please use -XX:HeapBaseMinAddress
#     to set the Java Heap base and to place the Java Heap above 4GB virtual address.
# This output file may be truncated or incomplete.
#
#  Out of Memory Error (arena.cpp:168), pid=9516, tid=13052
#
# JRE version: OpenJDK Runtime Environment Temurin-21.0.6+7 (21.0.6+7) (build 21.0.6+7-LTS)
# Java VM: OpenJDK 64-Bit Server VM Temurin-21.0.6+7 (21.0.6+7-LTS, mixed mode, sharing, tiered, compressed oops, compressed class ptrs, parallel gc, windows-amd64)
# No core dump will be written. Minidumps are not enabled by default on client versions of Windows
#

---------------  S U M M A R Y ------------

Command Line: --add-modules=ALL-SYSTEM --add-opens=java.base/java.util=ALL-UNNAMED --add-opens=java.base/java.lang=ALL-UNNAMED --add-opens=java.base/sun.nio.fs=ALL-UNNAMED -Declipse.application=org.eclipse.jdt.ls.core.id1 -Dosgi.bundles.defaultStartLevel=4 -Declipse.product=org.eclipse.jdt.ls.core.product -Djava.import.generatesMetadataFilesAtProjectRoot=false -DDetectVMInstallationsJob.disabled=true -Dfile.encoding=utf8 -XX:+UseParallelGC -XX:GCTimeRatio=4 -XX:AdaptiveSizePolicyWeight=90 -Dsun.zip.disableMemoryMapping=true -Xmx1G -Xms100m -Xlog:disable -javaagent:c:\Users\ADMIN\.vscode\extensions\redhat.java-1.41.1-win32-x64\lombok\lombok-1.18.36.jar -XX:+HeapDumpOnOutOfMemoryError -XX:HeapDumpPath=c:\Users\ADMIN\AppData\Roaming\Code\User\workspaceStorage\b1a5b6c4fe46a89c5908816380b53891\redhat.java -Daether.dependencyCollector.impl=bf c:\Users\ADMIN\.vscode\extensions\redhat.java-1.41.1-win32-x64\server\plugins\org.eclipse.equinox.launcher_1.7.0.v20250331-1702.jar -configuration c:\Users\ADMIN\AppData\Roaming\Code\User\globalStorage\redhat.java\1.41.1\config_win -data c:\Users\ADMIN\AppData\Roaming\Code\User\workspaceStorage\b1a5b6c4fe46a89c5908816380b53891\redhat.java\jdt_ws --pipe=\\.\pipe\lsp-253d0f1022768d6515c96d6647359c7f-sock

Host: Intel(R) Core(TM) i5-2410M CPU @ 2.30GHz, 4 cores, 3G,  Windows 10 , 64 bit Build 19041 (10.0.19041.1348)
Time: Tue Apr 15 08:54:59 2025 SE Asia Standard Time elapsed time: 171.957509 seconds (0d 0h 2m 51s)

---------------  T H R E A D  ---------------

Current thread (0x0000017ba3a2ab10):  JavaThread "C2 CompilerThread1" daemon [_thread_in_native, id=13052, stack(0x000000068a200000,0x000000068a300000) (1024K)]


Current CompileTask:
C2:171957 14546   !   4       lombok.core.FieldAugment$ReflectionFieldAugment::get (61 bytes)

Stack: [0x000000068a200000,0x000000068a300000]
Native frames: (J=compiled Java code, j=interpreted, Vv=VM code, C=native code)
V  [jvm.dll+0x6cdee9]
V  [jvm.dll+0x8a83d1]
V  [jvm.dll+0x8aa8fe]
V  [jvm.dll+0x8aafe3]
V  [jvm.dll+0x27f706]
V  [jvm.dll+0xc500d]
V  [jvm.dll+0xc5543]
V  [jvm.dll+0x3b6752]
V  [jvm.dll+0x382935]
V  [jvm.dll+0x381d9a]
V  [jvm.dll+0x2479f0]
V  [jvm.dll+0x246fcf]
V  [jvm.dll+0x1c75ee]
V  [jvm.dll+0x25685a]
V  [jvm.dll+0x254dfa]
V  [jvm.dll+0x3f0256]
V  [jvm.dll+0x851f8b]
V  [jvm.dll+0x6cc5ed]
C  [ucrtbase.dll+0x21bb2]
C  [KERNEL32.DLL+0x17034]
C  [ntdll.dll+0x52651]


---------------  P R O C E S S  ---------------

Threads class SMR info:
_java_thread_list=0x0000017ba3adf420, length=44, elements={
0x0000017b3b53cb90, 0x0000017b4f8603e0, 0x0000017b4f861980, 0x0000017b4f8661c0,
0x0000017b4f866fc0, 0x0000017b4f86bdd0, 0x0000017b4f87c310, 0x0000017b4f8a1310,
0x0000017b4f8a2000, 0x0000017b3b603b90, 0x0000017b91914a80, 0x0000017b96728c40,
0x0000017b9651bba0, 0x0000017b9664f670, 0x0000017b966ce6f0, 0x0000017b96b29540,
0x0000017b968394b0, 0x0000017b967eeb00, 0x0000017b967eca30, 0x0000017b967ef190,
0x0000017b967ebd10, 0x0000017b985f0440, 0x0000017b985f4c70, 0x0000017b985f1e80,
0x0000017b985ef090, 0x0000017b985edce0, 0x0000017b985f5300, 0x0000017b985f2510,
0x0000017b985f17f0, 0x0000017b985ee370, 0x0000017b985f0ad0, 0x0000017b985eea00,
0x0000017b985efdb0, 0x0000017b985ef720, 0x0000017b9966ba20, 0x0000017b9966eea0,
0x0000017b99668c30, 0x0000017b9966e180, 0x0000017b99669fe0, 0x0000017b9966ad00,
0x0000017b9966cdd0, 0x0000017b98a8f1d0, 0x0000017b98a8c3e0, 0x0000017ba3a2ab10
}

Java Threads: ( => current thread )
  0x0000017b3b53cb90 JavaThread "main"                              [_thread_blocked, id=12636, stack(0x0000000688a00000,0x0000000688b00000) (1024K)]
  0x0000017b4f8603e0 JavaThread "Reference Handler"          daemon [_thread_blocked, id=12372, stack(0x0000000688f00000,0x0000000689000000) (1024K)]
  0x0000017b4f861980 JavaThread "Finalizer"                  daemon [_thread_blocked, id=10208, stack(0x0000000689000000,0x0000000689100000) (1024K)]
  0x0000017b4f8661c0 JavaThread "Signal Dispatcher"          daemon [_thread_blocked, id=11648, stack(0x0000000689100000,0x0000000689200000) (1024K)]
  0x0000017b4f866fc0 JavaThread "Attach Listener"            daemon [_thread_blocked, id=5908, stack(0x0000000689200000,0x0000000689300000) (1024K)]
  0x0000017b4f86bdd0 JavaThread "Service Thread"             daemon [_thread_blocked, id=2868, stack(0x0000000689300000,0x0000000689400000) (1024K)]
  0x0000017b4f87c310 JavaThread "Monitor Deflation Thread"   daemon [_thread_blocked, id=6716, stack(0x0000000689400000,0x0000000689500000) (1024K)]
  0x0000017b4f8a1310 JavaThread "C2 CompilerThread0"         daemon [_thread_in_native, id=10524, stack(0x0000000689500000,0x0000000689600000) (1024K)]
  0x0000017b4f8a2000 JavaThread "C1 CompilerThread0"         daemon [_thread_blocked, id=11804, stack(0x0000000689600000,0x0000000689700000) (1024K)]
  0x0000017b3b603b90 JavaThread "Common-Cleaner"             daemon [_thread_blocked, id=5804, stack(0x0000000689700000,0x0000000689800000) (1024K)]
  0x0000017b91914a80 JavaThread "Notification Thread"        daemon [_thread_blocked, id=9372, stack(0x0000000689800000,0x0000000689900000) (1024K)]
  0x0000017b96728c40 JavaThread "Active Thread: Equinox Container: e2fcd480-7789-428f-8c28-923227601f43"        [_thread_blocked, id=12684, stack(0x0000000689d00000,0x0000000689e00000) (1024K)]
  0x0000017b9651bba0 JavaThread "Refresh Thread: Equinox Container: e2fcd480-7789-428f-8c28-923227601f43" daemon [_thread_blocked, id=12384, stack(0x0000000689e00000,0x0000000689f00000) (1024K)]
  0x0000017b9664f670 JavaThread "Framework Event Dispatcher: Equinox Container: e2fcd480-7789-428f-8c28-923227601f43" daemon [_thread_blocked, id=12380, stack(0x0000000689f00000,0x000000068a000000) (1024K)]
  0x0000017b966ce6f0 JavaThread "Start Level: Equinox Container: e2fcd480-7789-428f-8c28-923227601f43" daemon [_thread_blocked, id=11296, stack(0x000000068a000000,0x000000068a100000) (1024K)]
  0x0000017b96b29540 JavaThread "Bundle File Closer"         daemon [_thread_blocked, id=6224, stack(0x000000068a100000,0x000000068a200000) (1024K)]
  0x0000017b968394b0 JavaThread "SCR Component Actor"        daemon [_thread_blocked, id=12456, stack(0x0000000689900000,0x0000000689a00000) (1024K)]
  0x0000017b967eeb00 JavaThread "Worker-JM"                         [_thread_blocked, id=7992, stack(0x000000068a400000,0x000000068a500000) (1024K)]
  0x0000017b967eca30 JavaThread "JNA Cleaner"                daemon [_thread_blocked, id=12428, stack(0x000000068a500000,0x000000068a600000) (1024K)]
  0x0000017b967ef190 JavaThread "Worker-2"                          [_thread_blocked, id=1788, stack(0x000000068a800000,0x000000068a900000) (1024K)]
  0x0000017b967ebd10 JavaThread "Java indexing"              daemon [_thread_blocked, id=13228, stack(0x000000068aa00000,0x000000068ab00000) (1024K)]
  0x0000017b985f0440 JavaThread "Worker-5"                          [_thread_blocked, id=4572, stack(0x000000068ae00000,0x000000068af00000) (1024K)]
  0x0000017b985f4c70 JavaThread "Thread-2"                   daemon [_thread_in_native, id=12896, stack(0x000000068b000000,0x000000068b100000) (1024K)]
  0x0000017b985f1e80 JavaThread "Thread-3"                   daemon [_thread_in_native, id=12552, stack(0x000000068b100000,0x000000068b200000) (1024K)]
  0x0000017b985ef090 JavaThread "Thread-4"                   daemon [_thread_in_native, id=11668, stack(0x000000068b200000,0x000000068b300000) (1024K)]
  0x0000017b985edce0 JavaThread "Thread-5"                   daemon [_thread_in_native, id=1092, stack(0x000000068b300000,0x000000068b400000) (1024K)]
  0x0000017b985f5300 JavaThread "Thread-6"                   daemon [_thread_in_native, id=7780, stack(0x000000068b400000,0x000000068b500000) (1024K)]
  0x0000017b985f2510 JavaThread "pool-2-thread-1"                   [_thread_blocked, id=9316, stack(0x000000068b500000,0x000000068b600000) (1024K)]
  0x0000017b985f17f0 JavaThread "WorkspaceEventsHandler"            [_thread_blocked, id=12088, stack(0x000000068b600000,0x000000068b700000) (1024K)]
  0x0000017b985ee370 JavaThread "pool-1-thread-1"                   [_thread_blocked, id=11796, stack(0x000000068b700000,0x000000068b800000) (1024K)]
  0x0000017b985f0ad0 JavaThread "LocalFile Deleter"          daemon [_thread_blocked, id=11360, stack(0x000000068b900000,0x000000068ba00000) (1024K)]
  0x0000017b985eea00 JavaThread "LocalFile Deleter"          daemon [_thread_blocked, id=11332, stack(0x000000068bb00000,0x000000068bc00000) (1024K)]
  0x0000017b985efdb0 JavaThread "Compiler Source File Reader" daemon [_thread_blocked, id=11592, stack(0x000000068bc00000,0x000000068bd00000) (1024K)]
  0x0000017b985ef720 JavaThread "Compiler Source File Reader" daemon [_thread_blocked, id=9392, stack(0x000000068bd00000,0x000000068be00000) (1024K)]
  0x0000017b9966ba20 JavaThread "Compiler Class File Writer" daemon [_thread_blocked, id=3980, stack(0x000000068bf00000,0x000000068c000000) (1024K)]
  0x0000017b9966eea0 JavaThread "Compiler Class File Writer" daemon [_thread_blocked, id=11364, stack(0x000000068c000000,0x000000068c100000) (1024K)]
  0x0000017b99668c30 JavaThread "ForkJoinPool.commonPool-worker-1" daemon [_thread_in_Java, id=11152, stack(0x000000068c100000,0x000000068c200000) (1024K)]
  0x0000017b9966e180 JavaThread "ForkJoinPool.commonPool-worker-2" daemon [_thread_blocked, id=9988, stack(0x000000068c200000,0x000000068c300000) (1024K)]
  0x0000017b99669fe0 JavaThread "ForkJoinPool.commonPool-worker-3" daemon [_thread_in_Java, id=10376, stack(0x000000068c300000,0x000000068c400000) (1024K)]
  0x0000017b9966ad00 JavaThread "Cleaner-0"                  daemon [_thread_blocked, id=11992, stack(0x000000068a900000,0x000000068aa00000) (1024K)]
  0x0000017b9966cdd0 JavaThread "Java Debug Server"          daemon [_thread_in_native, id=1140, stack(0x0000000688800000,0x0000000688900000) (1024K)]
  0x0000017b98a8f1d0 JavaThread "RxSchedulerPurge-1"         daemon [_thread_blocked, id=11864, stack(0x0000000688e00000,0x0000000688f00000) (1024K)]
  0x0000017b98a8c3e0 JavaThread "RxCachedWorkerPoolEvictor-1" daemon [_thread_blocked, id=12164, stack(0x000000068c400000,0x000000068c500000) (1024K)]
=>0x0000017ba3a2ab10 JavaThread "C2 CompilerThread1"         daemon [_thread_in_native, id=13052, stack(0x000000068a200000,0x000000068a300000) (1024K)]
Total: 44

Other Threads:
  0x0000017b4f845ff0 VMThread "VM Thread"                           [id=12544, stack(0x0000000688d00000,0x0000000688e00000) (1024K)]
  0x0000017b3b6021f0 WatcherThread "VM Periodic Task Thread"        [id=6968, stack(0x0000000688c00000,0x0000000688d00000) (1024K)]
  0x0000017b3b559af0 WorkerThread "GC Thread#0"                     [id=9980, stack(0x0000000688b00000,0x0000000688c00000) (1024K)]
  0x0000017b965779e0 WorkerThread "GC Thread#1"                     [id=7772, stack(0x0000000689a00000,0x0000000689b00000) (1024K)]
  0x0000017b96221e60 WorkerThread "GC Thread#2"                     [id=8492, stack(0x0000000689b00000,0x0000000689c00000) (1024K)]
  0x0000017b96222200 WorkerThread "GC Thread#3"                     [id=9536, stack(0x0000000689c00000,0x0000000689d00000) (1024K)]
Total: 6

Threads with active compile tasks:
C2 CompilerThread0  172027 14509       4       org.eclipse.jdt.internal.compiler.lookup.LookupEnvironment::getResolvedType (80 bytes)
C1 CompilerThread0  172027 14742       2       java.lang.invoke.LambdaForm$MH/0x0000017b516cc000::invoke (45 bytes)
C2 CompilerThread1  172027 14546   !   4       lombok.core.FieldAugment$ReflectionFieldAugment::get (61 bytes)
Total: 3

VM state: not at safepoint (normal execution)

VM Mutex/Monitor currently owned by a thread:  ([mutex/lock_event])
[0x00007ffe076fcf00] MethodCompileQueue_lock - owner thread: 0x0000017b4f8a2000
[0x00007ffe076fe280] CodeCache_lock - owner thread: 0x0000000000000000

Heap address: 0x00000000c0000000, size: 1024 MB, Compressed Oops mode: 32-bit

CDS archive(s) mapped at: [0x0000017b50000000-0x0000017b50ba0000-0x0000017b50ba0000), size 12189696, SharedBaseAddress: 0x0000017b50000000, ArchiveRelocationMode: 1.
Compressed class space mapped at: 0x0000017b51000000-0x0000017b91000000, reserved size: 1073741824
Narrow klass base: 0x0000017b50000000, Narrow klass shift: 0, Narrow klass range: 0x100000000

GC Precious Log:
 CardTable entry size: 512
 CPUs: 4 total, 4 available
 Memory: 3977M
 Large Page Support: Disabled
 NUMA Support: Disabled
 Compressed Oops: Enabled (32-bit)
 Alignments: Space 512K, Generation 512K, Heap 2M
 Heap Min Capacity: 100M
 Heap Initial Capacity: 100M
 Heap Max Capacity: 1G
 Pre-touch: Disabled
 Parallel Workers: 4

Heap:
 PSYoungGen      total 2048K, used 1874K [0x00000000eab00000, 0x00000000eae80000, 0x0000000100000000)
  eden space 1536K, 90% used [0x00000000eab00000,0x00000000eac5cbe0,0x00000000eac80000)
  from space 512K, 93% used [0x00000000ead00000,0x00000000ead78000,0x00000000ead80000)
  to   space 1024K, 0% used [0x00000000ead80000,0x00000000ead80000,0x00000000eae80000)
 ParOldGen       total 517632K, used 517282K [0x00000000c0000000, 0x00000000df980000, 0x00000000eab00000)
  object space 517632K, 99% used [0x00000000c0000000,0x00000000df928a50,0x00000000df980000)
 Metaspace       used 74250K, committed 75904K, reserved 1179648K
  class space    used 7484K, committed 8192K, reserved 1048576K

Card table byte_map: [0x0000017b3af20000,0x0000017b3b130000] _byte_map_base: 0x0000017b3a920000

Marking Bits: (ParMarkBitMap*) 0x00007ffe07703260
 Begin Bits: [0x0000017b4d740000, 0x0000017b4e740000)
 End Bits:   [0x0000017b4e740000, 0x0000017b4f740000)

Polling page: 0x0000017b3ad10000

Metaspace:

Usage:
  Non-class:     65.20 MB used.
      Class:      7.31 MB used.
       Both:     72.51 MB used.

Virtual space:
  Non-class space:      128.00 MB reserved,      66.12 MB ( 52%) committed,  2 nodes.
      Class space:        1.00 GB reserved,       8.00 MB ( <1%) committed,  1 nodes.
             Both:        1.12 GB reserved,      74.12 MB (  6%) committed. 

Chunk freelists:
   Non-Class:  13.83 MB
       Class:  8.06 MB
        Both:  21.88 MB

MaxMetaspaceSize: unlimited
CompressedClassSpaceSize: 1.00 GB
Initial GC threshold: 21.00 MB
Current GC threshold: 97.31 MB
CDS: on
 - commit_granule_bytes: 65536.
 - commit_granule_words: 8192.
 - virtual_space_node_default_size: 8388608.
 - enlarge_chunks_in_place: 1.
 - use_allocation_guard: 0.


Internal statistics:

num_allocs_failed_limit: 11.
num_arena_births: 1352.
num_arena_deaths: 32.
num_vsnodes_births: 3.
num_vsnodes_deaths: 0.
num_space_committed: 1186.
num_space_uncommitted: 0.
num_chunks_returned_to_freelist: 50.
num_chunks_taken_from_freelist: 4967.
num_chunk_merges: 18.
num_chunk_splits: 3018.
num_chunks_enlarged: 1711.
num_inconsistent_stats: 0.

CodeHeap 'non-profiled nmethods': size=120000Kb used=10087Kb max_used=10087Kb free=109912Kb
 bounds [0x0000017b46210000, 0x0000017b46bf0000, 0x0000017b4d740000]
CodeHeap 'profiled nmethods': size=120000Kb used=34906Kb max_used=34906Kb free=85093Kb
 bounds [0x0000017b3e740000, 0x0000017b40960000, 0x0000017b45c70000]
CodeHeap 'non-nmethods': size=5760Kb used=1487Kb max_used=1574Kb free=4272Kb
 bounds [0x0000017b45c70000, 0x0000017b45ee0000, 0x0000017b46210000]
 total_blobs=14630 nmethods=13820 adapters=714
 compilation: enabled
              stopped_count=0, restarted_count=0
 full_count=0

Compilation events (20 events):
Event: 171.922 Thread 0x0000017b4f8a2000 nmethod 14722 0x0000017b4094c390 code [0x0000017b4094c540, 0x0000017b4094c6a0]
Event: 171.922 Thread 0x0000017b4f8a2000 14724       3       org.eclipse.jdt.internal.core.dom.rewrite.ASTRewriteAnalyzer::doCopySourcePreVisit (62 bytes)
Event: 171.924 Thread 0x0000017b4f8a2000 nmethod 14724 0x0000017b4094c710 code [0x0000017b4094c940, 0x0000017b4094d2e0]
Event: 171.924 Thread 0x0000017b4f8a2000 14725       3       org.eclipse.jdt.internal.core.dom.rewrite.ASTRewriteAnalyzer::ensureSpaceBeforeReplace (135 bytes)
Event: 171.926 Thread 0x0000017b4f8a2000 nmethod 14725 0x0000017b4094d890 code [0x0000017b4094db80, 0x0000017b4094ebb8]
Event: 171.926 Thread 0x0000017b4f8a2000 14723       2       org.eclipse.jdt.core.dom.SingleVariableDeclaration::propertyDescriptors (23 bytes)
Event: 171.926 Thread 0x0000017b4f8a2000 nmethod 14723 0x0000017b4094f010 code [0x0000017b4094f1c0, 0x0000017b4094f328]
Event: 171.927 Thread 0x0000017b4f8a2000 14726       2       org.eclipse.jface.text.CopyOnWriteTextStore::set (24 bytes)
Event: 171.935 Thread 0x0000017b4f8a2000 nmethod 14726 0x0000017b4094f390 code [0x0000017b4094f540, 0x0000017b4094f738]
Event: 171.935 Thread 0x0000017b4f8a2000 14727  s    2       org.eclipse.core.internal.registry.ReadWriteMonitor::exitRead (30 bytes)
Event: 171.936 Thread 0x0000017b4f8a2000 nmethod 14727 0x0000017b4094f810 code [0x0000017b4094f9c0, 0x0000017b4094fc28]
Event: 171.949 Thread 0x0000017b4f8a2000 14728       2       org.eclipse.jdt.core.dom.TypeDeclaration::getSuperclassType (9 bytes)
Event: 171.950 Thread 0x0000017b4f8a2000 nmethod 14728 0x0000017b4094fd10 code [0x0000017b4094fec0, 0x0000017b40950098]
Event: 171.950 Thread 0x0000017b4f8a2000 14729       1       org.eclipse.jdt.internal.formatter.Token::isPreserveLineBreaksBefore (5 bytes)
Event: 171.950 Thread 0x0000017b4f8a2000 nmethod 14729 0x0000017b46be9410 code [0x0000017b46be95a0, 0x0000017b46be9670]
Event: 171.950 Thread 0x0000017b4f8a2000 14730       1       org.eclipse.jdt.internal.formatter.Token::isPreserveLineBreaksAfter (5 bytes)
Event: 171.951 Thread 0x0000017b4f8a2000 nmethod 14730 0x0000017b46be9710 code [0x0000017b46be98a0, 0x0000017b46be9970]
Event: 171.954 Thread 0x0000017b4f8a2000 14731       2       org.eclipse.jdt.internal.core.dom.rewrite.ASTRewriteAnalyzer::visit (25 bytes)
Event: 171.955 Thread 0x0000017b4f8a2000 nmethod 14731 0x0000017b40950190 code [0x0000017b40950360, 0x0000017b40950530]
Event: 171.955 Thread 0x0000017b4f8a2000 14733       3       org.eclipse.jdt.core.dom.ASTNode$NodeList::get (9 bytes)

GC Heap History (20 events):
Event: 171.550 GC heap before
{Heap before GC invocations=574 (full 3):
 PSYoungGen      total 1536K, used 1200K [0x00000000eab00000, 0x00000000eae00000, 0x0000000100000000)
  eden space 1024K, 100% used [0x00000000eab00000,0x00000000eac00000,0x00000000eac00000)
  from space 512K, 34% used [0x00000000ead80000,0x00000000eadac010,0x00000000eae00000)
  to   space 512K, 0% used [0x00000000ead00000,0x00000000ead00000,0x00000000ead80000)
 ParOldGen       total 515584K, used 515202K [0x00000000c0000000, 0x00000000df780000, 0x00000000eab00000)
  object space 515584K, 99% used [0x00000000c0000000,0x00000000df7208c0,0x00000000df780000)
 Metaspace       used 74156K, committed 75840K, reserved 1179648K
  class space    used 7484K, committed 8192K, reserved 1048576K
}
Event: 171.553 GC heap after
{Heap after GC invocations=574 (full 3):
 PSYoungGen      total 1536K, used 240K [0x00000000eab00000, 0x00000000eae00000, 0x0000000100000000)
  eden space 1024K, 0% used [0x00000000eab00000,0x00000000eab00000,0x00000000eac00000)
  from space 512K, 46% used [0x00000000ead00000,0x00000000ead3c010,0x00000000ead80000)
  to   space 512K, 0% used [0x00000000ead80000,0x00000000ead80000,0x00000000eae00000)
 ParOldGen       total 515584K, used 515250K [0x00000000c0000000, 0x00000000df780000, 0x00000000eab00000)
  object space 515584K, 99% used [0x00000000c0000000,0x00000000df72c8c0,0x00000000df780000)
 Metaspace       used 74156K, committed 75840K, reserved 1179648K
  class space    used 7484K, committed 8192K, reserved 1048576K
}
Event: 171.596 GC heap before
{Heap before GC invocations=575 (full 3):
 PSYoungGen      total 1536K, used 1264K [0x00000000eab00000, 0x00000000eae00000, 0x0000000100000000)
  eden space 1024K, 100% used [0x00000000eab00000,0x00000000eac00000,0x00000000eac00000)
  from space 512K, 46% used [0x00000000ead00000,0x00000000ead3c010,0x00000000ead80000)
  to   space 512K, 0% used [0x00000000ead80000,0x00000000ead80000,0x00000000eae00000)
 ParOldGen       total 515584K, used 515250K [0x00000000c0000000, 0x00000000df780000, 0x00000000eab00000)
  object space 515584K, 99% used [0x00000000c0000000,0x00000000df72c8c0,0x00000000df780000)
 Metaspace       used 74160K, committed 75840K, reserved 1179648K
  class space    used 7484K, committed 8192K, reserved 1048576K
}
Event: 171.600 GC heap after
{Heap after GC invocations=575 (full 3):
 PSYoungGen      total 1536K, used 384K [0x00000000eab00000, 0x00000000eae00000, 0x0000000100000000)
  eden space 1024K, 0% used [0x00000000eab00000,0x00000000eab00000,0x00000000eac00000)
  from space 512K, 75% used [0x00000000ead80000,0x00000000eade0000,0x00000000eae00000)
  to   space 512K, 0% used [0x00000000ead00000,0x00000000ead00000,0x00000000ead80000)
 ParOldGen       total 515584K, used 515479K [0x00000000c0000000, 0x00000000df780000, 0x00000000eab00000)
  object space 515584K, 99% used [0x00000000c0000000,0x00000000df765d70,0x00000000df780000)
 Metaspace       used 74160K, committed 75840K, reserved 1179648K
  class space    used 7484K, committed 8192K, reserved 1048576K
}
Event: 171.631 GC heap before
{Heap before GC invocations=576 (full 3):
 PSYoungGen      total 1536K, used 1408K [0x00000000eab00000, 0x00000000eae00000, 0x0000000100000000)
  eden space 1024K, 100% used [0x00000000eab00000,0x00000000eac00000,0x00000000eac00000)
  from space 512K, 75% used [0x00000000ead80000,0x00000000eade0000,0x00000000eae00000)
  to   space 512K, 0% used [0x00000000ead00000,0x00000000ead00000,0x00000000ead80000)
 ParOldGen       total 515584K, used 515479K [0x00000000c0000000, 0x00000000df780000, 0x00000000eab00000)
  object space 515584K, 99% used [0x00000000c0000000,0x00000000df765d70,0x00000000df780000)
 Metaspace       used 74165K, committed 75840K, reserved 1179648K
  class space    used 7484K, committed 8192K, reserved 1048576K
}
Event: 171.638 GC heap after
{Heap after GC invocations=576 (full 3):
 PSYoungGen      total 1536K, used 384K [0x00000000eab00000, 0x00000000eae00000, 0x0000000100000000)
  eden space 1024K, 0% used [0x00000000eab00000,0x00000000eab00000,0x00000000eac00000)
  from space 512K, 75% used [0x00000000ead00000,0x00000000ead60000,0x00000000ead80000)
  to   space 512K, 0% used [0x00000000ead80000,0x00000000ead80000,0x00000000eae00000)
 ParOldGen       total 516096K, used 515800K [0x00000000c0000000, 0x00000000df800000, 0x00000000eab00000)
  object space 516096K, 99% used [0x00000000c0000000,0x00000000df7b6020,0x00000000df800000)
 Metaspace       used 74165K, committed 75840K, reserved 1179648K
  class space    used 7484K, committed 8192K, reserved 1048576K
}
Event: 171.692 GC heap before
{Heap before GC invocations=577 (full 3):
 PSYoungGen      total 1536K, used 1408K [0x00000000eab00000, 0x00000000eae00000, 0x0000000100000000)
  eden space 1024K, 100% used [0x00000000eab00000,0x00000000eac00000,0x00000000eac00000)
  from space 512K, 75% used [0x00000000ead00000,0x00000000ead60000,0x00000000ead80000)
  to   space 512K, 0% used [0x00000000ead80000,0x00000000ead80000,0x00000000eae00000)
 ParOldGen       total 516096K, used 515800K [0x00000000c0000000, 0x00000000df800000, 0x00000000eab00000)
  object space 516096K, 99% used [0x00000000c0000000,0x00000000df7b6020,0x00000000df800000)
 Metaspace       used 74166K, committed 75840K, reserved 1179648K
  class space    used 7484K, committed 8192K, reserved 1048576K
}
Event: 171.699 GC heap after
{Heap after GC invocations=577 (full 3):
 PSYoungGen      total 1536K, used 320K [0x00000000eab00000, 0x00000000eae00000, 0x0000000100000000)
  eden space 1024K, 0% used [0x00000000eab00000,0x00000000eab00000,0x00000000eac00000)
  from space 512K, 62% used [0x00000000ead80000,0x00000000eadd0000,0x00000000eae00000)
  to   space 512K, 0% used [0x00000000ead00000,0x00000000ead00000,0x00000000ead80000)
 ParOldGen       total 516608K, used 516121K [0x00000000c0000000, 0x00000000df880000, 0x00000000eab00000)
  object space 516608K, 99% used [0x00000000c0000000,0x00000000df806580,0x00000000df880000)
 Metaspace       used 74166K, committed 75840K, reserved 1179648K
  class space    used 7484K, committed 8192K, reserved 1048576K
}
Event: 171.717 GC heap before
{Heap before GC invocations=578 (full 3):
 PSYoungGen      total 1536K, used 1344K [0x00000000eab00000, 0x00000000eae00000, 0x0000000100000000)
  eden space 1024K, 100% used [0x00000000eab00000,0x00000000eac00000,0x00000000eac00000)
  from space 512K, 62% used [0x00000000ead80000,0x00000000eadd0000,0x00000000eae00000)
  to   space 512K, 0% used [0x00000000ead00000,0x00000000ead00000,0x00000000ead80000)
 ParOldGen       total 516608K, used 516121K [0x00000000c0000000, 0x00000000df880000, 0x00000000eab00000)
  object space 516608K, 99% used [0x00000000c0000000,0x00000000df806580,0x00000000df880000)
 Metaspace       used 74234K, committed 75904K, reserved 1179648K
  class space    used 7484K, committed 8192K, reserved 1048576K
}
Event: 171.722 GC heap after
{Heap after GC invocations=578 (full 3):
 PSYoungGen      total 1536K, used 160K [0x00000000eab00000, 0x00000000eae00000, 0x0000000100000000)
  eden space 1024K, 0% used [0x00000000eab00000,0x00000000eab00000,0x00000000eac00000)
  from space 512K, 31% used [0x00000000ead00000,0x00000000ead28000,0x00000000ead80000)
  to   space 512K, 0% used [0x00000000ead80000,0x00000000ead80000,0x00000000eae00000)
 ParOldGen       total 516608K, used 516345K [0x00000000c0000000, 0x00000000df880000, 0x00000000eab00000)
  object space 516608K, 99% used [0x00000000c0000000,0x00000000df83e580,0x00000000df880000)
 Metaspace       used 74234K, committed 75904K, reserved 1179648K
  class space    used 7484K, committed 8192K, reserved 1048576K
}
Event: 171.772 GC heap before
{Heap before GC invocations=579 (full 3):
 PSYoungGen      total 1536K, used 1184K [0x00000000eab00000, 0x00000000eae00000, 0x0000000100000000)
  eden space 1024K, 100% used [0x00000000eab00000,0x00000000eac00000,0x00000000eac00000)
  from space 512K, 31% used [0x00000000ead00000,0x00000000ead28000,0x00000000ead80000)
  to   space 512K, 0% used [0x00000000ead80000,0x00000000ead80000,0x00000000eae00000)
 ParOldGen       total 516608K, used 516345K [0x00000000c0000000, 0x00000000df880000, 0x00000000eab00000)
  object space 516608K, 99% used [0x00000000c0000000,0x00000000df83e580,0x00000000df880000)
 Metaspace       used 74234K, committed 75904K, reserved 1179648K
  class space    used 7484K, committed 8192K, reserved 1048576K
}
Event: 171.775 GC heap after
{Heap after GC invocations=579 (full 3):
 PSYoungGen      total 1536K, used 288K [0x00000000eab00000, 0x00000000eae00000, 0x0000000100000000)
  eden space 1024K, 0% used [0x00000000eab00000,0x00000000eab00000,0x00000000eac00000)
  from space 512K, 56% used [0x00000000ead80000,0x00000000eadc8000,0x00000000eae00000)
  to   space 512K, 0% used [0x00000000ead00000,0x00000000ead00000,0x00000000ead80000)
 ParOldGen       total 516608K, used 516425K [0x00000000c0000000, 0x00000000df880000, 0x00000000eab00000)
  object space 516608K, 99% used [0x00000000c0000000,0x00000000df852580,0x00000000df880000)
 Metaspace       used 74234K, committed 75904K, reserved 1179648K
  class space    used 7484K, committed 8192K, reserved 1048576K
}
Event: 171.838 GC heap before
{Heap before GC invocations=580 (full 3):
 PSYoungGen      total 1536K, used 1312K [0x00000000eab00000, 0x00000000eae00000, 0x0000000100000000)
  eden space 1024K, 100% used [0x00000000eab00000,0x00000000eac00000,0x00000000eac00000)
  from space 512K, 56% used [0x00000000ead80000,0x00000000eadc8000,0x00000000eae00000)
  to   space 512K, 0% used [0x00000000ead00000,0x00000000ead00000,0x00000000ead80000)
 ParOldGen       total 516608K, used 516425K [0x00000000c0000000, 0x00000000df880000, 0x00000000eab00000)
  object space 516608K, 99% used [0x00000000c0000000,0x00000000df852580,0x00000000df880000)
 Metaspace       used 74237K, committed 75904K, reserved 1179648K
  class space    used 7484K, committed 8192K, reserved 1048576K
}
Event: 171.844 GC heap after
{Heap after GC invocations=580 (full 3):
 PSYoungGen      total 1536K, used 288K [0x00000000eab00000, 0x00000000eae00000, 0x0000000100000000)
  eden space 1024K, 0% used [0x00000000eab00000,0x00000000eab00000,0x00000000eac00000)
  from space 512K, 56% used [0x00000000ead00000,0x00000000ead48000,0x00000000ead80000)
  to   space 512K, 0% used [0x00000000ead80000,0x00000000ead80000,0x00000000eae00000)
 ParOldGen       total 517120K, used 516657K [0x00000000c0000000, 0x00000000df900000, 0x00000000eab00000)
  object space 517120K, 99% used [0x00000000c0000000,0x00000000df88c580,0x00000000df900000)
 Metaspace       used 74237K, committed 75904K, reserved 1179648K
  class space    used 7484K, committed 8192K, reserved 1048576K
}
Event: 171.896 GC heap before
{Heap before GC invocations=581 (full 3):
 PSYoungGen      total 1536K, used 1312K [0x00000000eab00000, 0x00000000eae00000, 0x0000000100000000)
  eden space 1024K, 100% used [0x00000000eab00000,0x00000000eac00000,0x00000000eac00000)
  from space 512K, 56% used [0x00000000ead00000,0x00000000ead48000,0x00000000ead80000)
  to   space 512K, 0% used [0x00000000ead80000,0x00000000ead80000,0x00000000eae00000)
 ParOldGen       total 517120K, used 516657K [0x00000000c0000000, 0x00000000df900000, 0x00000000eab00000)
  object space 517120K, 99% used [0x00000000c0000000,0x00000000df88c580,0x00000000df900000)
 Metaspace       used 74237K, committed 75904K, reserved 1179648K
  class space    used 7484K, committed 8192K, reserved 1048576K
}
Event: 171.902 GC heap after
{Heap after GC invocations=581 (full 3):
 PSYoungGen      total 1536K, used 192K [0x00000000eab00000, 0x00000000eae00000, 0x0000000100000000)
  eden space 1024K, 0% used [0x00000000eab00000,0x00000000eab00000,0x00000000eac00000)
  from space 512K, 37% used [0x00000000ead80000,0x00000000eadb0000,0x00000000eae00000)
  to   space 512K, 0% used [0x00000000ead00000,0x00000000ead00000,0x00000000ead80000)
 ParOldGen       total 517120K, used 516885K [0x00000000c0000000, 0x00000000df900000, 0x00000000eab00000)
  object space 517120K, 99% used [0x00000000c0000000,0x00000000df8c5590,0x00000000df900000)
 Metaspace       used 74237K, committed 75904K, reserved 1179648K
  class space    used 7484K, committed 8192K, reserved 1048576K
}
Event: 171.928 GC heap before
{Heap before GC invocations=582 (full 3):
 PSYoungGen      total 1536K, used 1216K [0x00000000eab00000, 0x00000000eae00000, 0x0000000100000000)
  eden space 1024K, 100% used [0x00000000eab00000,0x00000000eac00000,0x00000000eac00000)
  from space 512K, 37% used [0x00000000ead80000,0x00000000eadb0000,0x00000000eae00000)
  to   space 512K, 0% used [0x00000000ead00000,0x00000000ead00000,0x00000000ead80000)
 ParOldGen       total 517120K, used 516885K [0x00000000c0000000, 0x00000000df900000, 0x00000000eab00000)
  object space 517120K, 99% used [0x00000000c0000000,0x00000000df8c5590,0x00000000df900000)
 Metaspace       used 74241K, committed 75904K, reserved 1179648K
  class space    used 7484K, committed 8192K, reserved 1048576K
}
Event: 171.934 GC heap after
{Heap after GC invocations=582 (full 3):
 PSYoungGen      total 1536K, used 304K [0x00000000eab00000, 0x00000000eae00000, 0x0000000100000000)
  eden space 1024K, 0% used [0x00000000eab00000,0x00000000eab00000,0x00000000eac00000)
  from space 512K, 59% used [0x00000000ead00000,0x00000000ead4c010,0x00000000ead80000)
  to   space 512K, 0% used [0x00000000ead80000,0x00000000ead80000,0x00000000eae00000)
 ParOldGen       total 517120K, used 517041K [0x00000000c0000000, 0x00000000df900000, 0x00000000eab00000)
  object space 517120K, 99% used [0x00000000c0000000,0x00000000df8ec5a0,0x00000000df900000)
 Metaspace       used 74241K, committed 75904K, reserved 1179648K
  class space    used 7484K, committed 8192K, reserved 1048576K
}
Event: 171.942 GC heap before
{Heap before GC invocations=583 (full 3):
 PSYoungGen      total 1536K, used 1328K [0x00000000eab00000, 0x00000000eae00000, 0x0000000100000000)
  eden space 1024K, 100% used [0x00000000eab00000,0x00000000eac00000,0x00000000eac00000)
  from space 512K, 59% used [0x00000000ead00000,0x00000000ead4c010,0x00000000ead80000)
  to   space 512K, 0% used [0x00000000ead80000,0x00000000ead80000,0x00000000eae00000)
 ParOldGen       total 517120K, used 517041K [0x00000000c0000000, 0x00000000df900000, 0x00000000eab00000)
  object space 517120K, 99% used [0x00000000c0000000,0x00000000df8ec5a0,0x00000000df900000)
 Metaspace       used 74241K, committed 75904K, reserved 1179648K
  class space    used 7484K, committed 8192K, reserved 1048576K
}
Event: 171.949 GC heap after
{Heap after GC invocations=583 (full 3):
 PSYoungGen      total 2048K, used 208K [0x00000000eab00000, 0x00000000eae00000, 0x0000000100000000)
  eden space 1536K, 0% used [0x00000000eab00000,0x00000000eab00000,0x00000000eac80000)
  from space 512K, 40% used [0x00000000ead80000,0x00000000eadb4010,0x00000000eae00000)
  to   space 512K, 0% used [0x00000000ead00000,0x00000000ead00000,0x00000000ead80000)
 ParOldGen       total 517632K, used 517181K [0x00000000c0000000, 0x00000000df980000, 0x00000000eab00000)
  object space 517632K, 99% used [0x00000000c0000000,0x00000000df90f5c0,0x00000000df980000)
 Metaspace       used 74241K, committed 75904K, reserved 1179648K
  class space    used 7484K, committed 8192K, reserved 1048576K
}

Dll operation events (11 events):
Event: 0.040 Loaded shared library c:\Users\ADMIN\.vscode\extensions\redhat.java-1.41.1-win32-x64\jre\21.0.6-win32-x86_64\bin\java.dll
Event: 0.367 Loaded shared library c:\Users\ADMIN\.vscode\extensions\redhat.java-1.41.1-win32-x64\jre\21.0.6-win32-x86_64\bin\zip.dll
Event: 0.474 Loaded shared library C:\Users\ADMIN\.vscode\extensions\redhat.java-1.41.1-win32-x64\jre\21.0.6-win32-x86_64\bin\instrument.dll
Event: 0.486 Loaded shared library C:\Users\ADMIN\.vscode\extensions\redhat.java-1.41.1-win32-x64\jre\21.0.6-win32-x86_64\bin\net.dll
Event: 0.490 Loaded shared library C:\Users\ADMIN\.vscode\extensions\redhat.java-1.41.1-win32-x64\jre\21.0.6-win32-x86_64\bin\nio.dll
Event: 0.501 Loaded shared library C:\Users\ADMIN\.vscode\extensions\redhat.java-1.41.1-win32-x64\jre\21.0.6-win32-x86_64\bin\zip.dll
Event: 0.559 Loaded shared library C:\Users\ADMIN\.vscode\extensions\redhat.java-1.41.1-win32-x64\jre\21.0.6-win32-x86_64\bin\jimage.dll
Event: 1.014 Loaded shared library c:\Users\ADMIN\.vscode\extensions\redhat.java-1.41.1-win32-x64\jre\21.0.6-win32-x86_64\bin\verify.dll
Event: 5.497 Loaded shared library C:\Users\ADMIN\AppData\Roaming\Code\User\globalStorage\redhat.java\1.41.1\config_win\org.eclipse.equinox.launcher\org.eclipse.equinox.launcher.win32.win32.x86_64_1.2.1300.v20250331-1702\eclipse_11911.dll
Event: 9.791 Loaded shared library C:\Users\ADMIN\AppData\Local\Temp\jna-62130991\jna11304381694906212812.dll
Event: 61.552 Loaded shared library C:\Users\ADMIN\.vscode\extensions\redhat.java-1.41.1-win32-x64\jre\21.0.6-win32-x86_64\bin\extnet.dll

Deoptimization events (20 events):
Event: 170.941 Thread 0x0000017b99668c30 DEOPT PACKING pc=0x0000017b46bbea70 sp=0x000000068c1fdf60
Event: 170.941 Thread 0x0000017b99668c30 DEOPT UNPACKING pc=0x0000017b45cc3aa2 sp=0x000000068c1fdef0 mode 2
Event: 170.941 Thread 0x0000017b99668c30 Uncommon trap: trap_request=0xffffffbe fr.pc=0x0000017b46bbea70 relative=0x0000000000000570
Event: 170.941 Thread 0x0000017b99668c30 Uncommon trap: reason=profile_predicate action=maybe_recompile pc=0x0000017b46bbea70 method=org.eclipse.jdt.internal.compiler.parser.Scanner.jumpOverMethodBody()V @ 12 c2
Event: 170.941 Thread 0x0000017b99668c30 DEOPT PACKING pc=0x0000017b46bbea70 sp=0x000000068c1fdf60
Event: 170.941 Thread 0x0000017b99668c30 DEOPT UNPACKING pc=0x0000017b45cc3aa2 sp=0x000000068c1fdef0 mode 2
Event: 170.941 Thread 0x0000017b99668c30 Uncommon trap: trap_request=0xffffffbe fr.pc=0x0000017b46bbea70 relative=0x0000000000000570
Event: 170.942 Thread 0x0000017b99668c30 Uncommon trap: reason=profile_predicate action=maybe_recompile pc=0x0000017b46bbea70 method=org.eclipse.jdt.internal.compiler.parser.Scanner.jumpOverMethodBody()V @ 12 c2
Event: 170.944 Thread 0x0000017b99668c30 DEOPT PACKING pc=0x0000017b46bbea70 sp=0x000000068c1fdf60
Event: 170.944 Thread 0x0000017b99668c30 DEOPT UNPACKING pc=0x0000017b45cc3aa2 sp=0x000000068c1fdef0 mode 2
Event: 170.962 Thread 0x0000017b99668c30 Uncommon trap: trap_request=0xffffffbe fr.pc=0x0000017b46bbea70 relative=0x0000000000000570
Event: 170.962 Thread 0x0000017b99668c30 Uncommon trap: reason=profile_predicate action=maybe_recompile pc=0x0000017b46bbea70 method=org.eclipse.jdt.internal.compiler.parser.Scanner.jumpOverMethodBody()V @ 12 c2
Event: 170.962 Thread 0x0000017b99668c30 DEOPT PACKING pc=0x0000017b46bbea70 sp=0x000000068c1fdf60
Event: 170.962 Thread 0x0000017b99668c30 DEOPT UNPACKING pc=0x0000017b45cc3aa2 sp=0x000000068c1fdef0 mode 2
Event: 171.200 Thread 0x0000017b99668c30 DEOPT PACKING pc=0x0000017b4031a5ec sp=0x000000068c1fde40
Event: 171.200 Thread 0x0000017b99668c30 DEOPT UNPACKING pc=0x0000017b45cc4242 sp=0x000000068c1fd430 mode 0
Event: 171.747 Thread 0x0000017b99669fe0 Uncommon trap: trap_request=0xffffff6e fr.pc=0x0000017b46bdfabc relative=0x000000000000095c
Event: 171.747 Thread 0x0000017b99669fe0 Uncommon trap: reason=loop_limit_check action=maybe_recompile pc=0x0000017b46bdfabc method=org.eclipse.jdt.internal.compiler.codegen.CharArrayCache.rehash()V @ 58 c2
Event: 171.747 Thread 0x0000017b99669fe0 DEOPT PACKING pc=0x0000017b46bdfabc sp=0x000000068c3fdc80
Event: 171.747 Thread 0x0000017b99669fe0 DEOPT UNPACKING pc=0x0000017b45cc3aa2 sp=0x000000068c3fdc38 mode 2

Classes loaded (20 events):
Event: 71.407 Loading class java/util/stream/IntPipeline$1
Event: 71.409 Loading class java/util/stream/IntPipeline$1 done
Event: 71.411 Loading class java/util/stream/IntPipeline$1$1
Event: 71.412 Loading class java/util/stream/Sink$ChainedInt
Event: 71.412 Loading class java/util/stream/Sink$ChainedInt done
Event: 71.412 Loading class java/util/stream/IntPipeline$1$1 done
Event: 75.669 Loading class java/util/stream/Streams$RangeIntSpliterator
Event: 75.670 Loading class java/util/stream/Streams$RangeIntSpliterator done
Event: 75.676 Loading class java/lang/ProcessHandleImpl$ExitCompletion
Event: 75.676 Loading class java/lang/ProcessHandleImpl$ExitCompletion done
Event: 75.676 Loading class java/lang/ProcessHandleImpl$1
Event: 75.676 Loading class java/lang/ProcessHandleImpl$1 done
Event: 75.678 Loading class java/util/concurrent/CompletableFuture$UniHandle
Event: 75.679 Loading class java/util/concurrent/CompletableFuture$UniHandle done
Event: 77.862 Loading class java/util/stream/DistinctOps
Event: 77.862 Loading class java/util/stream/DistinctOps done
Event: 77.862 Loading class java/util/stream/DistinctOps$1
Event: 77.864 Loading class java/util/stream/DistinctOps$1 done
Event: 77.866 Loading class java/util/stream/DistinctOps$1$2
Event: 77.867 Loading class java/util/stream/DistinctOps$1$2 done

Classes unloaded (16 events):
Event: 11.159 Thread 0x0000017b4f845ff0 Unloading class 0x0000017b51195400 'java/lang/invoke/LambdaForm$MH+0x0000017b51195400'
Event: 11.159 Thread 0x0000017b4f845ff0 Unloading class 0x0000017b51195000 'java/lang/invoke/LambdaForm$MH+0x0000017b51195000'
Event: 11.159 Thread 0x0000017b4f845ff0 Unloading class 0x0000017b51194c00 'java/lang/invoke/LambdaForm$MH+0x0000017b51194c00'
Event: 11.159 Thread 0x0000017b4f845ff0 Unloading class 0x0000017b51194800 'java/lang/invoke/LambdaForm$MH+0x0000017b51194800'
Event: 11.159 Thread 0x0000017b4f845ff0 Unloading class 0x0000017b51194400 'java/lang/invoke/LambdaForm$BMH+0x0000017b51194400'
Event: 11.159 Thread 0x0000017b4f845ff0 Unloading class 0x0000017b51194000 'java/lang/invoke/LambdaForm$DMH+0x0000017b51194000'
Event: 11.159 Thread 0x0000017b4f845ff0 Unloading class 0x0000017b51192c00 'java/lang/invoke/LambdaForm$DMH+0x0000017b51192c00'
Event: 15.819 Thread 0x0000017b4f845ff0 Unloading class 0x0000017b512d0800 'java/lang/invoke/LambdaForm$MH+0x0000017b512d0800'
Event: 15.819 Thread 0x0000017b4f845ff0 Unloading class 0x0000017b512d0400 'java/lang/invoke/LambdaForm$DMH+0x0000017b512d0400'
Event: 15.819 Thread 0x0000017b4f845ff0 Unloading class 0x0000017b512c8000 'java/lang/invoke/LambdaForm$MH+0x0000017b512c8000'
Event: 15.819 Thread 0x0000017b4f845ff0 Unloading class 0x0000017b512c3800 'java/lang/invoke/LambdaForm$MH+0x0000017b512c3800'
Event: 15.819 Thread 0x0000017b4f845ff0 Unloading class 0x0000017b512c3400 'java/lang/invoke/LambdaForm$MH+0x0000017b512c3400'
Event: 15.819 Thread 0x0000017b4f845ff0 Unloading class 0x0000017b512c2800 'java/lang/invoke/LambdaForm$MH+0x0000017b512c2800'
Event: 15.819 Thread 0x0000017b4f845ff0 Unloading class 0x0000017b512c1c00 'java/lang/invoke/LambdaForm$MH+0x0000017b512c1c00'
Event: 15.819 Thread 0x0000017b4f845ff0 Unloading class 0x0000017b512c1800 'java/lang/invoke/LambdaForm$MH+0x0000017b512c1800'
Event: 15.819 Thread 0x0000017b4f845ff0 Unloading class 0x0000017b512c0c00 'java/lang/invoke/LambdaForm$DMH+0x0000017b512c0c00'

Classes redefined (0 events):
No events

Internal exceptions (20 events):
Event: 58.898 Thread 0x0000017b99668c30 Exception <a 'java/lang/NoSuchMethodError'{0x00000000eab42788}: 'void java.lang.invoke.DirectMethodHandle$Holder.invokeSpecial(java.lang.Object, java.lang.Object, int)'> (0x00000000eab42788) 
thrown [s\src\hotspot\share\interpreter\linkResolver.cpp, line 773]
Event: 61.362 Thread 0x0000017b99668c30 Exception <a 'sun/nio/fs/WindowsException'{0x00000000eac4fa10}> (0x00000000eac4fa10) 
thrown [s\src\hotspot\share\prims\jni.cpp, line 520]
Event: 61.363 Thread 0x0000017b99668c30 Exception <a 'sun/nio/fs/WindowsException'{0x00000000eac50120}> (0x00000000eac50120) 
thrown [s\src\hotspot\share\prims\jni.cpp, line 520]
Event: 61.363 Thread 0x0000017b99668c30 Exception <a 'sun/nio/fs/WindowsException'{0x00000000eac51018}> (0x00000000eac51018) 
thrown [s\src\hotspot\share\prims\jni.cpp, line 520]
Event: 61.364 Thread 0x0000017b99668c30 Exception <a 'sun/nio/fs/WindowsException'{0x00000000eac519d8}> (0x00000000eac519d8) 
thrown [s\src\hotspot\share\prims\jni.cpp, line 520]
Event: 61.365 Thread 0x0000017b99668c30 Exception <a 'sun/nio/fs/WindowsException'{0x00000000eac540c0}> (0x00000000eac540c0) 
thrown [s\src\hotspot\share\prims\jni.cpp, line 520]
Event: 61.365 Thread 0x0000017b99668c30 Exception <a 'sun/nio/fs/WindowsException'{0x00000000eac547d0}> (0x00000000eac547d0) 
thrown [s\src\hotspot\share\prims\jni.cpp, line 520]
Event: 61.664 Thread 0x0000017b967ee470 Exception <a 'java/io/FileNotFoundException'{0x00000000eab6cf30}> (0x00000000eab6cf30) 
thrown [s\src\hotspot\share\prims\jni.cpp, line 520]
Event: 62.442 Thread 0x0000017b967ee470 Exception <a 'java/lang/NoSuchMethodError'{0x00000000eab01350}: 'java.lang.Object java.lang.invoke.DirectMethodHandle$Holder.invokeVirtual(java.lang.Object, java.lang.Object, java.lang.Object, java.lang.Object)'> (0x00000000eab01350) 
thrown [s\src\hotspot\share\interpreter\linkResolver.cpp, line 773]
Event: 62.598 Thread 0x0000017b98a8a310 Exception <a 'java/lang/NoSuchMethodError'{0x00000000eac09378}: 'java.lang.Object java.lang.invoke.DirectMethodHandle$Holder.invokeStatic(java.lang.Object, long, java.lang.Object, java.lang.Object)'> (0x00000000eac09378) 
thrown [s\src\hotspot\share\interpreter\linkResolver.cpp, line 773]
Event: 62.650 Thread 0x0000017b98a8a310 Exception <a 'sun/nio/fs/WindowsException'{0x00000000eab00ed0}> (0x00000000eab00ed0) 
thrown [s\src\hotspot\share\prims\jni.cpp, line 520]
Event: 62.651 Thread 0x0000017b98a8a310 Exception <a 'sun/nio/fs/WindowsException'{0x00000000eab022c0}> (0x00000000eab022c0) 
thrown [s\src\hotspot\share\prims\jni.cpp, line 520]
Event: 71.342 Thread 0x0000017b98a8b030 Exception <a 'java/lang/NoSuchMethodError'{0x00000000eab926b0}: 'long java.lang.invoke.DelegatingMethodHandle$Holder.reinvoke_L(java.lang.Object, java.lang.Object)'> (0x00000000eab926b0) 
thrown [s\src\hotspot\share\interpreter\linkResolver.cpp, line 773]
Event: 71.346 Thread 0x0000017b98a8b030 Exception <a 'java/lang/NoSuchMethodError'{0x00000000eab9c930}: 'void java.lang.invoke.DelegatingMethodHandle$Holder.reinvoke_L(java.lang.Object, java.lang.Object, long)'> (0x00000000eab9c930) 
thrown [s\src\hotspot\share\interpreter\linkResolver.cpp, line 773]
Event: 75.681 Thread 0x0000017b98a8b030 Exception <a 'java/lang/NoSuchMethodError'{0x00000000eab52850}: 'long java.lang.invoke.Invokers$Holder.invokeExact_MT(java.lang.Object, java.lang.Object, java.lang.Object)'> (0x00000000eab52850) 
thrown [s\src\hotspot\share\interpreter\linkResolver.cpp, line 773]
Event: 78.138 Thread 0x0000017b985f0440 Exception <a 'sun/nio/fs/WindowsException'{0x00000000eab54b78}> (0x00000000eab54b78) 
thrown [s\src\hotspot\share\prims\jni.cpp, line 520]
Event: 110.432 Thread 0x0000017b985ee370 Exception <a 'java/lang/IncompatibleClassChangeError'{0x00000000eabf9750}: Found class java.lang.Object, but interface was expected> (0x00000000eabf9750) 
thrown [s\src\hotspot\share\interpreter\linkResolver.cpp, line 840]
Event: 110.646 Thread 0x0000017b99668c30 Exception <a 'java/lang/NoSuchMethodError'{0x00000000eab4f6b0}: 'java.lang.Object java.lang.invoke.DirectMethodHandle$Holder.newInvokeSpecial(java.lang.Object, java.lang.Object, java.lang.Object, java.lang.Object, int)'> (0x00000000eab4f6b0) 
thrown [s\src\hotspot\share\interpreter\linkResolver.cpp, line 773]
Event: 110.648 Thread 0x0000017b99668c30 Exception <a 'java/lang/NoSuchMethodError'{0x00000000eab5b9e0}: 'java.lang.Object java.lang.invoke.DirectMethodHandle$Holder.invokeSpecial(java.lang.Object, java.lang.Object, java.lang.Object, java.lang.Object, java.lang.Object, int)'> (0x00000000eab5b9e0) 
thrown [s\src\hotspot\share\interpreter\linkResolver.cpp, line 773]
Event: 110.649 Thread 0x0000017b99668c30 Exception <a 'java/lang/NoSuchMethodError'{0x00000000eab6c6b0}: 'java.lang.Object java.lang.invoke.Invokers$Holder.linkToTargetMethod(java.lang.Object, java.lang.Object, java.lang.Object, int, java.lang.Object)'> (0x00000000eab6c6b0) 
thrown [s\src\hotspot\share\interpreter\linkResolver.cpp, line 773]

ZGC Phase Switch (0 events):
No events

VM Operations (20 events):
Event: 171.542 Executing VM operation: ParallelGCFailedAllocation (Allocation Failure)
Event: 171.553 Executing VM operation: ParallelGCFailedAllocation (Allocation Failure) done
Event: 171.579 Executing VM operation: ParallelGCFailedAllocation (Allocation Failure)
Event: 171.600 Executing VM operation: ParallelGCFailedAllocation (Allocation Failure) done
Event: 171.631 Executing VM operation: ParallelGCFailedAllocation (Allocation Failure)
Event: 171.638 Executing VM operation: ParallelGCFailedAllocation (Allocation Failure) done
Event: 171.673 Executing VM operation: ParallelGCFailedAllocation (Allocation Failure)
Event: 171.699 Executing VM operation: ParallelGCFailedAllocation (Allocation Failure) done
Event: 171.717 Executing VM operation: ParallelGCFailedAllocation (Allocation Failure)
Event: 171.722 Executing VM operation: ParallelGCFailedAllocation (Allocation Failure) done
Event: 171.759 Executing VM operation: ParallelGCFailedAllocation (Allocation Failure)
Event: 171.775 Executing VM operation: ParallelGCFailedAllocation (Allocation Failure) done
Event: 171.838 Executing VM operation: ParallelGCFailedAllocation (Allocation Failure)
Event: 171.844 Executing VM operation: ParallelGCFailedAllocation (Allocation Failure) done
Event: 171.896 Executing VM operation: ParallelGCFailedAllocation (Allocation Failure)
Event: 171.902 Executing VM operation: ParallelGCFailedAllocation (Allocation Failure) done
Event: 171.928 Executing VM operation: ParallelGCFailedAllocation (Allocation Failure)
Event: 171.935 Executing VM operation: ParallelGCFailedAllocation (Allocation Failure) done
Event: 171.942 Executing VM operation: ParallelGCFailedAllocation (Allocation Failure)
Event: 171.949 Executing VM operation: ParallelGCFailedAllocation (Allocation Failure) done

Memory protections (0 events):
No events

Nmethod flushes (20 events):
Event: 29.658 Thread 0x0000017b4f845ff0 flushing  nmethod 0x0000017b3f0dea90
Event: 29.658 Thread 0x0000017b4f845ff0 flushing  nmethod 0x0000017b3f0df090
Event: 29.658 Thread 0x0000017b4f845ff0 flushing  nmethod 0x0000017b3f0e3790
Event: 29.658 Thread 0x0000017b4f845ff0 flushing  nmethod 0x0000017b3f0e3d90
Event: 29.658 Thread 0x0000017b4f845ff0 flushing  nmethod 0x0000017b3f0e9090
Event: 29.658 Thread 0x0000017b4f845ff0 flushing  nmethod 0x0000017b3f0e9590
Event: 29.658 Thread 0x0000017b4f845ff0 flushing  nmethod 0x0000017b3f0ebd10
Event: 29.658 Thread 0x0000017b4f845ff0 flushing  nmethod 0x0000017b3f0ed190
Event: 29.658 Thread 0x0000017b4f845ff0 flushing  nmethod 0x0000017b3f0ee390
Event: 29.658 Thread 0x0000017b4f845ff0 flushing  nmethod 0x0000017b3f0eea90
Event: 29.658 Thread 0x0000017b4f845ff0 flushing  nmethod 0x0000017b3f0ef690
Event: 29.658 Thread 0x0000017b4f845ff0 flushing  nmethod 0x0000017b3f0f2410
Event: 29.658 Thread 0x0000017b4f845ff0 flushing  nmethod 0x0000017b3f0f6590
Event: 29.658 Thread 0x0000017b4f845ff0 flushing  nmethod 0x0000017b3f0f6f10
Event: 29.658 Thread 0x0000017b4f845ff0 flushing  nmethod 0x0000017b3f0f7910
Event: 29.658 Thread 0x0000017b4f845ff0 flushing  nmethod 0x0000017b3f0f7e10
Event: 29.658 Thread 0x0000017b4f845ff0 flushing  nmethod 0x0000017b3f0f8190
Event: 29.658 Thread 0x0000017b4f845ff0 flushing  nmethod 0x0000017b3f0fbc10
Event: 29.658 Thread 0x0000017b4f845ff0 flushing  nmethod 0x0000017b3f0fc410
Event: 29.658 Thread 0x0000017b4f845ff0 flushing  nmethod 0x0000017b3f11dd10

Events (20 events):
Event: 62.177 Thread 0x0000017b967ee470 Thread added: 0x0000017b98a8c3e0
Event: 62.587 Thread 0x0000017b967ee470 Thread added: 0x0000017b98a8a310
Event: 62.680 Thread 0x0000017b98a8a310 Thread added: 0x0000017b98a8f860
Event: 71.334 Thread 0x0000017b967ee470 Thread added: 0x0000017b98a8b030
Event: 71.337 Thread 0x0000017b98a8f860 Thread exited: 0x0000017b98a8f860
Event: 75.678 Thread 0x0000017b98a8b030 Thread added: 0x0000017b98a8a9a0
Event: 75.686 Thread 0x0000017b98a8b030 Thread exited: 0x0000017b98a8b030
Event: 77.547 Thread 0x0000017b98a8a310 Thread exited: 0x0000017b98a8a310
Event: 95.293 Thread 0x0000017b985f38c0 Thread exited: 0x0000017b985f38c0
Event: 99.699 Thread 0x0000017b985f1160 Thread exited: 0x0000017b985f1160
Event: 107.549 Thread 0x0000017b967ee470 Thread exited: 0x0000017b967ee470
Event: 121.449 Thread 0x0000017b985f45e0 Thread exited: 0x0000017b985f45e0
Event: 137.479 Thread 0x0000017b98a8a9a0 Thread exited: 0x0000017b98a8a9a0
Event: 138.055 Thread 0x0000017b967ed750 Thread exited: 0x0000017b967ed750
Event: 138.061 Thread 0x0000017b967ed0c0 Thread exited: 0x0000017b967ed0c0
Event: 139.650 Thread 0x0000017b985f3f50 Thread exited: 0x0000017b985f3f50
Event: 155.299 Thread 0x0000017b985f2ba0 Thread exited: 0x0000017b985f2ba0
Event: 169.021 Thread 0x0000017b967ec3a0 Thread exited: 0x0000017b967ec3a0
Event: 169.036 Thread 0x0000017b967edde0 Thread exited: 0x0000017b967edde0
Event: 169.075 Thread 0x0000017b4f8a2000 Thread added: 0x0000017ba3a2ab10


Dynamic libraries:
0x00007ff723ce0000 - 0x00007ff723cee000 	c:\Users\ADMIN\.vscode\extensions\redhat.java-1.41.1-win32-x64\jre\21.0.6-win32-x86_64\bin\java.exe
0x00007ffe44c50000 - 0x00007ffe44e45000 	C:\Windows\SYSTEM32\ntdll.dll
0x00007ffe448b0000 - 0x00007ffe4496e000 	C:\Windows\System32\KERNEL32.DLL
0x00007ffe42360000 - 0x00007ffe42628000 	C:\Windows\System32\KERNELBASE.dll
0x00007ffe42770000 - 0x00007ffe42870000 	C:\Windows\System32\ucrtbase.dll
0x00007ffe3bf30000 - 0x00007ffe3bf48000 	c:\Users\ADMIN\.vscode\extensions\redhat.java-1.41.1-win32-x64\jre\21.0.6-win32-x86_64\bin\jli.dll
0x00007ffe43400000 - 0x00007ffe435a1000 	C:\Windows\System32\USER32.dll
0x00007ffe42c00000 - 0x00007ffe42c22000 	C:\Windows\System32\win32u.dll
0x00007ffe439c0000 - 0x00007ffe439eb000 	C:\Windows\System32\GDI32.dll
0x00007ffe42ac0000 - 0x00007ffe42bcd000 	C:\Windows\System32\gdi32full.dll
0x00007ffe428c0000 - 0x00007ffe4295d000 	C:\Windows\System32\msvcp_win.dll
0x00007ffe32010000 - 0x00007ffe3202e000 	c:\Users\ADMIN\.vscode\extensions\redhat.java-1.41.1-win32-x64\jre\21.0.6-win32-x86_64\bin\VCRUNTIME140.dll
0x00007ffe341b0000 - 0x00007ffe3444a000 	C:\Windows\WinSxS\amd64_microsoft.windows.common-controls_6595b64144ccf1df_6.0.19041.1110_none_60b5254171f9507e\COMCTL32.dll
0x00007ffe439f0000 - 0x00007ffe43a8e000 	C:\Windows\System32\msvcrt.dll
0x00007ffe43a90000 - 0x00007ffe43ac0000 	C:\Windows\System32\IMM32.DLL
0x00007ffe3be40000 - 0x00007ffe3be4c000 	c:\Users\ADMIN\.vscode\extensions\redhat.java-1.41.1-win32-x64\jre\21.0.6-win32-x86_64\bin\vcruntime140_1.dll
0x00007ffe0c000000 - 0x00007ffe0c08d000 	c:\Users\ADMIN\.vscode\extensions\redhat.java-1.41.1-win32-x64\jre\21.0.6-win32-x86_64\bin\msvcp140.dll
0x00007ffe06a50000 - 0x00007ffe077e0000 	c:\Users\ADMIN\.vscode\extensions\redhat.java-1.41.1-win32-x64\jre\21.0.6-win32-x86_64\bin\server\jvm.dll
0x00007ffe43b80000 - 0x00007ffe43c2c000 	C:\Windows\System32\ADVAPI32.dll
0x00007ffe43ac0000 - 0x00007ffe43b5b000 	C:\Windows\System32\sechost.dll
0x00007ffe42fe0000 - 0x00007ffe4310a000 	C:\Windows\System32\RPCRT4.dll
0x00007ffe432a0000 - 0x00007ffe4330b000 	C:\Windows\System32\WS2_32.dll
0x00007ffe421d0000 - 0x00007ffe4221b000 	C:\Windows\SYSTEM32\POWRPROF.dll
0x00007ffe346e0000 - 0x00007ffe346ea000 	C:\Windows\SYSTEM32\VERSION.dll
0x00007ffe39840000 - 0x00007ffe39867000 	C:\Windows\SYSTEM32\WINMM.dll
0x00007ffe421b0000 - 0x00007ffe421c2000 	C:\Windows\SYSTEM32\UMPDC.dll
0x00007ffe40ba0000 - 0x00007ffe40bb2000 	C:\Windows\SYSTEM32\kernel.appcore.dll
0x00007ffe3bbd0000 - 0x00007ffe3bbda000 	c:\Users\ADMIN\.vscode\extensions\redhat.java-1.41.1-win32-x64\jre\21.0.6-win32-x86_64\bin\jimage.dll
0x00007ffe33120000 - 0x00007ffe33304000 	C:\Windows\SYSTEM32\DBGHELP.DLL
0x00007ffe31af0000 - 0x00007ffe31b1c000 	C:\Windows\SYSTEM32\dbgcore.DLL
0x00007ffe42630000 - 0x00007ffe426b2000 	C:\Windows\System32\bcryptPrimitives.dll
0x00007ffe38400000 - 0x00007ffe3840f000 	c:\Users\ADMIN\.vscode\extensions\redhat.java-1.41.1-win32-x64\jre\21.0.6-win32-x86_64\bin\instrument.dll
0x00007ffe2ecd0000 - 0x00007ffe2ecef000 	c:\Users\ADMIN\.vscode\extensions\redhat.java-1.41.1-win32-x64\jre\21.0.6-win32-x86_64\bin\java.dll
0x00007ffe44160000 - 0x00007ffe448a4000 	C:\Windows\System32\SHELL32.dll
0x00007ffe40320000 - 0x00007ffe40ab4000 	C:\Windows\SYSTEM32\windows.storage.dll
0x00007ffe43660000 - 0x00007ffe439b5000 	C:\Windows\System32\combase.dll
0x00007ffe41c00000 - 0x00007ffe41c2e000 	C:\Windows\SYSTEM32\Wldp.dll
0x00007ffe435b0000 - 0x00007ffe4365d000 	C:\Windows\System32\SHCORE.dll
0x00007ffe43230000 - 0x00007ffe43285000 	C:\Windows\System32\shlwapi.dll
0x00007ffe422a0000 - 0x00007ffe422bf000 	C:\Windows\SYSTEM32\profapi.dll
0x00007ffe38e40000 - 0x00007ffe38e58000 	c:\Users\ADMIN\.vscode\extensions\redhat.java-1.41.1-win32-x64\jre\21.0.6-win32-x86_64\bin\zip.dll
0x00007ffe36130000 - 0x00007ffe36140000 	C:\Users\ADMIN\.vscode\extensions\redhat.java-1.41.1-win32-x64\jre\21.0.6-win32-x86_64\bin\net.dll
0x00007ffe39870000 - 0x00007ffe3997c000 	C:\Windows\SYSTEM32\WINHTTP.dll
0x00007ffe419e0000 - 0x00007ffe41a4a000 	C:\Windows\system32\mswsock.dll
0x00007ffe32050000 - 0x00007ffe32066000 	C:\Users\ADMIN\.vscode\extensions\redhat.java-1.41.1-win32-x64\jre\21.0.6-win32-x86_64\bin\nio.dll
0x00007ffe33030000 - 0x00007ffe33040000 	c:\Users\ADMIN\.vscode\extensions\redhat.java-1.41.1-win32-x64\jre\21.0.6-win32-x86_64\bin\verify.dll
0x00007ffe113b0000 - 0x00007ffe113f5000 	C:\Users\ADMIN\AppData\Roaming\Code\User\globalStorage\redhat.java\1.41.1\config_win\org.eclipse.equinox.launcher\org.eclipse.equinox.launcher.win32.win32.x86_64_1.2.1300.v20250331-1702\eclipse_11911.dll
0x00007ffe42e50000 - 0x00007ffe42f7a000 	C:\Windows\System32\ole32.dll
0x00007ffe41f30000 - 0x00007ffe41f48000 	C:\Windows\SYSTEM32\CRYPTSP.dll
0x00007ffe41380000 - 0x00007ffe413b4000 	C:\Windows\system32\rsaenh.dll
0x00007ffe42bd0000 - 0x00007ffe42bf7000 	C:\Windows\System32\bcrypt.dll
0x00007ffe42220000 - 0x00007ffe4224e000 	C:\Windows\SYSTEM32\USERENV.dll
0x00007ffe41b70000 - 0x00007ffe41b7c000 	C:\Windows\SYSTEM32\CRYPTBASE.dll
0x00007ffe416f0000 - 0x00007ffe4172b000 	C:\Windows\SYSTEM32\IPHLPAPI.DLL
0x00007ffe43310000 - 0x00007ffe43318000 	C:\Windows\System32\NSI.dll
0x00007ffe10a00000 - 0x00007ffe10a49000 	C:\Users\ADMIN\AppData\Local\Temp\jna-62130991\jna11304381694906212812.dll
0x00007ffe43290000 - 0x00007ffe43298000 	C:\Windows\System32\PSAPI.DLL
0x00007ffe3b810000 - 0x00007ffe3b827000 	C:\Windows\SYSTEM32\dhcpcsvc6.DLL
0x00007ffe3b760000 - 0x00007ffe3b77d000 	C:\Windows\SYSTEM32\dhcpcsvc.DLL
0x00007ffe41010000 - 0x00007ffe41043000 	C:\Windows\SYSTEM32\ntmarta.dll
0x00007ffe32040000 - 0x00007ffe32049000 	C:\Users\ADMIN\.vscode\extensions\redhat.java-1.41.1-win32-x64\jre\21.0.6-win32-x86_64\bin\extnet.dll

dbghelp: loaded successfully - version: 4.0.5 - missing functions: none
symbol engine: initialized successfully - sym options: 0x614 - pdb path: .;c:\Users\ADMIN\.vscode\extensions\redhat.java-1.41.1-win32-x64\jre\21.0.6-win32-x86_64\bin;C:\Windows\SYSTEM32;C:\Windows\WinSxS\amd64_microsoft.windows.common-controls_6595b64144ccf1df_6.0.19041.1110_none_60b5254171f9507e;c:\Users\ADMIN\.vscode\extensions\redhat.java-1.41.1-win32-x64\jre\21.0.6-win32-x86_64\bin\server;C:\Users\ADMIN\AppData\Roaming\Code\User\globalStorage\redhat.java\1.41.1\config_win\org.eclipse.equinox.launcher\org.eclipse.equinox.launcher.win32.win32.x86_64_1.2.1300.v20250331-1702;C:\Users\ADMIN\AppData\Local\Temp\jna-62130991

VM Arguments:
jvm_args: --add-modules=ALL-SYSTEM --add-opens=java.base/java.util=ALL-UNNAMED --add-opens=java.base/java.lang=ALL-UNNAMED --add-opens=java.base/sun.nio.fs=ALL-UNNAMED -Declipse.application=org.eclipse.jdt.ls.core.id1 -Dosgi.bundles.defaultStartLevel=4 -Declipse.product=org.eclipse.jdt.ls.core.product -Djava.import.generatesMetadataFilesAtProjectRoot=false -DDetectVMInstallationsJob.disabled=true -Dfile.encoding=utf8 -XX:+UseParallelGC -XX:GCTimeRatio=4 -XX:AdaptiveSizePolicyWeight=90 -Dsun.zip.disableMemoryMapping=true -Xmx1G -Xms100m -Xlog:disable -javaagent:c:\Users\ADMIN\.vscode\extensions\redhat.java-1.41.1-win32-x64\lombok\lombok-1.18.36.jar -XX:+HeapDumpOnOutOfMemoryError -XX:HeapDumpPath=c:\Users\ADMIN\AppData\Roaming\Code\User\workspaceStorage\b1a5b6c4fe46a89c5908816380b53891\redhat.java -Daether.dependencyCollector.impl=bf 
java_command: c:\Users\ADMIN\.vscode\extensions\redhat.java-1.41.1-win32-x64\server\plugins\org.eclipse.equinox.launcher_1.7.0.v20250331-1702.jar -configuration c:\Users\ADMIN\AppData\Roaming\Code\User\globalStorage\redhat.java\1.41.1\config_win -data c:\Users\ADMIN\AppData\Roaming\Code\User\workspaceStorage\b1a5b6c4fe46a89c5908816380b53891\redhat.java\jdt_ws --pipe=\\.\pipe\lsp-253d0f1022768d6515c96d6647359c7f-sock
java_class_path (initial): c:\Users\ADMIN\.vscode\extensions\redhat.java-1.41.1-win32-x64\server\plugins\org.eclipse.equinox.launcher_1.7.0.v20250331-1702.jar
Launcher Type: SUN_STANDARD

[Global flags]
    uintx AdaptiveSizePolicyWeight                 = 90                                        {product} {command line}
     intx CICompilerCount                          = 3                                         {product} {ergonomic}
    uintx GCTimeRatio                              = 4                                         {product} {command line}
     bool HeapDumpOnOutOfMemoryError               = true                                   {manageable} {command line}
    ccstr HeapDumpPath                             = c:\Users\ADMIN\AppData\Roaming\Code\User\workspaceStorage\b1a5b6c4fe46a89c5908816380b53891\redhat.java         {manageable} {command line}
   size_t InitialHeapSize                          = 104857600                                 {product} {command line}
   size_t MaxHeapSize                              = 1073741824                                {product} {command line}
   size_t MaxNewSize                               = 357564416                                 {product} {ergonomic}
   size_t MinHeapDeltaBytes                        = 524288                                    {product} {ergonomic}
   size_t MinHeapSize                              = 104857600                                 {product} {command line}
   size_t NewSize                                  = 34603008                                  {product} {ergonomic}
    uintx NonNMethodCodeHeapSize                   = 5832780                                {pd product} {ergonomic}
    uintx NonProfiledCodeHeapSize                  = 122912730                              {pd product} {ergonomic}
   size_t OldSize                                  = 70254592                                  {product} {ergonomic}
    uintx ProfiledCodeHeapSize                     = 122912730                              {pd product} {ergonomic}
    uintx ReservedCodeCacheSize                    = 251658240                              {pd product} {ergonomic}
     bool SegmentedCodeCache                       = true                                      {product} {ergonomic}
   size_t SoftMaxHeapSize                          = 1073741824                             {manageable} {ergonomic}
     bool UseCompressedOops                        = true                           {product lp64_product} {ergonomic}
     bool UseLargePagesIndividualAllocation        = false                                  {pd product} {ergonomic}
     bool UseParallelGC                            = true                                      {product} {command line}

Logging:
Log output configuration:
 #0: stdout all=off uptime,level,tags foldmultilines=false
 #1: stderr all=off uptime,level,tags foldmultilines=false

Environment Variables:
JAVA_HOME=C:\Program Files\Eclipse Adoptium\jdk-21.0.3.9-hotspot\
PATH=C:\Program Files\Common Files\Oracle\Java\javapath;C:\Program Files\Eclipse Adoptium\jdk-21.0.3.9-hotspot\bin;C:\Program Files (x86)\Common Files\Oracle\Java\javapath;C:\Program Files\Microsoft\jdk-11.0.16.101-hotspot\bin;C:\Windows\system32;C:\Windows;C:\Windows\System32\Wbem;C:\Windows\System32\WindowsPowerShell\v1.0\;C:\Windows\System32\OpenSSH\;C:\Program Files (x86)\Intel\OpenCL SDK\2.0\bin\x86;C:\Program Files (x86)\Intel\OpenCL SDK\2.0\bin\x64;C:\Program Files\dotnet\;C:\Program Files\Java\jdk-22\bin;C:\Program Files (x86)\Microsoft SQL Server\160\Tools\Binn\;C:\Program Files\Microsoft SQL Server\160\Tools\Binn\;C:\Program Files\Microsoft SQL Server\Client SDK\ODBC\170\Tools\Binn\;C:\Program Files\Microsoft SQL Server\160\DTS\Binn\;D:\Git\cmd;D:\WEB2\exe;C:\msys64\mingw64\bin;C:\Users\ADMIN\AppData\Local\Microsoft\WindowsApps;C:\Users\ADMIN\.dotnet\tools;C:\Users\ADMIN\Downloads\winlibs-x86_64-posix-seh-gcc-12.1.0-mingw-w64msvcrt-10.0.0-r3\mingw64\bin;C:\Users\ADMIN\AppData\Local\Programs\Microsoft VS Code\bin
USERNAME=ADMIN
OS=Windows_NT
PROCESSOR_IDENTIFIER=Intel64 Family 6 Model 42 Stepping 7, GenuineIntel
TMP=C:\Users\ADMIN\AppData\Local\Temp
TEMP=C:\Users\ADMIN\AppData\Local\Temp




Periodic native trim disabled

---------------  S Y S T E M  ---------------

OS:
 Windows 10 , 64 bit Build 19041 (10.0.19041.1348)
OS uptime: 0 days 1:48 hours
Hyper-V role detected

CPU: total 4 (initial active 4) (2 cores per cpu, 2 threads per core) family 6 model 42 stepping 7 microcode 0x2f, cx8, cmov, fxsr, ht, mmx, sse, sse2, sse3, ssse3, sse4.1, sse4.2, popcnt, tsc, tscinvbit, avx, aes, clmul, vzeroupper, clflush, hv, rdtscp
Processor Information for the first 4 processors :
  Max Mhz: 2301, Current Mhz: 1600, Mhz Limit: 1587

Memory: 4k page, system-wide physical 3977M (519M free)
TotalPageFile size 7743M (AvailPageFile size 36M)
current process WorkingSet (physical memory assigned to process): 888M, peak: 894M
current process commit charge ("private bytes"): 789M, peak: 795M

vm_info: OpenJDK 64-Bit Server VM (21.0.6+7-LTS) for windows-amd64 JRE (21.0.6+7-LTS), built on 2025-01-21T00:00:00Z by "admin" with MS VC++ 17.7 (VS2022)

END.
