#
# There is insufficient memory for the Java Runtime Environment to continue.
# Native memory allocation (malloc) failed to allocate 1247328 bytes. Error detail: Chunk::new
# Possible reasons:
#   The system is out of physical RAM or swap space
#   This process is running with CompressedOops enabled, and the Java Heap may be blocking the growth of the native heap
# Possible solutions:
#   Reduce memory load on the system
#   Increase physical memory or swap space
#   Check if swap backing store is full
#   Decrease Java heap size (-Xmx/-Xms)
#   Decrease number of Java threads
#   Decrease Java thread stack sizes (-Xss)
#   Set larger code cache with -XX:ReservedCodeCacheSize=
#   JVM is running with Unscaled Compressed Oops mode in which the Java heap is
#     placed in the first 4GB address space. The Java Heap base address is the
#     maximum limit for the native heap growth. Please use -XX:HeapBaseMinAddress
#     to set the Java Heap base and to place the Java Heap above 4GB virtual address.
# This output file may be truncated or incomplete.
#
#  Out of Memory Error (arena.cpp:168), pid=4020, tid=10800
#
# JRE version: OpenJDK Runtime Environment Temurin-21.0.6+7 (21.0.6+7) (build 21.0.6+7-LTS)
# Java VM: OpenJDK 64-Bit Server VM Temurin-21.0.6+7 (21.0.6+7-LTS, mixed mode, sharing, tiered, compressed oops, compressed class ptrs, parallel gc, windows-amd64)
# No core dump will be written. Minidumps are not enabled by default on client versions of Windows
#

---------------  S U M M A R Y ------------

Command Line: --add-modules=ALL-SYSTEM --add-opens=java.base/java.util=ALL-UNNAMED --add-opens=java.base/java.lang=ALL-UNNAMED --add-opens=java.base/sun.nio.fs=ALL-UNNAMED -Declipse.application=org.eclipse.jdt.ls.core.id1 -Dosgi.bundles.defaultStartLevel=4 -Declipse.product=org.eclipse.jdt.ls.core.product -Djava.import.generatesMetadataFilesAtProjectRoot=false -DDetectVMInstallationsJob.disabled=true -Dfile.encoding=utf8 -XX:+UseParallelGC -XX:GCTimeRatio=4 -XX:AdaptiveSizePolicyWeight=90 -Dsun.zip.disableMemoryMapping=true -Xmx1G -Xms100m -Xlog:disable -javaagent:c:\Users\ADMIN\.vscode\extensions\redhat.java-1.41.1-win32-x64\lombok\lombok-1.18.36.jar -XX:+HeapDumpOnOutOfMemoryError -XX:HeapDumpPath=c:\Users\ADMIN\AppData\Roaming\Code\User\workspaceStorage\b1a5b6c4fe46a89c5908816380b53891\redhat.java -Daether.dependencyCollector.impl=bf c:\Users\ADMIN\.vscode\extensions\redhat.java-1.41.1-win32-x64\server\plugins\org.eclipse.equinox.launcher_1.7.0.v20250331-1702.jar -configuration c:\Users\ADMIN\AppData\Roaming\Code\User\globalStorage\redhat.java\1.41.1\config_win -data c:\Users\ADMIN\AppData\Roaming\Code\User\workspaceStorage\b1a5b6c4fe46a89c5908816380b53891\redhat.java\jdt_ws --pipe=\\.\pipe\lsp-704452094188cda7453ab7ee2022b4f0-sock

Host: Intel(R) Core(TM) i5-2410M CPU @ 2.30GHz, 4 cores, 3G,  Windows 10 , 64 bit Build 19041 (10.0.19041.1348)
Time: Wed Apr 30 23:42:11 2025 SE Asia Standard Time elapsed time: 89.758710 seconds (0d 0h 1m 29s)

---------------  T H R E A D  ---------------

Current thread (0x000001a1ed3f6620):  JavaThread "C2 CompilerThread1" daemon [_thread_in_native, id=10800, stack(0x0000003c37c00000,0x0000003c37d00000) (1024K)]


Current CompileTask:
C2:89758 14515 %     4       java.util.Properties::load0 @ 8 (249 bytes)

Stack: [0x0000003c37c00000,0x0000003c37d00000]
Native frames: (J=compiled Java code, j=interpreted, Vv=VM code, C=native code)
V  [jvm.dll+0x6cdee9]
V  [jvm.dll+0x8a83d1]
V  [jvm.dll+0x8aa8fe]
V  [jvm.dll+0x8aafe3]
V  [jvm.dll+0x27f706]
V  [jvm.dll+0xc500d]
V  [jvm.dll+0xc5543]
V  [jvm.dll+0x3b678c]
V  [jvm.dll+0x382935]
V  [jvm.dll+0x381d9a]
V  [jvm.dll+0x2479f0]
V  [jvm.dll+0x246fcf]
V  [jvm.dll+0x1c75ee]
V  [jvm.dll+0x25685a]
V  [jvm.dll+0x254dfa]
V  [jvm.dll+0x3f0256]
V  [jvm.dll+0x851f8b]
V  [jvm.dll+0x6cc5ed]
C  [ucrtbase.dll+0x21bb2]
C  [KERNEL32.DLL+0x17034]
C  [ntdll.dll+0x52651]


---------------  P R O C E S S  ---------------

Threads class SMR info:
_java_thread_list=0x000001a1ecc77210, length=48, elements={
0x000001a1d109cb90, 0x000001a1e53c0ca0, 0x000001a1e53c2240, 0x000001a1e53c6a80,
0x000001a1e53c76d0, 0x000001a1e53c8320, 0x000001a1e53cae80, 0x000001a1e53cbc00,
0x000001a1e543f930, 0x000001a1e6193230, 0x000001a1e63f1730, 0x000001a1e68c8160,
0x000001a1eb1643e0, 0x000001a1e68e79e0, 0x000001a1eb102040, 0x000001a1eb5734a0,
0x000001a1e6cf1f00, 0x000001a1e65821b0, 0x000001a1e6582840, 0x000001a1e6580e00,
0x000001a1e6583560, 0x000001a1e6582ed0, 0x000001a1e65800e0, 0x000001a1e6581b20,
0x000001a1e6581490, 0x000001a1e6580770, 0x000001a1ecf33930, 0x000001a1ecf32580,
0x000001a1ecf34650, 0x000001a1ecf332a0, 0x000001a1ecf33fc0, 0x000001a1ecf311d0,
0x000001a1ecf31860, 0x000001a1ecf31ef0, 0x000001a1ecf32c10, 0x000001a1e616d610,
0x000001a1e616dca0, 0x000001a1e616cf80, 0x000001a1e616e330, 0x000001a1e6169b00,
0x000001a1e616b540, 0x000001a1e6169470, 0x000001a1e616aeb0, 0x000001a1e616e9c0,
0x000001a1e616c8f0, 0x000001a1e616f050, 0x000001a1ed3f6620, 0x000001a1e616a820
}

Java Threads: ( => current thread )
  0x000001a1d109cb90 JavaThread "main"                              [_thread_blocked, id=10780, stack(0x0000003c37e00000,0x0000003c37f00000) (1024K)]
  0x000001a1e53c0ca0 JavaThread "Reference Handler"          daemon [_thread_blocked, id=8272, stack(0x0000003c38200000,0x0000003c38300000) (1024K)]
  0x000001a1e53c2240 JavaThread "Finalizer"                  daemon [_thread_blocked, id=10548, stack(0x0000003c38300000,0x0000003c38400000) (1024K)]
  0x000001a1e53c6a80 JavaThread "Signal Dispatcher"          daemon [_thread_blocked, id=4300, stack(0x0000003c38400000,0x0000003c38500000) (1024K)]
  0x000001a1e53c76d0 JavaThread "Attach Listener"            daemon [_thread_blocked, id=9876, stack(0x0000003c38500000,0x0000003c38600000) (1024K)]
  0x000001a1e53c8320 JavaThread "Service Thread"             daemon [_thread_blocked, id=1128, stack(0x0000003c38600000,0x0000003c38700000) (1024K)]
  0x000001a1e53cae80 JavaThread "Monitor Deflation Thread"   daemon [_thread_blocked, id=9708, stack(0x0000003c38700000,0x0000003c38800000) (1024K)]
  0x000001a1e53cbc00 JavaThread "C2 CompilerThread0"         daemon [_thread_in_native, id=9120, stack(0x0000003c38800000,0x0000003c38900000) (1024K)]
  0x000001a1e543f930 JavaThread "C1 CompilerThread0"         daemon [_thread_blocked, id=5128, stack(0x0000003c38900000,0x0000003c38a00000) (1024K)]
  0x000001a1e6193230 JavaThread "Common-Cleaner"             daemon [_thread_blocked, id=9856, stack(0x0000003c38a00000,0x0000003c38b00000) (1024K)]
  0x000001a1e63f1730 JavaThread "Notification Thread"        daemon [_thread_blocked, id=13236, stack(0x0000003c38b00000,0x0000003c38c00000) (1024K)]
  0x000001a1e68c8160 JavaThread "Active Thread: Equinox Container: a4f6d1f9-91c7-4363-aa24-f054bc7960bb"        [_thread_blocked, id=8992, stack(0x0000003c39000000,0x0000003c39100000) (1024K)]
  0x000001a1eb1643e0 JavaThread "Refresh Thread: Equinox Container: a4f6d1f9-91c7-4363-aa24-f054bc7960bb" daemon [_thread_blocked, id=6004, stack(0x0000003c39100000,0x0000003c39200000) (1024K)]
  0x000001a1e68e79e0 JavaThread "Framework Event Dispatcher: Equinox Container: a4f6d1f9-91c7-4363-aa24-f054bc7960bb" daemon [_thread_blocked, id=9272, stack(0x0000003c39200000,0x0000003c39300000) (1024K)]
  0x000001a1eb102040 JavaThread "Start Level: Equinox Container: a4f6d1f9-91c7-4363-aa24-f054bc7960bb" daemon [_thread_blocked, id=1512, stack(0x0000003c39300000,0x0000003c39400000) (1024K)]
  0x000001a1eb5734a0 JavaThread "Bundle File Closer"         daemon [_thread_blocked, id=10348, stack(0x0000003c39400000,0x0000003c39500000) (1024K)]
  0x000001a1e6cf1f00 JavaThread "SCR Component Actor"        daemon [_thread_blocked, id=13196, stack(0x0000003c38f00000,0x0000003c39000000) (1024K)]
  0x000001a1e65821b0 JavaThread "Worker-JM"                         [_thread_blocked, id=13204, stack(0x0000003c39700000,0x0000003c39800000) (1024K)]
  0x000001a1e6582840 JavaThread "JNA Cleaner"                daemon [_thread_blocked, id=4368, stack(0x0000003c39800000,0x0000003c39900000) (1024K)]
  0x000001a1e6580e00 JavaThread "Worker-0: Initialize workspace"        [_thread_blocked, id=4296, stack(0x0000003c39900000,0x0000003c39a00000) (1024K)]
  0x000001a1e6583560 JavaThread "Worker-1"                          [_thread_blocked, id=1104, stack(0x0000003c39a00000,0x0000003c39b00000) (1024K)]
  0x000001a1e6582ed0 JavaThread "Worker-2"                          [_thread_blocked, id=5188, stack(0x0000003c39b00000,0x0000003c39c00000) (1024K)]
  0x000001a1e65800e0 JavaThread "Worker-3"                          [_thread_blocked, id=2324, stack(0x0000003c39c00000,0x0000003c39d00000) (1024K)]
  0x000001a1e6581b20 JavaThread "Java indexing"              daemon [_thread_blocked, id=10364, stack(0x0000003c39d00000,0x0000003c39e00000) (1024K)]
  0x000001a1e6581490 JavaThread "Worker-4"                          [_thread_blocked, id=7644, stack(0x0000003c3a000000,0x0000003c3a100000) (1024K)]
  0x000001a1e6580770 JavaThread "Worker-5"                          [_thread_blocked, id=11956, stack(0x0000003c3a100000,0x0000003c3a200000) (1024K)]
  0x000001a1ecf33930 JavaThread "Thread-2"                   daemon [_thread_in_native, id=13144, stack(0x0000003c3a200000,0x0000003c3a300000) (1024K)]
  0x000001a1ecf32580 JavaThread "Thread-3"                   daemon [_thread_in_native, id=900, stack(0x0000003c3a300000,0x0000003c3a400000) (1024K)]
  0x000001a1ecf34650 JavaThread "Thread-4"                   daemon [_thread_in_native, id=6320, stack(0x0000003c3a400000,0x0000003c3a500000) (1024K)]
  0x000001a1ecf332a0 JavaThread "Thread-5"                   daemon [_thread_in_native, id=9840, stack(0x0000003c3a500000,0x0000003c3a600000) (1024K)]
  0x000001a1ecf33fc0 JavaThread "Thread-6"                   daemon [_thread_in_native, id=1568, stack(0x0000003c3a600000,0x0000003c3a700000) (1024K)]
  0x000001a1ecf311d0 JavaThread "pool-2-thread-1"                   [_thread_blocked, id=12164, stack(0x0000003c3a700000,0x0000003c3a800000) (1024K)]
  0x000001a1ecf31860 JavaThread "WorkspaceEventsHandler"            [_thread_blocked, id=10212, stack(0x0000003c39500000,0x0000003c39600000) (1024K)]
  0x000001a1ecf31ef0 JavaThread "pool-1-thread-1"                   [_thread_blocked, id=1280, stack(0x0000003c3a800000,0x0000003c3a900000) (1024K)]
  0x000001a1ecf32c10 JavaThread "LocalFile Deleter"          daemon [_thread_blocked, id=7736, stack(0x0000003c3a900000,0x0000003c3aa00000) (1024K)]
  0x000001a1e616d610 JavaThread "LocalFile Deleter"          daemon [_thread_blocked, id=12012, stack(0x0000003c3aa00000,0x0000003c3ab00000) (1024K)]
  0x000001a1e616dca0 JavaThread "LocalFile Deleter"          daemon [_thread_blocked, id=168, stack(0x0000003c3ab00000,0x0000003c3ac00000) (1024K)]
  0x000001a1e616cf80 JavaThread "LocalFile Deleter"          daemon [_thread_blocked, id=9084, stack(0x0000003c3ac00000,0x0000003c3ad00000) (1024K)]
  0x000001a1e616e330 JavaThread "Compiler Source File Reader" daemon [_thread_blocked, id=10744, stack(0x0000003c3ad00000,0x0000003c3ae00000) (1024K)]
  0x000001a1e6169b00 JavaThread "Compiler Source File Reader" daemon [_thread_blocked, id=4000, stack(0x0000003c3ae00000,0x0000003c3af00000) (1024K)]
  0x000001a1e616b540 JavaThread "ForkJoinPool.commonPool-worker-1" daemon [_thread_blocked, id=3760, stack(0x0000003c3af00000,0x0000003c3b000000) (1024K)]
  0x000001a1e6169470 JavaThread "ForkJoinPool.commonPool-worker-2" daemon [_thread_in_vm, id=1348, stack(0x0000003c3b000000,0x0000003c3b100000) (1024K)]
  0x000001a1e616aeb0 JavaThread "ForkJoinPool.commonPool-worker-3" daemon [_thread_blocked, id=2596, stack(0x0000003c3b100000,0x0000003c3b200000) (1024K)]
  0x000001a1e616e9c0 JavaThread "Compiler Processing Task"   daemon [_thread_blocked, id=13272, stack(0x0000003c3b200000,0x0000003c3b300000) (1024K)]
  0x000001a1e616c8f0 JavaThread "Compiler Class File Writer" daemon [_thread_blocked, id=12120, stack(0x0000003c3b300000,0x0000003c3b400000) (1024K)]
  0x000001a1e616f050 JavaThread "Compiler Class File Writer" daemon [_thread_blocked, id=11036, stack(0x0000003c3b400000,0x0000003c3b500000) (1024K)]
=>0x000001a1ed3f6620 JavaThread "C2 CompilerThread1"         daemon [_thread_in_native, id=10800, stack(0x0000003c37c00000,0x0000003c37d00000) (1024K)]
  0x000001a1e616a820 JavaThread "Cleaner-0"                  daemon [_thread_blocked, id=11620, stack(0x0000003c37d00000,0x0000003c37e00000) (1024K)]
Total: 48

Other Threads:
  0x000001a1e53a6e30 VMThread "VM Thread"                           [id=4504, stack(0x0000003c38100000,0x0000003c38200000) (1024K)]
  0x000001a1d1163000 WatcherThread "VM Periodic Task Thread"        [id=232, stack(0x0000003c38000000,0x0000003c38100000) (1024K)]
  0x000001a1d10b9960 WorkerThread "GC Thread#0"                     [id=9472, stack(0x0000003c37f00000,0x0000003c38000000) (1024K)]
  0x000001a1e6789760 WorkerThread "GC Thread#1"                     [id=10820, stack(0x0000003c38c00000,0x0000003c38d00000) (1024K)]
  0x000001a1e6789b00 WorkerThread "GC Thread#2"                     [id=8044, stack(0x0000003c38d00000,0x0000003c38e00000) (1024K)]
  0x000001a1e6ab49b0 WorkerThread "GC Thread#3"                     [id=8944, stack(0x0000003c38e00000,0x0000003c38f00000) (1024K)]
Total: 6

Threads with active compile tasks:
C2 CompilerThread0  89862 14386       4       org.eclipse.jdt.internal.compiler.lookup.LookupEnvironment::getTypeFromTypeSignature (770 bytes)
C2 CompilerThread1  89863 14515 %     4       java.util.Properties::load0 @ 8 (249 bytes)
Total: 2

VM state: not at safepoint (normal execution)

VM Mutex/Monitor currently owned by a thread: None

Heap address: 0x00000000c0000000, size: 1024 MB, Compressed Oops mode: 32-bit

CDS archive(s) mapped at: [0x000001a180000000-0x000001a180ba0000-0x000001a180ba0000), size 12189696, SharedBaseAddress: 0x000001a180000000, ArchiveRelocationMode: 1.
Compressed class space mapped at: 0x000001a181000000-0x000001a1c1000000, reserved size: 1073741824
Narrow klass base: 0x000001a180000000, Narrow klass shift: 0, Narrow klass range: 0x100000000

GC Precious Log:
 CardTable entry size: 512
 CPUs: 4 total, 4 available
 Memory: 3977M
 Large Page Support: Disabled
 NUMA Support: Disabled
 Compressed Oops: Enabled (32-bit)
 Alignments: Space 512K, Generation 512K, Heap 2M
 Heap Min Capacity: 100M
 Heap Initial Capacity: 100M
 Heap Max Capacity: 1G
 Pre-touch: Disabled
 Parallel Workers: 4

Heap:
 PSYoungGen      total 3072K, used 2311K [0x00000000eab00000, 0x00000000eb200000, 0x0000000100000000)
  eden space 2560K, 72% used [0x00000000eab00000,0x00000000eacd1ec8,0x00000000ead80000)
  from space 512K, 87% used [0x00000000eb180000,0x00000000eb1f0000,0x00000000eb200000)
  to   space 2048K, 0% used [0x00000000eae00000,0x00000000eae00000,0x00000000eb000000)
 ParOldGen       total 609280K, used 609027K [0x00000000c0000000, 0x00000000e5300000, 0x00000000eab00000)
  object space 609280K, 99% used [0x00000000c0000000,0x00000000e52c0fe0,0x00000000e5300000)
 Metaspace       used 68057K, committed 69632K, reserved 1114112K
  class space    used 6677K, committed 7360K, reserved 1048576K

Card table byte_map: [0x000001a1d0a50000,0x000001a1d0c60000] _byte_map_base: 0x000001a1d0450000

Marking Bits: (ParMarkBitMap*) 0x00007ff892543260
 Begin Bits: [0x000001a1e32a0000, 0x000001a1e42a0000)
 End Bits:   [0x000001a1e42a0000, 0x000001a1e52a0000)

Polling page: 0x000001a1cf060000

Metaspace:

Usage:
  Non-class:     59.94 MB used.
      Class:      6.52 MB used.
       Both:     66.46 MB used.

Virtual space:
  Non-class space:       64.00 MB reserved,      60.81 MB ( 95%) committed,  1 nodes.
      Class space:        1.00 GB reserved,       7.19 MB ( <1%) committed,  1 nodes.
             Both:        1.06 GB reserved,      68.00 MB (  6%) committed. 

Chunk freelists:
   Non-Class:  2.92 MB
       Class:  8.63 MB
        Both:  11.55 MB

MaxMetaspaceSize: unlimited
CompressedClassSpaceSize: 1.00 GB
Initial GC threshold: 21.00 MB
Current GC threshold: 106.69 MB
CDS: on
 - commit_granule_bytes: 65536.
 - commit_granule_words: 8192.
 - virtual_space_node_default_size: 8388608.
 - enlarge_chunks_in_place: 1.
 - use_allocation_guard: 0.


Internal statistics:

num_allocs_failed_limit: 11.
num_arena_births: 1184.
num_arena_deaths: 28.
num_vsnodes_births: 2.
num_vsnodes_deaths: 0.
num_space_committed: 1088.
num_space_uncommitted: 0.
num_chunks_returned_to_freelist: 41.
num_chunks_taken_from_freelist: 4477.
num_chunk_merges: 18.
num_chunk_splits: 2712.
num_chunks_enlarged: 1531.
num_inconsistent_stats: 0.

CodeHeap 'non-profiled nmethods': size=120000Kb used=11038Kb max_used=11038Kb free=108961Kb
 bounds [0x000001a1dbd70000, 0x000001a1dc840000, 0x000001a1e32a0000]
CodeHeap 'profiled nmethods': size=120000Kb used=30854Kb max_used=31626Kb free=89145Kb
 bounds [0x000001a1d42a0000, 0x000001a1d61d0000, 0x000001a1db7d0000]
CodeHeap 'non-nmethods': size=5760Kb used=1459Kb max_used=1516Kb free=4300Kb
 bounds [0x000001a1db7d0000, 0x000001a1dba40000, 0x000001a1dbd70000]
 total_blobs=13106 nmethods=12326 adapters=683
 compilation: enabled
              stopped_count=0, restarted_count=0
 full_count=0

Compilation events (20 events):
Event: 89.656 Thread 0x000001a1e543f930 14539       3       org.eclipse.jdt.core.dom.TypeBinding::isAnonymous (36 bytes)
Event: 89.657 Thread 0x000001a1e543f930 nmethod 14539 0x000001a1d5139010 code [0x000001a1d5139200, 0x000001a1d51398a0]
Event: 89.671 Thread 0x000001a1e543f930 14541       1       org.eclipse.core.resources.FileInfoMatcherDescription::getArguments (5 bytes)
Event: 89.671 Thread 0x000001a1e543f930 nmethod 14541 0x000001a1dc836d10 code [0x000001a1dc836ea0, 0x000001a1dc836f68]
Event: 89.682 Thread 0x000001a1e543f930 14542       2       java.util.GregorianCalendar::getWeekNumber (89 bytes)
Event: 89.683 Thread 0x000001a1e543f930 nmethod 14542 0x000001a1d53b5c10 code [0x000001a1d53b5dc0, 0x000001a1d53b5ff8]
Event: 89.686 Thread 0x000001a1e543f930 14543       1       org.eclipse.jdt.internal.core.PackageFragmentRoot::isExternal (2 bytes)
Event: 89.686 Thread 0x000001a1e543f930 nmethod 14543 0x000001a1dc837010 code [0x000001a1dc8371a0, 0x000001a1dc837268]
Event: 89.691 Thread 0x000001a1e543f930 14544       2       org.eclipse.jdt.core.dom.NodeFinder$NodeFinderVisitor::preVisit2 (98 bytes)
Event: 89.692 Thread 0x000001a1e543f930 nmethod 14544 0x000001a1d4e19490 code [0x000001a1d4e19640, 0x000001a1d4e19888]
Event: 89.710 Thread 0x000001a1e543f930 14545       1       org.eclipse.core.internal.resources.FilterDescriptor::isFirstOrdering (5 bytes)
Event: 89.712 Thread 0x000001a1e543f930 nmethod 14545 0x000001a1dc837310 code [0x000001a1dc8374a0, 0x000001a1dc837570]
Event: 89.713 Thread 0x000001a1e543f930 14546       2       org.eclipse.core.internal.resources.Filter::getType (8 bytes)
Event: 89.713 Thread 0x000001a1e543f930 nmethod 14546 0x000001a1d5138c90 code [0x000001a1d5138e20, 0x000001a1d5138f30]
Event: 89.713 Thread 0x000001a1e543f930 14547       2       org.eclipse.core.internal.resources.Filter::getId (11 bytes)
Event: 89.714 Thread 0x000001a1e543f930 nmethod 14547 0x000001a1d517bb10 code [0x000001a1d517bca0, 0x000001a1d517bdb8]
Event: 89.732 Thread 0x000001a1e543f930 14548       2       java.lang.StringCoding::implEncodeAsciiArray (47 bytes)
Event: 89.734 Thread 0x000001a1e543f930 nmethod 14548 0x000001a1d4e18f90 code [0x000001a1d4e19140, 0x000001a1d4e192f8]
Event: 89.736 Thread 0x000001a1e543f930 14549       2       java.util.Calendar::setFieldsComputed (118 bytes)
Event: 89.737 Thread 0x000001a1e543f930 nmethod 14549 0x000001a1d4e18810 code [0x000001a1d4e189e0, 0x000001a1d4e18cf0]

GC Heap History (20 events):
Event: 89.169 GC heap after
{Heap after GC invocations=667 (full 4):
 PSYoungGen      total 1536K, used 1008K [0x00000000eab00000, 0x00000000eb080000, 0x0000000100000000)
  eden space 512K, 0% used [0x00000000eab00000,0x00000000eab00000,0x00000000eab80000)
  from space 1024K, 98% used [0x00000000ead80000,0x00000000eae7c2f0,0x00000000eae80000)
  to   space 2048K, 0% used [0x00000000eab80000,0x00000000eab80000,0x00000000ead80000)
 ParOldGen       total 599552K, used 599479K [0x00000000c0000000, 0x00000000e4980000, 0x00000000eab00000)
  object space 599552K, 99% used [0x00000000c0000000,0x00000000e496dde8,0x00000000e4980000)
 Metaspace       used 67579K, committed 69184K, reserved 1114112K
  class space    used 6643K, committed 7360K, reserved 1048576K
}
Event: 89.176 GC heap before
{Heap before GC invocations=668 (full 4):
 PSYoungGen      total 1536K, used 1520K [0x00000000eab00000, 0x00000000eb080000, 0x0000000100000000)
  eden space 512K, 100% used [0x00000000eab00000,0x00000000eab80000,0x00000000eab80000)
  from space 1024K, 98% used [0x00000000ead80000,0x00000000eae7c2f0,0x00000000eae80000)
  to   space 2048K, 0% used [0x00000000eab80000,0x00000000eab80000,0x00000000ead80000)
 ParOldGen       total 599552K, used 599479K [0x00000000c0000000, 0x00000000e4980000, 0x00000000eab00000)
  object space 599552K, 99% used [0x00000000c0000000,0x00000000e496dde8,0x00000000e4980000)
 Metaspace       used 67597K, committed 69184K, reserved 1114112K
  class space    used 6645K, committed 7360K, reserved 1048576K
}
Event: 89.182 GC heap after
{Heap after GC invocations=668 (full 4):
 PSYoungGen      total 1024K, used 384K [0x00000000eab00000, 0x00000000eae00000, 0x0000000100000000)
  eden space 512K, 0% used [0x00000000eab00000,0x00000000eab00000,0x00000000eab80000)
  from space 512K, 75% used [0x00000000eab80000,0x00000000eabe0000,0x00000000eac00000)
  to   space 1024K, 0% used [0x00000000ead00000,0x00000000ead00000,0x00000000eae00000)
 ParOldGen       total 600576K, used 600504K [0x00000000c0000000, 0x00000000e4a80000, 0x00000000eab00000)
  object space 600576K, 99% used [0x00000000c0000000,0x00000000e4a6e0d8,0x00000000e4a80000)
 Metaspace       used 67597K, committed 69184K, reserved 1114112K
  class space    used 6645K, committed 7360K, reserved 1048576K
}
Event: 89.192 GC heap before
{Heap before GC invocations=669 (full 4):
 PSYoungGen      total 1024K, used 896K [0x00000000eab00000, 0x00000000eae00000, 0x0000000100000000)
  eden space 512K, 100% used [0x00000000eab00000,0x00000000eab80000,0x00000000eab80000)
  from space 512K, 75% used [0x00000000eab80000,0x00000000eabe0000,0x00000000eac00000)
  to   space 1024K, 0% used [0x00000000ead00000,0x00000000ead00000,0x00000000eae00000)
 ParOldGen       total 600576K, used 600504K [0x00000000c0000000, 0x00000000e4a80000, 0x00000000eab00000)
  object space 600576K, 99% used [0x00000000c0000000,0x00000000e4a6e0d8,0x00000000e4a80000)
 Metaspace       used 67602K, committed 69184K, reserved 1114112K
  class space    used 6645K, committed 7360K, reserved 1048576K
}
Event: 89.199 GC heap after
{Heap after GC invocations=669 (full 4):
 PSYoungGen      total 1536K, used 352K [0x00000000eab00000, 0x00000000ead80000, 0x0000000100000000)
  eden space 1024K, 0% used [0x00000000eab00000,0x00000000eab00000,0x00000000eac00000)
  from space 512K, 68% used [0x00000000ead00000,0x00000000ead58000,0x00000000ead80000)
  to   space 512K, 0% used [0x00000000eac80000,0x00000000eac80000,0x00000000ead00000)
 ParOldGen       total 601088K, used 600784K [0x00000000c0000000, 0x00000000e4b00000, 0x00000000eab00000)
  object space 601088K, 99% used [0x00000000c0000000,0x00000000e4ab40d8,0x00000000e4b00000)
 Metaspace       used 67602K, committed 69184K, reserved 1114112K
  class space    used 6645K, committed 7360K, reserved 1048576K
}
Event: 89.234 GC heap before
{Heap before GC invocations=670 (full 4):
 PSYoungGen      total 1536K, used 1375K [0x00000000eab00000, 0x00000000ead80000, 0x0000000100000000)
  eden space 1024K, 99% used [0x00000000eab00000,0x00000000eabfffd8,0x00000000eac00000)
  from space 512K, 68% used [0x00000000ead00000,0x00000000ead58000,0x00000000ead80000)
  to   space 512K, 0% used [0x00000000eac80000,0x00000000eac80000,0x00000000ead00000)
 ParOldGen       total 601088K, used 600784K [0x00000000c0000000, 0x00000000e4b00000, 0x00000000eab00000)
  object space 601088K, 99% used [0x00000000c0000000,0x00000000e4ab40d8,0x00000000e4b00000)
 Metaspace       used 67628K, committed 69184K, reserved 1114112K
  class space    used 6649K, committed 7360K, reserved 1048576K
}
Event: 89.240 GC heap after
{Heap after GC invocations=670 (full 4):
 PSYoungGen      total 2048K, used 512K [0x00000000eab00000, 0x00000000eae80000, 0x0000000100000000)
  eden space 1536K, 0% used [0x00000000eab00000,0x00000000eab00000,0x00000000eac80000)
  from space 512K, 100% used [0x00000000eac80000,0x00000000ead00000,0x00000000ead00000)
  to   space 1024K, 0% used [0x00000000ead80000,0x00000000ead80000,0x00000000eae80000)
 ParOldGen       total 601088K, used 601076K [0x00000000c0000000, 0x00000000e4b00000, 0x00000000eab00000)
  object space 601088K, 99% used [0x00000000c0000000,0x00000000e4afd0e8,0x00000000e4b00000)
 Metaspace       used 67628K, committed 69184K, reserved 1114112K
  class space    used 6649K, committed 7360K, reserved 1048576K
}
Event: 89.256 GC heap before
{Heap before GC invocations=671 (full 4):
 PSYoungGen      total 2048K, used 2048K [0x00000000eab00000, 0x00000000eae80000, 0x0000000100000000)
  eden space 1536K, 100% used [0x00000000eab00000,0x00000000eac80000,0x00000000eac80000)
  from space 512K, 100% used [0x00000000eac80000,0x00000000ead00000,0x00000000ead00000)
  to   space 1024K, 0% used [0x00000000ead80000,0x00000000ead80000,0x00000000eae80000)
 ParOldGen       total 601088K, used 601076K [0x00000000c0000000, 0x00000000e4b00000, 0x00000000eab00000)
  object space 601088K, 99% used [0x00000000c0000000,0x00000000e4afd0e8,0x00000000e4b00000)
 Metaspace       used 67662K, committed 69248K, reserved 1114112K
  class space    used 6652K, committed 7360K, reserved 1048576K
}
Event: 89.263 GC heap after
{Heap after GC invocations=671 (full 4):
 PSYoungGen      total 2560K, used 656K [0x00000000eab00000, 0x00000000eaf00000, 0x0000000100000000)
  eden space 1536K, 0% used [0x00000000eab00000,0x00000000eab00000,0x00000000eac80000)
  from space 1024K, 64% used [0x00000000ead80000,0x00000000eae24010,0x00000000eae80000)
  to   space 1024K, 0% used [0x00000000eac80000,0x00000000eac80000,0x00000000ead80000)
 ParOldGen       total 601600K, used 601572K [0x00000000c0000000, 0x00000000e4b80000, 0x00000000eab00000)
  object space 601600K, 99% used [0x00000000c0000000,0x00000000e4b790e8,0x00000000e4b80000)
 Metaspace       used 67662K, committed 69248K, reserved 1114112K
  class space    used 6652K, committed 7360K, reserved 1048576K
}
Event: 89.280 GC heap before
{Heap before GC invocations=672 (full 4):
 PSYoungGen      total 2560K, used 2192K [0x00000000eab00000, 0x00000000eaf00000, 0x0000000100000000)
  eden space 1536K, 100% used [0x00000000eab00000,0x00000000eac80000,0x00000000eac80000)
  from space 1024K, 64% used [0x00000000ead80000,0x00000000eae24010,0x00000000eae80000)
  to   space 1024K, 0% used [0x00000000eac80000,0x00000000eac80000,0x00000000ead80000)
 ParOldGen       total 601600K, used 601572K [0x00000000c0000000, 0x00000000e4b80000, 0x00000000eab00000)
  object space 601600K, 99% used [0x00000000c0000000,0x00000000e4b790e8,0x00000000e4b80000)
 Metaspace       used 67685K, committed 69248K, reserved 1114112K
  class space    used 6653K, committed 7360K, reserved 1048576K
}
Event: 89.286 GC heap after
{Heap after GC invocations=672 (full 4):
 PSYoungGen      total 2560K, used 1022K [0x00000000eab00000, 0x00000000eb200000, 0x0000000100000000)
  eden space 1536K, 0% used [0x00000000eab00000,0x00000000eab00000,0x00000000eac80000)
  from space 1024K, 99% used [0x00000000eac80000,0x00000000ead7f890,0x00000000ead80000)
  to   space 2560K, 0% used [0x00000000eaf80000,0x00000000eaf80000,0x00000000eb200000)
 ParOldGen       total 602624K, used 602408K [0x00000000c0000000, 0x00000000e4c80000, 0x00000000eab00000)
  object space 602624K, 99% used [0x00000000c0000000,0x00000000e4c4a0d0,0x00000000e4c80000)
 Metaspace       used 67685K, committed 69248K, reserved 1114112K
  class space    used 6653K, committed 7360K, reserved 1048576K
}
Event: 89.359 GC heap before
{Heap before GC invocations=673 (full 4):
 PSYoungGen      total 2560K, used 2558K [0x00000000eab00000, 0x00000000eb200000, 0x0000000100000000)
  eden space 1536K, 100% used [0x00000000eab00000,0x00000000eac80000,0x00000000eac80000)
  from space 1024K, 99% used [0x00000000eac80000,0x00000000ead7f890,0x00000000ead80000)
  to   space 2560K, 0% used [0x00000000eaf80000,0x00000000eaf80000,0x00000000eb200000)
 ParOldGen       total 602624K, used 602408K [0x00000000c0000000, 0x00000000e4c80000, 0x00000000eab00000)
  object space 602624K, 99% used [0x00000000c0000000,0x00000000e4c4a0d0,0x00000000e4c80000)
 Metaspace       used 67708K, committed 69248K, reserved 1114112K
  class space    used 6654K, committed 7360K, reserved 1048576K
}
Event: 89.369 GC heap after
{Heap after GC invocations=673 (full 4):
 PSYoungGen      total 3072K, used 768K [0x00000000eab00000, 0x00000000eb080000, 0x0000000100000000)
  eden space 2048K, 0% used [0x00000000eab00000,0x00000000eab00000,0x00000000ead00000)
  from space 1024K, 75% used [0x00000000eaf80000,0x00000000eb040000,0x00000000eb080000)
  to   space 1536K, 0% used [0x00000000ead80000,0x00000000ead80000,0x00000000eaf00000)
 ParOldGen       total 603648K, used 603384K [0x00000000c0000000, 0x00000000e4d80000, 0x00000000eab00000)
  object space 603648K, 99% used [0x00000000c0000000,0x00000000e4d3e0d0,0x00000000e4d80000)
 Metaspace       used 67708K, committed 69248K, reserved 1114112K
  class space    used 6654K, committed 7360K, reserved 1048576K
}
Event: 89.490 GC heap before
{Heap before GC invocations=674 (full 4):
 PSYoungGen      total 3072K, used 2816K [0x00000000eab00000, 0x00000000eb080000, 0x0000000100000000)
  eden space 2048K, 100% used [0x00000000eab00000,0x00000000ead00000,0x00000000ead00000)
  from space 1024K, 75% used [0x00000000eaf80000,0x00000000eb040000,0x00000000eb080000)
  to   space 1536K, 0% used [0x00000000ead80000,0x00000000ead80000,0x00000000eaf00000)
 ParOldGen       total 603648K, used 603384K [0x00000000c0000000, 0x00000000e4d80000, 0x00000000eab00000)
  object space 603648K, 99% used [0x00000000c0000000,0x00000000e4d3e0d0,0x00000000e4d80000)
 Metaspace       used 67713K, committed 69312K, reserved 1114112K
  class space    used 6654K, committed 7360K, reserved 1048576K
}
Event: 89.496 GC heap after
{Heap after GC invocations=674 (full 4):
 PSYoungGen      total 4096K, used 1245K [0x00000000eab00000, 0x00000000eb080000, 0x0000000100000000)
  eden space 2560K, 0% used [0x00000000eab00000,0x00000000eab00000,0x00000000ead80000)
  from space 1536K, 81% used [0x00000000ead80000,0x00000000eaeb7628,0x00000000eaf00000)
  to   space 1536K, 0% used [0x00000000eaf00000,0x00000000eaf00000,0x00000000eb080000)
 ParOldGen       total 604160K, used 604100K [0x00000000c0000000, 0x00000000e4e00000, 0x00000000eab00000)
  object space 604160K, 99% used [0x00000000c0000000,0x00000000e4df10e0,0x00000000e4e00000)
 Metaspace       used 67713K, committed 69312K, reserved 1114112K
  class space    used 6654K, committed 7360K, reserved 1048576K
}
Event: 89.542 GC heap before
{Heap before GC invocations=675 (full 4):
 PSYoungGen      total 4096K, used 3805K [0x00000000eab00000, 0x00000000eb080000, 0x0000000100000000)
  eden space 2560K, 100% used [0x00000000eab00000,0x00000000ead80000,0x00000000ead80000)
  from space 1536K, 81% used [0x00000000ead80000,0x00000000eaeb7628,0x00000000eaf00000)
  to   space 1536K, 0% used [0x00000000eaf00000,0x00000000eaf00000,0x00000000eb080000)
 ParOldGen       total 604160K, used 604100K [0x00000000c0000000, 0x00000000e4e00000, 0x00000000eab00000)
  object space 604160K, 99% used [0x00000000c0000000,0x00000000e4df10e0,0x00000000e4e00000)
 Metaspace       used 67721K, committed 69312K, reserved 1114112K
  class space    used 6655K, committed 7360K, reserved 1048576K
}
Event: 89.553 GC heap after
{Heap after GC invocations=675 (full 4):
 PSYoungGen      total 4096K, used 1536K [0x00000000eab00000, 0x00000000eb080000, 0x0000000100000000)
  eden space 2560K, 0% used [0x00000000eab00000,0x00000000eab00000,0x00000000ead80000)
  from space 1536K, 100% used [0x00000000eaf00000,0x00000000eb080000,0x00000000eb080000)
  to   space 1536K, 0% used [0x00000000ead80000,0x00000000ead80000,0x00000000eaf00000)
 ParOldGen       total 605696K, used 605394K [0x00000000c0000000, 0x00000000e4f80000, 0x00000000eab00000)
  object space 605696K, 99% used [0x00000000c0000000,0x00000000e4f34a00,0x00000000e4f80000)
 Metaspace       used 67721K, committed 69312K, reserved 1114112K
  class space    used 6655K, committed 7360K, reserved 1048576K
}
Event: 89.606 GC heap before
{Heap before GC invocations=676 (full 4):
 PSYoungGen      total 4096K, used 4092K [0x00000000eab00000, 0x00000000eb080000, 0x0000000100000000)
  eden space 2560K, 99% used [0x00000000eab00000,0x00000000ead7f328,0x00000000ead80000)
  from space 1536K, 100% used [0x00000000eaf00000,0x00000000eb080000,0x00000000eb080000)
  to   space 1536K, 0% used [0x00000000ead80000,0x00000000ead80000,0x00000000eaf00000)
 ParOldGen       total 605696K, used 605394K [0x00000000c0000000, 0x00000000e4f80000, 0x00000000eab00000)
  object space 605696K, 99% used [0x00000000c0000000,0x00000000e4f34a00,0x00000000e4f80000)
 Metaspace       used 67799K, committed 69376K, reserved 1114112K
  class space    used 6658K, committed 7360K, reserved 1048576K
}
Event: 89.615 GC heap after
{Heap after GC invocations=676 (full 4):
 PSYoungGen      total 4096K, used 1536K [0x00000000eab00000, 0x00000000eb580000, 0x0000000100000000)
  eden space 2560K, 0% used [0x00000000eab00000,0x00000000eab00000,0x00000000ead80000)
  from space 1536K, 100% used [0x00000000ead80000,0x00000000eaf00000,0x00000000eaf00000)
  to   space 4096K, 0% used [0x00000000eb180000,0x00000000eb180000,0x00000000eb580000)
 ParOldGen       total 607744K, used 607463K [0x00000000c0000000, 0x00000000e5180000, 0x00000000eab00000)
  object space 607744K, 99% used [0x00000000c0000000,0x00000000e5139c68,0x00000000e5180000)
 Metaspace       used 67799K, committed 69376K, reserved 1114112K
  class space    used 6658K, committed 7360K, reserved 1048576K
}
Event: 89.747 GC heap before
{Heap before GC invocations=677 (full 4):
 PSYoungGen      total 4096K, used 4095K [0x00000000eab00000, 0x00000000eb580000, 0x0000000100000000)
  eden space 2560K, 99% used [0x00000000eab00000,0x00000000ead7ffe8,0x00000000ead80000)
  from space 1536K, 100% used [0x00000000ead80000,0x00000000eaf00000,0x00000000eaf00000)
  to   space 4096K, 0% used [0x00000000eb180000,0x00000000eb180000,0x00000000eb580000)
 ParOldGen       total 607744K, used 607463K [0x00000000c0000000, 0x00000000e5180000, 0x00000000eab00000)
  object space 607744K, 99% used [0x00000000c0000000,0x00000000e5139c68,0x00000000e5180000)
 Metaspace       used 67932K, committed 69504K, reserved 1114112K
  class space    used 6666K, committed 7360K, reserved 1048576K
}

Dll operation events (10 events):
Event: 0.026 Loaded shared library c:\Users\ADMIN\.vscode\extensions\redhat.java-1.41.1-win32-x64\jre\21.0.6-win32-x86_64\bin\java.dll
Event: 0.396 Loaded shared library c:\Users\ADMIN\.vscode\extensions\redhat.java-1.41.1-win32-x64\jre\21.0.6-win32-x86_64\bin\zip.dll
Event: 0.484 Loaded shared library C:\Users\ADMIN\.vscode\extensions\redhat.java-1.41.1-win32-x64\jre\21.0.6-win32-x86_64\bin\instrument.dll
Event: 0.501 Loaded shared library C:\Users\ADMIN\.vscode\extensions\redhat.java-1.41.1-win32-x64\jre\21.0.6-win32-x86_64\bin\net.dll
Event: 0.509 Loaded shared library C:\Users\ADMIN\.vscode\extensions\redhat.java-1.41.1-win32-x64\jre\21.0.6-win32-x86_64\bin\nio.dll
Event: 0.517 Loaded shared library C:\Users\ADMIN\.vscode\extensions\redhat.java-1.41.1-win32-x64\jre\21.0.6-win32-x86_64\bin\zip.dll
Event: 0.574 Loaded shared library C:\Users\ADMIN\.vscode\extensions\redhat.java-1.41.1-win32-x64\jre\21.0.6-win32-x86_64\bin\jimage.dll
Event: 0.839 Loaded shared library c:\Users\ADMIN\.vscode\extensions\redhat.java-1.41.1-win32-x64\jre\21.0.6-win32-x86_64\bin\verify.dll
Event: 4.878 Loaded shared library C:\Users\ADMIN\AppData\Roaming\Code\User\globalStorage\redhat.java\1.41.1\config_win\org.eclipse.equinox.launcher\org.eclipse.equinox.launcher.win32.win32.x86_64_1.2.1300.v20250331-1702\eclipse_11911.dll
Event: 8.897 Loaded shared library C:\Users\ADMIN\AppData\Local\Temp\jna-62130991\jna11936981654780834152.dll

Deoptimization events (20 events):
Event: 89.299 Thread 0x000001a1e616b540 Uncommon trap: trap_request=0xffffff45 fr.pc=0x000001a1dc22da34 relative=0x0000000000000254
Event: 89.299 Thread 0x000001a1e616b540 Uncommon trap: reason=unstable_if action=reinterpret pc=0x000001a1dc22da34 method=org.eclipse.jdt.core.compiler.CharOperation.equals([C[CZ)Z @ 1 c2
Event: 89.299 Thread 0x000001a1e616b540 DEOPT PACKING pc=0x000001a1dc22da34 sp=0x0000003c3affec70
Event: 89.299 Thread 0x000001a1e616b540 DEOPT UNPACKING pc=0x000001a1db823aa2 sp=0x0000003c3affec18 mode 2
Event: 89.409 Thread 0x000001a1e616aeb0 Uncommon trap: trap_request=0xffffff6e fr.pc=0x000001a1dc835464 relative=0x0000000000000e84
Event: 89.409 Thread 0x000001a1e616aeb0 Uncommon trap: reason=loop_limit_check action=maybe_recompile pc=0x000001a1dc835464 method=org.eclipse.jdt.internal.compiler.lookup.BinaryTypeBinding.createMethods([Lorg/eclipse/jdt/internal/compiler/env/IBinaryMethod;Lorg/eclipse/jdt/internal/compiler/en
Event: 89.409 Thread 0x000001a1e616aeb0 DEOPT PACKING pc=0x000001a1dc835464 sp=0x0000003c3b1fd6e0
Event: 89.409 Thread 0x000001a1e616aeb0 DEOPT UNPACKING pc=0x000001a1db823aa2 sp=0x0000003c3b1fd648 mode 2
Event: 89.525 Thread 0x000001a1e616aeb0 DEOPT PACKING pc=0x000001a1d5ef651f sp=0x0000003c3b1fe0c0
Event: 89.525 Thread 0x000001a1e616aeb0 DEOPT UNPACKING pc=0x000001a1db824242 sp=0x0000003c3b1fd5f0 mode 0
Event: 89.525 Thread 0x000001a1e616b540 DEOPT PACKING pc=0x000001a1d4ff21cc sp=0x0000003c3affe9f0
Event: 89.525 Thread 0x000001a1e616b540 DEOPT UNPACKING pc=0x000001a1db824242 sp=0x0000003c3affdfb8 mode 0
Event: 89.653 Thread 0x000001a1e616aeb0 Uncommon trap: trap_request=0xffffffde fr.pc=0x000001a1dc808828 relative=0x0000000000005268
Event: 89.653 Thread 0x000001a1e616aeb0 Uncommon trap: reason=class_check action=maybe_recompile pc=0x000001a1dc808828 method=org.eclipse.jdt.internal.compiler.lookup.BinaryTypeBinding.createMethod(Lorg/eclipse/jdt/internal/compiler/env/IBinaryMethod;Lorg/eclipse/jdt/internal/compiler/env/IBina
Event: 89.653 Thread 0x000001a1e616aeb0 DEOPT PACKING pc=0x000001a1dc808828 sp=0x0000003c3b1fdc50
Event: 89.653 Thread 0x000001a1e616aeb0 DEOPT UNPACKING pc=0x000001a1db823aa2 sp=0x0000003c3b1fdbc8 mode 2
Event: 89.654 Thread 0x000001a1e616aeb0 Uncommon trap: trap_request=0xffffffde fr.pc=0x000001a1dc808828 relative=0x0000000000005268
Event: 89.654 Thread 0x000001a1e616aeb0 Uncommon trap: reason=class_check action=maybe_recompile pc=0x000001a1dc808828 method=org.eclipse.jdt.internal.compiler.lookup.BinaryTypeBinding.createMethod(Lorg/eclipse/jdt/internal/compiler/env/IBinaryMethod;Lorg/eclipse/jdt/internal/compiler/env/IBina
Event: 89.654 Thread 0x000001a1e616aeb0 DEOPT PACKING pc=0x000001a1dc808828 sp=0x0000003c3b1fdb20
Event: 89.654 Thread 0x000001a1e616aeb0 DEOPT UNPACKING pc=0x000001a1db823aa2 sp=0x0000003c3b1fda98 mode 2

Classes loaded (20 events):
Event: 84.982 Loading class java/util/stream/ReduceOps$2
Event: 84.982 Loading class java/util/stream/ReduceOps$2 done
Event: 84.983 Loading class java/util/stream/ReduceOps$2ReducingSink
Event: 84.983 Loading class java/util/stream/ReduceOps$2ReducingSink done
Event: 85.140 Loading class java/util/stream/ReduceOps$5
Event: 85.141 Loading class java/util/stream/ReduceOps$5 done
Event: 85.141 Loading class java/util/stream/ReduceOps$CountingSink$OfRef
Event: 85.149 Loading class java/util/stream/ReduceOps$CountingSink
Event: 85.150 Loading class java/util/stream/ReduceOps$CountingSink done
Event: 85.151 Loading class java/util/stream/ReduceOps$CountingSink$OfRef done
Event: 85.449 Loading class java/util/stream/ReduceOps$1
Event: 85.450 Loading class java/util/stream/ReduceOps$1 done
Event: 85.450 Loading class java/util/stream/ReduceOps$1ReducingSink
Event: 85.450 Loading class java/util/stream/ReduceOps$1ReducingSink done
Event: 85.955 Loading class java/util/LinkedList$LLSpliterator
Event: 85.957 Loading class java/util/LinkedList$LLSpliterator done
Event: 86.103 Loading class javax/xml/transform/TransformerConfigurationException
Event: 86.104 Loading class javax/xml/transform/TransformerConfigurationException done
Event: 87.093 Loading class jdk/internal/ref/CleanerImpl$InnocuousThreadFactory
Event: 87.123 Loading class jdk/internal/ref/CleanerImpl$InnocuousThreadFactory done

Classes unloaded (14 events):
Event: 10.583 Thread 0x000001a1e53a6e30 Unloading class 0x000001a181195400 'java/lang/invoke/LambdaForm$MH+0x000001a181195400'
Event: 10.583 Thread 0x000001a1e53a6e30 Unloading class 0x000001a181195000 'java/lang/invoke/LambdaForm$MH+0x000001a181195000'
Event: 10.583 Thread 0x000001a1e53a6e30 Unloading class 0x000001a181194c00 'java/lang/invoke/LambdaForm$MH+0x000001a181194c00'
Event: 10.583 Thread 0x000001a1e53a6e30 Unloading class 0x000001a181194800 'java/lang/invoke/LambdaForm$MH+0x000001a181194800'
Event: 10.583 Thread 0x000001a1e53a6e30 Unloading class 0x000001a181194400 'java/lang/invoke/LambdaForm$BMH+0x000001a181194400'
Event: 10.583 Thread 0x000001a1e53a6e30 Unloading class 0x000001a181194000 'java/lang/invoke/LambdaForm$DMH+0x000001a181194000'
Event: 10.583 Thread 0x000001a1e53a6e30 Unloading class 0x000001a181192c00 'java/lang/invoke/LambdaForm$DMH+0x000001a181192c00'
Event: 38.570 Thread 0x000001a1e53a6e30 Unloading class 0x000001a181664400 'java/lang/invoke/LambdaForm$DMH+0x000001a181664400'
Event: 76.194 Thread 0x000001a1e53a6e30 Unloading class 0x000001a181688000 'java/lang/invoke/LambdaForm$DMH+0x000001a181688000'
Event: 76.194 Thread 0x000001a1e53a6e30 Unloading class 0x000001a181681800 'java/lang/invoke/LambdaForm$MH+0x000001a181681800'
Event: 76.194 Thread 0x000001a1e53a6e30 Unloading class 0x000001a181680c00 'java/lang/invoke/LambdaForm$MH+0x000001a181680c00'
Event: 76.194 Thread 0x000001a1e53a6e30 Unloading class 0x000001a181680800 'java/lang/invoke/LambdaForm$MH+0x000001a181680800'
Event: 76.194 Thread 0x000001a1e53a6e30 Unloading class 0x000001a181680000 'java/lang/invoke/LambdaForm$MH+0x000001a181680000'
Event: 76.194 Thread 0x000001a1e53a6e30 Unloading class 0x000001a181679400 'java/lang/invoke/LambdaForm$MH+0x000001a181679400'

Classes redefined (0 events):
No events

Internal exceptions (20 events):
Event: 84.742 Thread 0x000001a1e6580e00 Exception <a 'sun/nio/fs/WindowsException'{0x00000000eabf1fd0}> (0x00000000eabf1fd0) 
thrown [s\src\hotspot\share\prims\jni.cpp, line 520]
Event: 84.743 Thread 0x000001a1e6580e00 Exception <a 'sun/nio/fs/WindowsException'{0x00000000eabf2cb0}> (0x00000000eabf2cb0) 
thrown [s\src\hotspot\share\prims\jni.cpp, line 520]
Event: 84.743 Thread 0x000001a1e6580e00 Exception <a 'sun/nio/fs/WindowsException'{0x00000000eabf5bb8}> (0x00000000eabf5bb8) 
thrown [s\src\hotspot\share\prims\jni.cpp, line 520]
Event: 84.745 Thread 0x000001a1e6580e00 Exception <a 'sun/nio/fs/WindowsException'{0x00000000eabf8f38}> (0x00000000eabf8f38) 
thrown [s\src\hotspot\share\prims\jni.cpp, line 520]
Event: 84.755 Thread 0x000001a1e6580e00 Exception <a 'sun/nio/fs/WindowsException'{0x00000000eab08978}> (0x00000000eab08978) 
thrown [s\src\hotspot\share\prims\jni.cpp, line 520]
Event: 84.833 Thread 0x000001a1e616b540 Exception <a 'java/lang/ArrayIndexOutOfBoundsException'{0x00000000eab7a3f0}> (0x00000000eab7a3f0) 
thrown [s\src\hotspot\share\runtime\sharedRuntime.cpp, line 625]
Event: 84.877 Thread 0x000001a1e6580e00 Exception <a 'sun/nio/fs/WindowsException'{0x00000000eaba37e0}> (0x00000000eaba37e0) 
thrown [s\src\hotspot\share\prims\jni.cpp, line 520]
Event: 84.878 Thread 0x000001a1e6580e00 Exception <a 'sun/nio/fs/WindowsException'{0x00000000eaba3e10}> (0x00000000eaba3e10) 
thrown [s\src\hotspot\share\prims\jni.cpp, line 520]
Event: 84.883 Thread 0x000001a1e6580e00 Exception <a 'sun/nio/fs/WindowsException'{0x00000000eabb0708}> (0x00000000eabb0708) 
thrown [s\src\hotspot\share\prims\jni.cpp, line 520]
Event: 84.884 Thread 0x000001a1e6580e00 Exception <a 'sun/nio/fs/WindowsException'{0x00000000eabb0d38}> (0x00000000eabb0d38) 
thrown [s\src\hotspot\share\prims\jni.cpp, line 520]
Event: 84.892 Thread 0x000001a1e6580e00 Exception <a 'sun/nio/fs/WindowsException'{0x00000000eabbaff0}> (0x00000000eabbaff0) 
thrown [s\src\hotspot\share\prims\jni.cpp, line 520]
Event: 84.925 Thread 0x000001a1e6580e00 Exception <a 'sun/nio/fs/WindowsException'{0x00000000eab0a210}> (0x00000000eab0a210) 
thrown [s\src\hotspot\share\prims\jni.cpp, line 520]
Event: 85.192 Thread 0x000001a1e6580e00 Exception <a 'sun/nio/fs/WindowsException'{0x00000000eab25950}> (0x00000000eab25950) 
thrown [s\src\hotspot\share\prims\jni.cpp, line 520]
Event: 85.192 Thread 0x000001a1e6580e00 Exception <a 'sun/nio/fs/WindowsException'{0x00000000eab25f80}> (0x00000000eab25f80) 
thrown [s\src\hotspot\share\prims\jni.cpp, line 520]
Event: 85.733 Thread 0x000001a1e616b540 Exception <a 'sun/nio/fs/WindowsException'{0x00000000eab21190}> (0x00000000eab21190) 
thrown [s\src\hotspot\share\prims\jni.cpp, line 520]
Event: 85.733 Thread 0x000001a1e616b540 Exception <a 'sun/nio/fs/WindowsException'{0x00000000eab21cb8}> (0x00000000eab21cb8) 
thrown [s\src\hotspot\share\prims\jni.cpp, line 520]
Event: 85.736 Thread 0x000001a1e616b540 Exception <a 'sun/nio/fs/WindowsException'{0x00000000eab22c58}> (0x00000000eab22c58) 
thrown [s\src\hotspot\share\prims\jni.cpp, line 520]
Event: 85.736 Thread 0x000001a1e616b540 Exception <a 'sun/nio/fs/WindowsException'{0x00000000eab23780}> (0x00000000eab23780) 
thrown [s\src\hotspot\share\prims\jni.cpp, line 520]
Event: 85.738 Thread 0x000001a1e616b540 Exception <a 'sun/nio/fs/WindowsException'{0x00000000eab26310}> (0x00000000eab26310) 
thrown [s\src\hotspot\share\prims\jni.cpp, line 520]
Event: 85.738 Thread 0x000001a1e616b540 Exception <a 'sun/nio/fs/WindowsException'{0x00000000eab27090}> (0x00000000eab27090) 
thrown [s\src\hotspot\share\prims\jni.cpp, line 520]

ZGC Phase Switch (0 events):
No events

VM Operations (20 events):
Event: 89.169 Executing VM operation: ParallelGCFailedAllocation (Allocation Failure) done
Event: 89.176 Executing VM operation: ParallelGCFailedAllocation (Allocation Failure)
Event: 89.182 Executing VM operation: ParallelGCFailedAllocation (Allocation Failure) done
Event: 89.192 Executing VM operation: ParallelGCFailedAllocation (Allocation Failure)
Event: 89.199 Executing VM operation: ParallelGCFailedAllocation (Allocation Failure) done
Event: 89.213 Executing VM operation: ParallelGCFailedAllocation (Allocation Failure)
Event: 89.240 Executing VM operation: ParallelGCFailedAllocation (Allocation Failure) done
Event: 89.256 Executing VM operation: ParallelGCFailedAllocation (Allocation Failure)
Event: 89.263 Executing VM operation: ParallelGCFailedAllocation (Allocation Failure) done
Event: 89.280 Executing VM operation: ParallelGCFailedAllocation (Allocation Failure)
Event: 89.286 Executing VM operation: ParallelGCFailedAllocation (Allocation Failure) done
Event: 89.359 Executing VM operation: ParallelGCFailedAllocation (Allocation Failure)
Event: 89.369 Executing VM operation: ParallelGCFailedAllocation (Allocation Failure) done
Event: 89.490 Executing VM operation: ParallelGCFailedAllocation (Allocation Failure)
Event: 89.496 Executing VM operation: ParallelGCFailedAllocation (Allocation Failure) done
Event: 89.542 Executing VM operation: ParallelGCFailedAllocation (Allocation Failure)
Event: 89.553 Executing VM operation: ParallelGCFailedAllocation (Allocation Failure) done
Event: 89.584 Executing VM operation: ParallelGCFailedAllocation (Allocation Failure)
Event: 89.615 Executing VM operation: ParallelGCFailedAllocation (Allocation Failure) done
Event: 89.747 Executing VM operation: ParallelGCFailedAllocation (Allocation Failure)

Memory protections (0 events):
No events

Nmethod flushes (20 events):
Event: 76.281 Thread 0x000001a1e53a6e30 flushing  nmethod 0x000001a1d544f010
Event: 76.281 Thread 0x000001a1e53a6e30 flushing  nmethod 0x000001a1d5453510
Event: 76.281 Thread 0x000001a1e53a6e30 flushing  nmethod 0x000001a1d547cc90
Event: 76.281 Thread 0x000001a1e53a6e30 flushing  nmethod 0x000001a1d5483f90
Event: 76.281 Thread 0x000001a1e53a6e30 flushing  nmethod 0x000001a1d54aa510
Event: 76.281 Thread 0x000001a1e53a6e30 flushing  nmethod 0x000001a1d54c5710
Event: 76.281 Thread 0x000001a1e53a6e30 flushing  nmethod 0x000001a1d54dc290
Event: 76.281 Thread 0x000001a1e53a6e30 flushing  nmethod 0x000001a1d551e390
Event: 76.281 Thread 0x000001a1e53a6e30 flushing  nmethod 0x000001a1d5555010
Event: 76.281 Thread 0x000001a1e53a6e30 flushing  nmethod 0x000001a1d557ea90
Event: 76.281 Thread 0x000001a1e53a6e30 flushing  nmethod 0x000001a1d55ec210
Event: 76.281 Thread 0x000001a1e53a6e30 flushing  nmethod 0x000001a1d55ef390
Event: 76.281 Thread 0x000001a1e53a6e30 flushing  nmethod 0x000001a1d55f9a10
Event: 76.281 Thread 0x000001a1e53a6e30 flushing  nmethod 0x000001a1d55ff290
Event: 76.281 Thread 0x000001a1e53a6e30 flushing  nmethod 0x000001a1d5600510
Event: 76.281 Thread 0x000001a1e53a6e30 flushing  nmethod 0x000001a1d5601590
Event: 76.281 Thread 0x000001a1e53a6e30 flushing  nmethod 0x000001a1d5619590
Event: 76.281 Thread 0x000001a1e53a6e30 flushing  nmethod 0x000001a1d562ee90
Event: 76.281 Thread 0x000001a1e53a6e30 flushing  nmethod 0x000001a1d5659a10
Event: 76.281 Thread 0x000001a1e53a6e30 flushing  nmethod 0x000001a1d568aa10

Events (20 events):
Event: 25.712 Thread 0x000001a1e616d610 Thread added: 0x000001a1e616cf80
Event: 27.489 Thread 0x000001a1e6580e00 Thread added: 0x000001a1e616e330
Event: 27.490 Thread 0x000001a1e6580e00 Thread added: 0x000001a1e6169b00
Event: 36.531 Thread 0x000001a1ecf31ef0 Thread added: 0x000001a1e616b540
Event: 38.360 Thread 0x000001a1e65800e0 Thread added: 0x000001a1e6169470
Event: 38.361 Thread 0x000001a1e616b540 Thread added: 0x000001a1e616aeb0
Event: 47.004 Thread 0x000001a1e6580770 Thread added: 0x000001a1e616e9c0
Event: 47.248 Thread 0x000001a1e6580770 Thread added: 0x000001a1e616c8f0
Event: 47.285 Thread 0x000001a1e6580770 Thread added: 0x000001a1e616f050
Event: 57.987 Thread 0x000001a1ebacd5c0 Thread exited: 0x000001a1ebacd5c0
Event: 59.236 Thread 0x000001a1e53cbc00 Thread added: 0x000001a1ed3f6620
Event: 59.580 Thread 0x000001a1ed3f6620 Thread exited: 0x000001a1ed3f6620
Event: 61.071 Thread 0x000001a1e53cbc00 Thread added: 0x000001a1ed3f8f00
Event: 61.407 Thread 0x000001a1ed3f8f00 Thread exited: 0x000001a1ed3f8f00
Event: 62.354 Thread 0x000001a1e543f930 Thread added: 0x000001a1ed3f8f00
Event: 62.551 Thread 0x000001a1ed3f8f00 Thread exited: 0x000001a1ed3f8f00
Event: 62.809 Thread 0x000001a1e543f930 Thread added: 0x000001a1ed3f8f00
Event: 70.794 Thread 0x000001a1ed3f8f00 Thread exited: 0x000001a1ed3f8f00
Event: 80.636 Thread 0x000001a1e543f930 Thread added: 0x000001a1ed3f6620
Event: 87.124 Thread 0x000001a1e6169470 Thread added: 0x000001a1e616a820


Dynamic libraries:
0x00007ff603330000 - 0x00007ff60333e000 	c:\Users\ADMIN\.vscode\extensions\redhat.java-1.41.1-win32-x64\jre\21.0.6-win32-x86_64\bin\java.exe
0x00007ff8dee90000 - 0x00007ff8df085000 	C:\Windows\SYSTEM32\ntdll.dll
0x00007ff8debd0000 - 0x00007ff8dec8e000 	C:\Windows\System32\KERNEL32.DLL
0x00007ff8dc650000 - 0x00007ff8dc918000 	C:\Windows\System32\KERNELBASE.dll
0x00007ff8dcd00000 - 0x00007ff8dce00000 	C:\Windows\System32\ucrtbase.dll
0x00007ff8d7eb0000 - 0x00007ff8d7ec8000 	c:\Users\ADMIN\.vscode\extensions\redhat.java-1.41.1-win32-x64\jre\21.0.6-win32-x86_64\bin\jli.dll
0x00007ff8de820000 - 0x00007ff8de9c1000 	C:\Windows\System32\USER32.dll
0x00007ff8dcea0000 - 0x00007ff8dcec2000 	C:\Windows\System32\win32u.dll
0x00007ff8dced0000 - 0x00007ff8dcefb000 	C:\Windows\System32\GDI32.dll
0x00007ff8dc970000 - 0x00007ff8dca7d000 	C:\Windows\System32\gdi32full.dll
0x00007ff8dce00000 - 0x00007ff8dce9d000 	C:\Windows\System32\msvcp_win.dll
0x00007ff8d2ce0000 - 0x00007ff8d2cfe000 	c:\Users\ADMIN\.vscode\extensions\redhat.java-1.41.1-win32-x64\jre\21.0.6-win32-x86_64\bin\VCRUNTIME140.dll
0x00007ff8cdb60000 - 0x00007ff8cddfa000 	C:\Windows\WinSxS\amd64_microsoft.windows.common-controls_6595b64144ccf1df_6.0.19041.1110_none_60b5254171f9507e\COMCTL32.dll
0x00007ff8dec90000 - 0x00007ff8ded2e000 	C:\Windows\System32\msvcrt.dll
0x00007ff8de710000 - 0x00007ff8de740000 	C:\Windows\System32\IMM32.DLL
0x00007ff8d7f40000 - 0x00007ff8d7f4c000 	c:\Users\ADMIN\.vscode\extensions\redhat.java-1.41.1-win32-x64\jre\21.0.6-win32-x86_64\bin\vcruntime140_1.dll
0x00007ff8a4070000 - 0x00007ff8a40fd000 	c:\Users\ADMIN\.vscode\extensions\redhat.java-1.41.1-win32-x64\jre\21.0.6-win32-x86_64\bin\msvcp140.dll
0x00007ff891890000 - 0x00007ff892620000 	c:\Users\ADMIN\.vscode\extensions\redhat.java-1.41.1-win32-x64\jre\21.0.6-win32-x86_64\bin\server\jvm.dll
0x00007ff8de210000 - 0x00007ff8de2bc000 	C:\Windows\System32\ADVAPI32.dll
0x00007ff8dd7b0000 - 0x00007ff8dd84b000 	C:\Windows\System32\sechost.dll
0x00007ff8dea40000 - 0x00007ff8deb6a000 	C:\Windows\System32\RPCRT4.dll
0x00007ff8de9d0000 - 0x00007ff8dea3b000 	C:\Windows\System32\WS2_32.dll
0x00007ff8dc410000 - 0x00007ff8dc45b000 	C:\Windows\SYSTEM32\POWRPROF.dll
0x00007ff8d39e0000 - 0x00007ff8d3a07000 	C:\Windows\SYSTEM32\WINMM.dll
0x00007ff8ce030000 - 0x00007ff8ce03a000 	C:\Windows\SYSTEM32\VERSION.dll
0x00007ff8dc3f0000 - 0x00007ff8dc402000 	C:\Windows\SYSTEM32\UMPDC.dll
0x00007ff8dade0000 - 0x00007ff8dadf2000 	C:\Windows\SYSTEM32\kernel.appcore.dll
0x00007ff8d7e90000 - 0x00007ff8d7e9a000 	c:\Users\ADMIN\.vscode\extensions\redhat.java-1.41.1-win32-x64\jre\21.0.6-win32-x86_64\bin\jimage.dll
0x00007ff8cce10000 - 0x00007ff8ccff4000 	C:\Windows\SYSTEM32\DBGHELP.DLL
0x00007ff8cbb80000 - 0x00007ff8cbbac000 	C:\Windows\SYSTEM32\dbgcore.DLL
0x00007ff8dcb10000 - 0x00007ff8dcb92000 	C:\Windows\System32\bcryptPrimitives.dll
0x00007ff8d7010000 - 0x00007ff8d701f000 	c:\Users\ADMIN\.vscode\extensions\redhat.java-1.41.1-win32-x64\jre\21.0.6-win32-x86_64\bin\instrument.dll
0x00007ff8d2cc0000 - 0x00007ff8d2cdf000 	c:\Users\ADMIN\.vscode\extensions\redhat.java-1.41.1-win32-x64\jre\21.0.6-win32-x86_64\bin\java.dll
0x00007ff8dd900000 - 0x00007ff8de044000 	C:\Windows\System32\SHELL32.dll
0x00007ff8da560000 - 0x00007ff8dacf4000 	C:\Windows\SYSTEM32\windows.storage.dll
0x00007ff8de320000 - 0x00007ff8de675000 	C:\Windows\System32\combase.dll
0x00007ff8dbe40000 - 0x00007ff8dbe6e000 	C:\Windows\SYSTEM32\Wldp.dll
0x00007ff8dd850000 - 0x00007ff8dd8fd000 	C:\Windows\System32\SHCORE.dll
0x00007ff8de070000 - 0x00007ff8de0c5000 	C:\Windows\System32\shlwapi.dll
0x00007ff8dc4e0000 - 0x00007ff8dc4ff000 	C:\Windows\SYSTEM32\profapi.dll
0x00007ff8d2ca0000 - 0x00007ff8d2cb8000 	c:\Users\ADMIN\.vscode\extensions\redhat.java-1.41.1-win32-x64\jre\21.0.6-win32-x86_64\bin\zip.dll
0x00007ff8d6ca0000 - 0x00007ff8d6cb0000 	C:\Users\ADMIN\.vscode\extensions\redhat.java-1.41.1-win32-x64\jre\21.0.6-win32-x86_64\bin\net.dll
0x00007ff8d5ed0000 - 0x00007ff8d5fdc000 	C:\Windows\SYSTEM32\WINHTTP.dll
0x00007ff8dbc20000 - 0x00007ff8dbc8a000 	C:\Windows\system32\mswsock.dll
0x00007ff8cc2a0000 - 0x00007ff8cc2b6000 	C:\Users\ADMIN\.vscode\extensions\redhat.java-1.41.1-win32-x64\jre\21.0.6-win32-x86_64\bin\nio.dll
0x00007ff8d6050000 - 0x00007ff8d6060000 	c:\Users\ADMIN\.vscode\extensions\redhat.java-1.41.1-win32-x64\jre\21.0.6-win32-x86_64\bin\verify.dll
0x00007ff8c0b80000 - 0x00007ff8c0bc5000 	C:\Users\ADMIN\AppData\Roaming\Code\User\globalStorage\redhat.java\1.41.1\config_win\org.eclipse.equinox.launcher\org.eclipse.equinox.launcher.win32.win32.x86_64_1.2.1300.v20250331-1702\eclipse_11911.dll
0x00007ff8dd430000 - 0x00007ff8dd55a000 	C:\Windows\System32\ole32.dll
0x00007ff8dc180000 - 0x00007ff8dc198000 	C:\Windows\SYSTEM32\CRYPTSP.dll
0x00007ff8db5c0000 - 0x00007ff8db5f4000 	C:\Windows\system32\rsaenh.dll
0x00007ff8dcae0000 - 0x00007ff8dcb07000 	C:\Windows\System32\bcrypt.dll
0x00007ff8dc4a0000 - 0x00007ff8dc4ce000 	C:\Windows\SYSTEM32\USERENV.dll
0x00007ff8dbdb0000 - 0x00007ff8dbdbc000 	C:\Windows\SYSTEM32\CRYPTBASE.dll
0x00007ff8db930000 - 0x00007ff8db96b000 	C:\Windows\SYSTEM32\IPHLPAPI.DLL
0x00007ff8de130000 - 0x00007ff8de138000 	C:\Windows\System32\NSI.dll
0x00007ff8c0690000 - 0x00007ff8c06d9000 	C:\Users\ADMIN\AppData\Local\Temp\jna-62130991\jna11936981654780834152.dll
0x00007ff8dd7a0000 - 0x00007ff8dd7a8000 	C:\Windows\System32\PSAPI.DLL
0x00007ff8d5920000 - 0x00007ff8d5937000 	C:\Windows\SYSTEM32\dhcpcsvc6.DLL
0x00007ff8d57b0000 - 0x00007ff8d57cd000 	C:\Windows\SYSTEM32\dhcpcsvc.DLL
0x00007ff8db250000 - 0x00007ff8db283000 	C:\Windows\SYSTEM32\ntmarta.dll

dbghelp: loaded successfully - version: 4.0.5 - missing functions: none
symbol engine: initialized successfully - sym options: 0x614 - pdb path: .;c:\Users\ADMIN\.vscode\extensions\redhat.java-1.41.1-win32-x64\jre\21.0.6-win32-x86_64\bin;C:\Windows\SYSTEM32;C:\Windows\WinSxS\amd64_microsoft.windows.common-controls_6595b64144ccf1df_6.0.19041.1110_none_60b5254171f9507e;c:\Users\ADMIN\.vscode\extensions\redhat.java-1.41.1-win32-x64\jre\21.0.6-win32-x86_64\bin\server;C:\Users\ADMIN\AppData\Roaming\Code\User\globalStorage\redhat.java\1.41.1\config_win\org.eclipse.equinox.launcher\org.eclipse.equinox.launcher.win32.win32.x86_64_1.2.1300.v20250331-1702;C:\Users\ADMIN\AppData\Local\Temp\jna-62130991

VM Arguments:
jvm_args: --add-modules=ALL-SYSTEM --add-opens=java.base/java.util=ALL-UNNAMED --add-opens=java.base/java.lang=ALL-UNNAMED --add-opens=java.base/sun.nio.fs=ALL-UNNAMED -Declipse.application=org.eclipse.jdt.ls.core.id1 -Dosgi.bundles.defaultStartLevel=4 -Declipse.product=org.eclipse.jdt.ls.core.product -Djava.import.generatesMetadataFilesAtProjectRoot=false -DDetectVMInstallationsJob.disabled=true -Dfile.encoding=utf8 -XX:+UseParallelGC -XX:GCTimeRatio=4 -XX:AdaptiveSizePolicyWeight=90 -Dsun.zip.disableMemoryMapping=true -Xmx1G -Xms100m -Xlog:disable -javaagent:c:\Users\ADMIN\.vscode\extensions\redhat.java-1.41.1-win32-x64\lombok\lombok-1.18.36.jar -XX:+HeapDumpOnOutOfMemoryError -XX:HeapDumpPath=c:\Users\ADMIN\AppData\Roaming\Code\User\workspaceStorage\b1a5b6c4fe46a89c5908816380b53891\redhat.java -Daether.dependencyCollector.impl=bf 
java_command: c:\Users\ADMIN\.vscode\extensions\redhat.java-1.41.1-win32-x64\server\plugins\org.eclipse.equinox.launcher_1.7.0.v20250331-1702.jar -configuration c:\Users\ADMIN\AppData\Roaming\Code\User\globalStorage\redhat.java\1.41.1\config_win -data c:\Users\ADMIN\AppData\Roaming\Code\User\workspaceStorage\b1a5b6c4fe46a89c5908816380b53891\redhat.java\jdt_ws --pipe=\\.\pipe\lsp-704452094188cda7453ab7ee2022b4f0-sock
java_class_path (initial): c:\Users\ADMIN\.vscode\extensions\redhat.java-1.41.1-win32-x64\server\plugins\org.eclipse.equinox.launcher_1.7.0.v20250331-1702.jar
Launcher Type: SUN_STANDARD

[Global flags]
    uintx AdaptiveSizePolicyWeight                 = 90                                        {product} {command line}
     intx CICompilerCount                          = 3                                         {product} {ergonomic}
    uintx GCTimeRatio                              = 4                                         {product} {command line}
     bool HeapDumpOnOutOfMemoryError               = true                                   {manageable} {command line}
    ccstr HeapDumpPath                             = c:\Users\ADMIN\AppData\Roaming\Code\User\workspaceStorage\b1a5b6c4fe46a89c5908816380b53891\redhat.java         {manageable} {command line}
   size_t InitialHeapSize                          = 104857600                                 {product} {command line}
   size_t MaxHeapSize                              = 1073741824                                {product} {command line}
   size_t MaxNewSize                               = 357564416                                 {product} {ergonomic}
   size_t MinHeapDeltaBytes                        = 524288                                    {product} {ergonomic}
   size_t MinHeapSize                              = 104857600                                 {product} {command line}
   size_t NewSize                                  = 34603008                                  {product} {ergonomic}
    uintx NonNMethodCodeHeapSize                   = 5832780                                {pd product} {ergonomic}
    uintx NonProfiledCodeHeapSize                  = 122912730                              {pd product} {ergonomic}
   size_t OldSize                                  = 70254592                                  {product} {ergonomic}
    uintx ProfiledCodeHeapSize                     = 122912730                              {pd product} {ergonomic}
    uintx ReservedCodeCacheSize                    = 251658240                              {pd product} {ergonomic}
     bool SegmentedCodeCache                       = true                                      {product} {ergonomic}
   size_t SoftMaxHeapSize                          = 1073741824                             {manageable} {ergonomic}
     bool UseCompressedOops                        = true                           {product lp64_product} {ergonomic}
     bool UseLargePagesIndividualAllocation        = false                                  {pd product} {ergonomic}
     bool UseParallelGC                            = true                                      {product} {command line}

Logging:
Log output configuration:
 #0: stdout all=off uptime,level,tags foldmultilines=false
 #1: stderr all=off uptime,level,tags foldmultilines=false

Environment Variables:
JAVA_HOME=C:\Program Files\Eclipse Adoptium\jdk-21.0.3.9-hotspot\
PATH=C:\Program Files\Common Files\Oracle\Java\javapath;C:\Program Files\Eclipse Adoptium\jdk-21.0.3.9-hotspot\bin;C:\Program Files (x86)\Common Files\Oracle\Java\javapath;C:\Program Files\Microsoft\jdk-11.0.16.101-hotspot\bin;C:\Windows\system32;C:\Windows;C:\Windows\System32\Wbem;C:\Windows\System32\WindowsPowerShell\v1.0\;C:\Windows\System32\OpenSSH\;C:\Program Files (x86)\Intel\OpenCL SDK\2.0\bin\x86;C:\Program Files (x86)\Intel\OpenCL SDK\2.0\bin\x64;C:\Program Files\dotnet\;C:\Program Files\Java\jdk-22\bin;C:\Program Files (x86)\Microsoft SQL Server\160\Tools\Binn\;C:\Program Files\Microsoft SQL Server\160\Tools\Binn\;C:\Program Files\Microsoft SQL Server\Client SDK\ODBC\170\Tools\Binn\;C:\Program Files\Microsoft SQL Server\160\DTS\Binn\;D:\Git\cmd;D:\WEB2\exe;C:\msys64\mingw64\bin;C:\Users\ADMIN\AppData\Local\Microsoft\WindowsApps;C:\Users\ADMIN\.dotnet\tools;C:\Users\ADMIN\Downloads\winlibs-x86_64-posix-seh-gcc-12.1.0-mingw-w64msvcrt-10.0.0-r3\mingw64\bin;C:\Users\ADMIN\AppData\Local\Programs\Microsoft VS Code\bin
USERNAME=ADMIN
OS=Windows_NT
PROCESSOR_IDENTIFIER=Intel64 Family 6 Model 42 Stepping 7, GenuineIntel
TMP=C:\Users\ADMIN\AppData\Local\Temp
TEMP=C:\Users\ADMIN\AppData\Local\Temp




Periodic native trim disabled

---------------  S Y S T E M  ---------------

OS:
 Windows 10 , 64 bit Build 19041 (10.0.19041.1348)
OS uptime: 1 days 6:35 hours
Hyper-V role detected

CPU: total 4 (initial active 4) (2 cores per cpu, 2 threads per core) family 6 model 42 stepping 7 microcode 0x2f, cx8, cmov, fxsr, ht, mmx, sse, sse2, sse3, ssse3, sse4.1, sse4.2, popcnt, tsc, tscinvbit, avx, aes, clmul, vzeroupper, clflush, hv, rdtscp
Processor Information for the first 4 processors :
  Max Mhz: 2301, Current Mhz: 1600, Mhz Limit: 1587

Memory: 4k page, system-wide physical 3977M (352M free)
TotalPageFile size 7578M (AvailPageFile size 20M)
current process WorkingSet (physical memory assigned to process): 1127M, peak: 1160M
current process commit charge ("private bytes"): 881M, peak: 934M

vm_info: OpenJDK 64-Bit Server VM (21.0.6+7-LTS) for windows-amd64 JRE (21.0.6+7-LTS), built on 2025-01-21T00:00:00Z by "admin" with MS VC++ 17.7 (VS2022)

END.
