#
# There is insufficient memory for the Java Runtime Environment to continue.
# Native memory allocation (malloc) failed to allocate 965376 bytes. Error detail: Chunk::new
# Possible reasons:
#   The system is out of physical RAM or swap space
#   This process is running with CompressedOops enabled, and the Java Heap may be blocking the growth of the native heap
# Possible solutions:
#   Reduce memory load on the system
#   Increase physical memory or swap space
#   Check if swap backing store is full
#   Decrease Java heap size (-Xmx/-Xms)
#   Decrease number of Java threads
#   Decrease Java thread stack sizes (-Xss)
#   Set larger code cache with -XX:ReservedCodeCacheSize=
#   JVM is running with Unscaled Compressed Oops mode in which the Java heap is
#     placed in the first 4GB address space. The Java Heap base address is the
#     maximum limit for the native heap growth. Please use -XX:HeapBaseMinAddress
#     to set the Java Heap base and to place the Java Heap above 4GB virtual address.
# This output file may be truncated or incomplete.
#
#  Out of Memory Error (arena.cpp:168), pid=12456, tid=4020
#
# JRE version: OpenJDK Runtime Environment Temurin-21.0.6+7 (21.0.6+7) (build 21.0.6+7-LTS)
# Java VM: OpenJDK 64-Bit Server VM Temurin-21.0.6+7 (21.0.6+7-LTS, mixed mode, sharing, tiered, compressed oops, compressed class ptrs, parallel gc, windows-amd64)
# No core dump will be written. Minidumps are not enabled by default on client versions of Windows
#

---------------  S U M M A R Y ------------

Command Line: --add-modules=ALL-SYSTEM --add-opens=java.base/java.util=ALL-UNNAMED --add-opens=java.base/java.lang=ALL-UNNAMED --add-opens=java.base/sun.nio.fs=ALL-UNNAMED -Declipse.application=org.eclipse.jdt.ls.core.id1 -Dosgi.bundles.defaultStartLevel=4 -Declipse.product=org.eclipse.jdt.ls.core.product -Djava.import.generatesMetadataFilesAtProjectRoot=false -DDetectVMInstallationsJob.disabled=true -Dfile.encoding=utf8 -XX:+UseParallelGC -XX:GCTimeRatio=4 -XX:AdaptiveSizePolicyWeight=90 -Dsun.zip.disableMemoryMapping=true -Xmx1G -Xms100m -Xlog:disable -javaagent:c:\Users\ADMIN\.vscode\extensions\redhat.java-1.41.1-win32-x64\lombok\lombok-1.18.36.jar -XX:+HeapDumpOnOutOfMemoryError -XX:HeapDumpPath=c:\Users\ADMIN\AppData\Roaming\Code\User\workspaceStorage\b1a5b6c4fe46a89c5908816380b53891\redhat.java -Daether.dependencyCollector.impl=bf c:\Users\ADMIN\.vscode\extensions\redhat.java-1.41.1-win32-x64\server\plugins\org.eclipse.equinox.launcher_1.7.0.v20250331-1702.jar -configuration c:\Users\ADMIN\AppData\Roaming\Code\User\globalStorage\redhat.java\1.41.1\config_win -data c:\Users\ADMIN\AppData\Roaming\Code\User\workspaceStorage\b1a5b6c4fe46a89c5908816380b53891\redhat.java\jdt_ws --pipe=\\.\pipe\lsp-f69c0724953542efd32222e8e0c2afd6-sock

Host: Intel(R) Core(TM) i5-2410M CPU @ 2.30GHz, 4 cores, 3G,  Windows 10 , 64 bit Build 19041 (10.0.19041.1348)
Time: Tue Apr 15 09:41:09 2025 SE Asia Standard Time elapsed time: 39.118000 seconds (0d 0h 0m 39s)

---------------  T H R E A D  ---------------

Current thread (0x000001cfdf7bbbf0):  JavaThread "C2 CompilerThread0" daemon [_thread_in_native, id=4020, stack(0x0000000789800000,0x0000000789900000) (1024K)]


Current CompileTask:
C2:39118 5768   !   4       org.eclipse.osgi.internal.loader.BundleLoader::findClass0 (491 bytes)

Stack: [0x0000000789800000,0x0000000789900000]
Native frames: (J=compiled Java code, j=interpreted, Vv=VM code, C=native code)
V  [jvm.dll+0x6cdee9]
V  [jvm.dll+0x8a83d1]
V  [jvm.dll+0x8aa8fe]
V  [jvm.dll+0x8aafe3]
V  [jvm.dll+0x27f706]
V  [jvm.dll+0xc500d]
V  [jvm.dll+0xc5543]
V  [jvm.dll+0x2f2acd]
V  [jvm.dll+0x5f6a2a]
V  [jvm.dll+0x250bb2]
V  [jvm.dll+0x250f6f]
V  [jvm.dll+0x249834]
V  [jvm.dll+0x246ec4]
V  [jvm.dll+0x1c75ee]
V  [jvm.dll+0x25685a]
V  [jvm.dll+0x254dfa]
V  [jvm.dll+0x3f0256]
V  [jvm.dll+0x851f8b]
V  [jvm.dll+0x6cc5ed]
C  [ucrtbase.dll+0x21bb2]
C  [KERNEL32.DLL+0x17034]
C  [ntdll.dll+0x52651]


---------------  P R O C E S S  ---------------

Threads class SMR info:
_java_thread_list=0x000001cfe07d8b80, length=35, elements={
0x000001cfcb48cb90, 0x000001cfdf7b0c90, 0x000001cfdf7b2230, 0x000001cfdf7b6a70,
0x000001cfdf7b76c0, 0x000001cfdf7b8310, 0x000001cfdf7bae70, 0x000001cfdf7bbbf0,
0x000001cfdf82f920, 0x000001cfcb553b50, 0x000001cfe07fff30, 0x000001cfe50ff0a0,
0x000001cfe50ef8f0, 0x000001cfe51a2890, 0x000001cfe51a32c0, 0x000001cfe57e4720,
0x000001cfe5598fd0, 0x000001cfe59be010, 0x000001cfe59be6a0, 0x000001cfe59bc5d0,
0x000001cfe59bb8b0, 0x000001cfe59bbf40, 0x000001cfe59bd980, 0x000001cfe59bed30,
0x000001cfe59bd2f0, 0x000001cfe59bcc60, 0x000001cfe7b54de0, 0x000001cfe7b51960,
0x000001cfe7b54750, 0x000001cfe7b53a30, 0x000001cfe7b51ff0, 0x000001cfe7b52d10,
0x000001cfe7b533a0, 0x000001cfe7b540c0, 0x000001cfe52fa630
}

Java Threads: ( => current thread )
  0x000001cfcb48cb90 JavaThread "main"                              [_thread_blocked, id=7592, stack(0x0000000788e00000,0x0000000788f00000) (1024K)]
  0x000001cfdf7b0c90 JavaThread "Reference Handler"          daemon [_thread_blocked, id=1300, stack(0x0000000789200000,0x0000000789300000) (1024K)]
  0x000001cfdf7b2230 JavaThread "Finalizer"                  daemon [_thread_blocked, id=6620, stack(0x0000000789300000,0x0000000789400000) (1024K)]
  0x000001cfdf7b6a70 JavaThread "Signal Dispatcher"          daemon [_thread_blocked, id=10064, stack(0x0000000789400000,0x0000000789500000) (1024K)]
  0x000001cfdf7b76c0 JavaThread "Attach Listener"            daemon [_thread_blocked, id=12484, stack(0x0000000789500000,0x0000000789600000) (1024K)]
  0x000001cfdf7b8310 JavaThread "Service Thread"             daemon [_thread_blocked, id=11724, stack(0x0000000789600000,0x0000000789700000) (1024K)]
  0x000001cfdf7bae70 JavaThread "Monitor Deflation Thread"   daemon [_thread_blocked, id=7284, stack(0x0000000789700000,0x0000000789800000) (1024K)]
=>0x000001cfdf7bbbf0 JavaThread "C2 CompilerThread0"         daemon [_thread_in_native, id=4020, stack(0x0000000789800000,0x0000000789900000) (1024K)]
  0x000001cfdf82f920 JavaThread "C1 CompilerThread0"         daemon [_thread_blocked, id=11216, stack(0x0000000789900000,0x0000000789a00000) (1024K)]
  0x000001cfcb553b50 JavaThread "Common-Cleaner"             daemon [_thread_blocked, id=8412, stack(0x0000000789a00000,0x0000000789b00000) (1024K)]
  0x000001cfe07fff30 JavaThread "Notification Thread"        daemon [_thread_blocked, id=10024, stack(0x0000000789b00000,0x0000000789c00000) (1024K)]
  0x000001cfe50ff0a0 JavaThread "Active Thread: Equinox Container: 4e05dbd9-7744-4f18-845d-e0b31e1d33b6"        [_thread_blocked, id=3988, stack(0x000000078a000000,0x000000078a100000) (1024K)]
  0x000001cfe50ef8f0 JavaThread "Refresh Thread: Equinox Container: 4e05dbd9-7744-4f18-845d-e0b31e1d33b6" daemon [_thread_blocked, id=7716, stack(0x000000078a100000,0x000000078a200000) (1024K)]
  0x000001cfe51a2890 JavaThread "Framework Event Dispatcher: Equinox Container: 4e05dbd9-7744-4f18-845d-e0b31e1d33b6" daemon [_thread_blocked, id=1880, stack(0x000000078a200000,0x000000078a300000) (1024K)]
  0x000001cfe51a32c0 JavaThread "Start Level: Equinox Container: 4e05dbd9-7744-4f18-845d-e0b31e1d33b6" daemon [_thread_blocked, id=196, stack(0x000000078a300000,0x000000078a400000) (1024K)]
  0x000001cfe57e4720 JavaThread "Bundle File Closer"         daemon [_thread_blocked, id=9684, stack(0x000000078a400000,0x000000078a500000) (1024K)]
  0x000001cfe5598fd0 JavaThread "SCR Component Actor"        daemon [_thread_blocked, id=2168, stack(0x0000000789f00000,0x000000078a000000) (1024K)]
  0x000001cfe59be010 JavaThread "Worker-JM"                         [_thread_blocked, id=1684, stack(0x000000078a600000,0x000000078a700000) (1024K)]
  0x000001cfe59be6a0 JavaThread "JNA Cleaner"                daemon [_thread_blocked, id=4268, stack(0x000000078a700000,0x000000078a800000) (1024K)]
  0x000001cfe59bc5d0 JavaThread "Worker-0: Repository registry initialization"        [_thread_in_vm, id=9680, stack(0x000000078a800000,0x000000078a900000) (1024K)]
  0x000001cfe59bb8b0 JavaThread "Worker-1: Updating Maven Dependencies"        [_thread_blocked, id=10836, stack(0x000000078a900000,0x000000078aa00000) (1024K)]
  0x000001cfe59bbf40 JavaThread "Worker-2"                          [_thread_blocked, id=1864, stack(0x000000078aa00000,0x000000078ab00000) (1024K)]
  0x000001cfe59bd980 JavaThread "Worker-3: Initialize After Load"        [_thread_blocked, id=9252, stack(0x000000078ab00000,0x000000078ac00000) (1024K)]
  0x000001cfe59bed30 JavaThread "Java indexing"              daemon [_thread_blocked, id=5520, stack(0x000000078a500000,0x000000078a600000) (1024K)]
  0x000001cfe59bd2f0 JavaThread "Worker-4"                          [_thread_blocked, id=12132, stack(0x000000078ae00000,0x000000078af00000) (1024K)]
  0x000001cfe59bcc60 JavaThread "Worker-5"                          [_thread_blocked, id=13160, stack(0x000000078af00000,0x000000078b000000) (1024K)]
  0x000001cfe7b54de0 JavaThread "Thread-2"                   daemon [_thread_in_native, id=13056, stack(0x000000078b000000,0x000000078b100000) (1024K)]
  0x000001cfe7b51960 JavaThread "Thread-3"                   daemon [_thread_in_native, id=10332, stack(0x000000078b100000,0x000000078b200000) (1024K)]
  0x000001cfe7b54750 JavaThread "Thread-4"                   daemon [_thread_in_native, id=5528, stack(0x000000078b200000,0x000000078b300000) (1024K)]
  0x000001cfe7b53a30 JavaThread "Thread-5"                   daemon [_thread_in_native, id=9724, stack(0x000000078b300000,0x000000078b400000) (1024K)]
  0x000001cfe7b51ff0 JavaThread "Thread-6"                   daemon [_thread_in_native, id=12464, stack(0x000000078b400000,0x000000078b500000) (1024K)]
  0x000001cfe7b52d10 JavaThread "pool-2-thread-1"                   [_thread_blocked, id=8528, stack(0x000000078b500000,0x000000078b600000) (1024K)]
  0x000001cfe7b533a0 JavaThread "WorkspaceEventsHandler"            [_thread_blocked, id=1028, stack(0x000000078b700000,0x000000078b800000) (1024K)]
  0x000001cfe7b540c0 JavaThread "pool-1-thread-1"                   [_thread_blocked, id=12264, stack(0x000000078b800000,0x000000078b900000) (1024K)]
  0x000001cfe52fa630 JavaThread "C2 CompilerThread1"         daemon [_thread_blocked, id=5952, stack(0x000000078b600000,0x000000078b700000) (1024K)]
Total: 35

Other Threads:
  0x000001cfdf796e50 VMThread "VM Thread"                           [id=11404, stack(0x0000000789100000,0x0000000789200000) (1024K)]
  0x000001cfcb553010 WatcherThread "VM Periodic Task Thread"        [id=11852, stack(0x0000000789000000,0x0000000789100000) (1024K)]
  0x000001cfcb4a9960 WorkerThread "GC Thread#0"                     [id=888, stack(0x0000000788f00000,0x0000000789000000) (1024K)]
  0x000001cfe0840fc0 WorkerThread "GC Thread#1"                     [id=12744, stack(0x0000000789c00000,0x0000000789d00000) (1024K)]
  0x000001cfe504e0b0 WorkerThread "GC Thread#2"                     [id=11988, stack(0x0000000789d00000,0x0000000789e00000) (1024K)]
  0x000001cfe5053950 WorkerThread "GC Thread#3"                     [id=5956, stack(0x0000000789e00000,0x0000000789f00000) (1024K)]
Total: 6

Threads with active compile tasks:
C2 CompilerThread0  39251 5768   !   4       org.eclipse.osgi.internal.loader.BundleLoader::findClass0 (491 bytes)
Total: 1

VM state: not at safepoint (normal execution)

VM Mutex/Monitor currently owned by a thread: None

Heap address: 0x00000000c0000000, size: 1024 MB, Compressed Oops mode: 32-bit

CDS archive(s) mapped at: [0x000001cf80000000-0x000001cf80ba0000-0x000001cf80ba0000), size 12189696, SharedBaseAddress: 0x000001cf80000000, ArchiveRelocationMode: 1.
Compressed class space mapped at: 0x000001cf81000000-0x000001cfc1000000, reserved size: 1073741824
Narrow klass base: 0x000001cf80000000, Narrow klass shift: 0, Narrow klass range: 0x100000000

GC Precious Log:
 CardTable entry size: 512
 CPUs: 4 total, 4 available
 Memory: 3977M
 Large Page Support: Disabled
 NUMA Support: Disabled
 Compressed Oops: Enabled (32-bit)
 Alignments: Space 512K, Generation 512K, Heap 2M
 Heap Min Capacity: 100M
 Heap Initial Capacity: 100M
 Heap Max Capacity: 1G
 Pre-touch: Disabled
 Parallel Workers: 4

Heap:
 PSYoungGen      total 23040K, used 1727K [0x00000000eab00000, 0x00000000ec680000, 0x0000000100000000)
  eden space 22016K, 3% used [0x00000000eab00000,0x00000000eabafe90,0x00000000ec080000)
  from space 1024K, 100% used [0x00000000ec580000,0x00000000ec680000,0x00000000ec680000)
  to   space 2048K, 0% used [0x00000000ec380000,0x00000000ec380000,0x00000000ec580000)
 ParOldGen       total 68608K, used 20773K [0x00000000c0000000, 0x00000000c4300000, 0x00000000eab00000)
  object space 68608K, 30% used [0x00000000c0000000,0x00000000c1449528,0x00000000c4300000)
 Metaspace       used 42952K, committed 44032K, reserved 1114112K
  class space    used 4530K, committed 5056K, reserved 1048576K

Card table byte_map: [0x000001cfcae40000,0x000001cfcb050000] _byte_map_base: 0x000001cfca840000

Marking Bits: (ParMarkBitMap*) 0x00007ffe07703260
 Begin Bits: [0x000001cfdd690000, 0x000001cfde690000)
 End Bits:   [0x000001cfde690000, 0x000001cfdf690000)

Polling page: 0x000001cfc91b0000

Metaspace:

Usage:
  Non-class:     37.52 MB used.
      Class:      4.42 MB used.
       Both:     41.95 MB used.

Virtual space:
  Non-class space:       64.00 MB reserved,      38.06 MB ( 59%) committed,  1 nodes.
      Class space:        1.00 GB reserved,       4.94 MB ( <1%) committed,  1 nodes.
             Both:        1.06 GB reserved,      43.00 MB (  4%) committed. 

Chunk freelists:
   Non-Class:  9.94 MB
       Class:  10.98 MB
        Both:  20.92 MB

MaxMetaspaceSize: unlimited
CompressedClassSpaceSize: 1.00 GB
Initial GC threshold: 21.00 MB
Current GC threshold: 58.38 MB
CDS: on
 - commit_granule_bytes: 65536.
 - commit_granule_words: 8192.
 - virtual_space_node_default_size: 8388608.
 - enlarge_chunks_in_place: 1.
 - use_allocation_guard: 0.


Internal statistics:

num_allocs_failed_limit: 6.
num_arena_births: 744.
num_arena_deaths: 14.
num_vsnodes_births: 2.
num_vsnodes_deaths: 0.
num_space_committed: 688.
num_space_uncommitted: 0.
num_chunks_returned_to_freelist: 20.
num_chunks_taken_from_freelist: 2623.
num_chunk_merges: 12.
num_chunk_splits: 1655.
num_chunks_enlarged: 980.
num_inconsistent_stats: 0.

CodeHeap 'non-profiled nmethods': size=120000Kb used=2688Kb max_used=2688Kb free=117311Kb
 bounds [0x000001cfd6160000, 0x000001cfd6410000, 0x000001cfdd690000]
CodeHeap 'profiled nmethods': size=120000Kb used=10921Kb max_used=10921Kb free=109079Kb
 bounds [0x000001cfce690000, 0x000001cfcf140000, 0x000001cfd5bc0000]
CodeHeap 'non-nmethods': size=5760Kb used=1355Kb max_used=1427Kb free=4405Kb
 bounds [0x000001cfd5bc0000, 0x000001cfd5e30000, 0x000001cfd6160000]
 total_blobs=5937 nmethods=5283 adapters=560
 compilation: enabled
              stopped_count=0, restarted_count=0
 full_count=0

Compilation events (20 events):
Event: 38.950 Thread 0x000001cfe52fa630 nmethod 5835 0x000001cfd63fb690 code [0x000001cfd63fb880, 0x000001cfd63fbba0]
Event: 38.950 Thread 0x000001cfe52fa630 5840       4       java.lang.Long::hashCode (8 bytes)
Event: 38.951 Thread 0x000001cfe52fa630 nmethod 5840 0x000001cfd63fbf90 code [0x000001cfd63fc100, 0x000001cfd63fc178]
Event: 38.959 Thread 0x000001cfdf82f920 5845       1       org.eclipse.sisu.space.WildcardKey$QualifiedImpl::get (5 bytes)
Event: 38.960 Thread 0x000001cfdf82f920 nmethod 5845 0x000001cfd63fc290 code [0x000001cfd63fc420, 0x000001cfd63fc4e8]
Event: 38.961 Thread 0x000001cfdf82f920 5846       3       java.util.concurrent.CopyOnWriteArrayList::get (9 bytes)
Event: 38.962 Thread 0x000001cfdf82f920 nmethod 5846 0x000001cfcf126d10 code [0x000001cfcf126ec0, 0x000001cfcf127068]
Event: 38.964 Thread 0x000001cfdf82f920 5847       3       com.google.inject.internal.ConstructionContext::setProxyDelegates (50 bytes)
Event: 38.964 Thread 0x000001cfdf82f920 nmethod 5847 0x000001cfcf127190 code [0x000001cfcf1273a0, 0x000001cfcf127968]
Event: 38.967 Thread 0x000001cfdf82f920 5848       3       com.google.inject.internal.ConstructionContext::finishConstruction (11 bytes)
Event: 38.968 Thread 0x000001cfdf82f920 nmethod 5848 0x000001cfcf127b10 code [0x000001cfcf127ca0, 0x000001cfcf127dc8]
Event: 38.969 Thread 0x000001cfdf82f920 5849       3       com.google.inject.internal.InjectorImpl::enterContext (65 bytes)
Event: 38.971 Thread 0x000001cfdf82f920 nmethod 5849 0x000001cfcf127e90 code [0x000001cfcf1280c0, 0x000001cfcf128c78]
Event: 38.971 Thread 0x000001cfdf82f920 5850       3       org.eclipse.sisu.inject.RankedSequence::peek (21 bytes)
Event: 38.971 Thread 0x000001cfdf82f920 nmethod 5850 0x000001cfcf129010 code [0x000001cfcf1291c0, 0x000001cfcf129378]
Event: 38.977 Thread 0x000001cfdf82f920 5851       3       java.lang.invoke.DirectMethodHandle$Holder::newInvokeSpecial (21 bytes)
Event: 38.978 Thread 0x000001cfdf82f920 nmethod 5851 0x000001cfcf129490 code [0x000001cfcf129680, 0x000001cfcf129d50]
Event: 38.983 Thread 0x000001cfe52fa630 5852       4       com.google.inject.TypeLiteral::<init> (43 bytes)
Event: 39.053 Thread 0x000001cfe52fa630 nmethod 5852 0x000001cfd63fc590 code [0x000001cfd63fc8a0, 0x000001cfd63fd730]
Event: 39.112 Thread 0x000001cfdf82f920 5853       3       org.eclipse.sisu.bean.BeanPropertyIterator::hasNext (127 bytes)

GC Heap History (20 events):
Event: 24.882 GC heap before
{Heap before GC invocations=8 (full 1):
 PSYoungGen      total 28672K, used 3985K [0x00000000eab00000, 0x00000000ecc00000, 0x0000000100000000)
  eden space 24576K, 0% used [0x00000000eab00000,0x00000000eab00000,0x00000000ec300000)
  from space 4096K, 97% used [0x00000000ec300000,0x00000000ec6e4508,0x00000000ec700000)
  to   space 4608K, 0% used [0x00000000ec780000,0x00000000ec780000,0x00000000ecc00000)
 ParOldGen       total 68608K, used 9434K [0x00000000c0000000, 0x00000000c4300000, 0x00000000eab00000)
  object space 68608K, 13% used [0x00000000c0000000,0x00000000c0936b60,0x00000000c4300000)
 Metaspace       used 20740K, committed 21504K, reserved 1114112K
  class space    used 2086K, committed 2432K, reserved 1048576K
}
Event: 24.995 GC heap after
{Heap after GC invocations=8 (full 1):
 PSYoungGen      total 28672K, used 0K [0x00000000eab00000, 0x00000000ecc00000, 0x0000000100000000)
  eden space 24576K, 0% used [0x00000000eab00000,0x00000000eab00000,0x00000000ec300000)
  from space 4096K, 0% used [0x00000000ec300000,0x00000000ec300000,0x00000000ec700000)
  to   space 4608K, 0% used [0x00000000ec780000,0x00000000ec780000,0x00000000ecc00000)
 ParOldGen       total 68608K, used 12842K [0x00000000c0000000, 0x00000000c4300000, 0x00000000eab00000)
  object space 68608K, 18% used [0x00000000c0000000,0x00000000c0c8aab8,0x00000000c4300000)
 Metaspace       used 20728K, committed 21504K, reserved 1114112K
  class space    used 2083K, committed 2432K, reserved 1048576K
}
Event: 26.060 GC heap before
{Heap before GC invocations=9 (full 1):
 PSYoungGen      total 28672K, used 24576K [0x00000000eab00000, 0x00000000ecc00000, 0x0000000100000000)
  eden space 24576K, 100% used [0x00000000eab00000,0x00000000ec300000,0x00000000ec300000)
  from space 4096K, 0% used [0x00000000ec300000,0x00000000ec300000,0x00000000ec700000)
  to   space 4608K, 0% used [0x00000000ec780000,0x00000000ec780000,0x00000000ecc00000)
 ParOldGen       total 68608K, used 12842K [0x00000000c0000000, 0x00000000c4300000, 0x00000000eab00000)
  object space 68608K, 18% used [0x00000000c0000000,0x00000000c0c8aab8,0x00000000c4300000)
 Metaspace       used 23286K, committed 24128K, reserved 1114112K
  class space    used 2264K, committed 2624K, reserved 1048576K
}
Event: 26.066 GC heap after
{Heap after GC invocations=9 (full 1):
 PSYoungGen      total 24576K, used 463K [0x00000000eab00000, 0x00000000ec800000, 0x0000000100000000)
  eden space 24064K, 0% used [0x00000000eab00000,0x00000000eab00000,0x00000000ec280000)
  from space 512K, 90% used [0x00000000ec780000,0x00000000ec7f3d90,0x00000000ec800000)
  to   space 2048K, 0% used [0x00000000ec400000,0x00000000ec400000,0x00000000ec600000)
 ParOldGen       total 68608K, used 12850K [0x00000000c0000000, 0x00000000c4300000, 0x00000000eab00000)
  object space 68608K, 18% used [0x00000000c0000000,0x00000000c0c8cab8,0x00000000c4300000)
 Metaspace       used 23286K, committed 24128K, reserved 1114112K
  class space    used 2264K, committed 2624K, reserved 1048576K
}
Event: 27.795 GC heap before
{Heap before GC invocations=10 (full 1):
 PSYoungGen      total 24576K, used 24527K [0x00000000eab00000, 0x00000000ec800000, 0x0000000100000000)
  eden space 24064K, 100% used [0x00000000eab00000,0x00000000ec280000,0x00000000ec280000)
  from space 512K, 90% used [0x00000000ec780000,0x00000000ec7f3d90,0x00000000ec800000)
  to   space 2048K, 0% used [0x00000000ec400000,0x00000000ec400000,0x00000000ec600000)
 ParOldGen       total 68608K, used 12850K [0x00000000c0000000, 0x00000000c4300000, 0x00000000eab00000)
  object space 68608K, 18% used [0x00000000c0000000,0x00000000c0c8cab8,0x00000000c4300000)
 Metaspace       used 27013K, committed 27968K, reserved 1114112K
  class space    used 2652K, committed 3072K, reserved 1048576K
}
Event: 27.799 GC heap after
{Heap after GC invocations=10 (full 1):
 PSYoungGen      total 25600K, used 608K [0x00000000eab00000, 0x00000000ec800000, 0x0000000100000000)
  eden space 23552K, 0% used [0x00000000eab00000,0x00000000eab00000,0x00000000ec200000)
  from space 2048K, 29% used [0x00000000ec400000,0x00000000ec498000,0x00000000ec600000)
  to   space 1024K, 0% used [0x00000000ec700000,0x00000000ec700000,0x00000000ec800000)
 ParOldGen       total 68608K, used 12858K [0x00000000c0000000, 0x00000000c4300000, 0x00000000eab00000)
  object space 68608K, 18% used [0x00000000c0000000,0x00000000c0c8eab8,0x00000000c4300000)
 Metaspace       used 27013K, committed 27968K, reserved 1114112K
  class space    used 2652K, committed 3072K, reserved 1048576K
}
Event: 28.611 GC heap before
{Heap before GC invocations=11 (full 1):
 PSYoungGen      total 25600K, used 24160K [0x00000000eab00000, 0x00000000ec800000, 0x0000000100000000)
  eden space 23552K, 100% used [0x00000000eab00000,0x00000000ec200000,0x00000000ec200000)
  from space 2048K, 29% used [0x00000000ec400000,0x00000000ec498000,0x00000000ec600000)
  to   space 1024K, 0% used [0x00000000ec700000,0x00000000ec700000,0x00000000ec800000)
 ParOldGen       total 68608K, used 12858K [0x00000000c0000000, 0x00000000c4300000, 0x00000000eab00000)
  object space 68608K, 18% used [0x00000000c0000000,0x00000000c0c8eab8,0x00000000c4300000)
 Metaspace       used 29021K, committed 29952K, reserved 1114112K
  class space    used 2846K, committed 3264K, reserved 1048576K
}
Event: 28.619 GC heap after
{Heap after GC invocations=11 (full 1):
 PSYoungGen      total 24064K, used 830K [0x00000000eab00000, 0x00000000ec800000, 0x0000000100000000)
  eden space 23040K, 0% used [0x00000000eab00000,0x00000000eab00000,0x00000000ec180000)
  from space 1024K, 81% used [0x00000000ec700000,0x00000000ec7cf8a0,0x00000000ec800000)
  to   space 1024K, 0% used [0x00000000ec600000,0x00000000ec600000,0x00000000ec700000)
 ParOldGen       total 68608K, used 14681K [0x00000000c0000000, 0x00000000c4300000, 0x00000000eab00000)
  object space 68608K, 21% used [0x00000000c0000000,0x00000000c0e565b0,0x00000000c4300000)
 Metaspace       used 29021K, committed 29952K, reserved 1114112K
  class space    used 2846K, committed 3264K, reserved 1048576K
}
Event: 29.758 GC heap before
{Heap before GC invocations=12 (full 1):
 PSYoungGen      total 24064K, used 23805K [0x00000000eab00000, 0x00000000ec800000, 0x0000000100000000)
  eden space 23040K, 99% used [0x00000000eab00000,0x00000000ec16fdd0,0x00000000ec180000)
  from space 1024K, 81% used [0x00000000ec700000,0x00000000ec7cf8a0,0x00000000ec800000)
  to   space 1024K, 0% used [0x00000000ec600000,0x00000000ec600000,0x00000000ec700000)
 ParOldGen       total 68608K, used 14681K [0x00000000c0000000, 0x00000000c4300000, 0x00000000eab00000)
  object space 68608K, 21% used [0x00000000c0000000,0x00000000c0e565b0,0x00000000c4300000)
 Metaspace       used 30073K, committed 31040K, reserved 1114112K
  class space    used 2961K, committed 3392K, reserved 1048576K
}
Event: 29.764 GC heap after
{Heap after GC invocations=12 (full 1):
 PSYoungGen      total 23552K, used 787K [0x00000000eab00000, 0x00000000ec780000, 0x0000000100000000)
  eden space 22528K, 0% used [0x00000000eab00000,0x00000000eab00000,0x00000000ec100000)
  from space 1024K, 76% used [0x00000000ec600000,0x00000000ec6c4ef0,0x00000000ec700000)
  to   space 512K, 0% used [0x00000000ec700000,0x00000000ec700000,0x00000000ec780000)
 ParOldGen       total 68608K, used 15291K [0x00000000c0000000, 0x00000000c4300000, 0x00000000eab00000)
  object space 68608K, 22% used [0x00000000c0000000,0x00000000c0eeeda0,0x00000000c4300000)
 Metaspace       used 30073K, committed 31040K, reserved 1114112K
  class space    used 2961K, committed 3392K, reserved 1048576K
}
Event: 32.199 GC heap before
{Heap before GC invocations=13 (full 1):
 PSYoungGen      total 23552K, used 23315K [0x00000000eab00000, 0x00000000ec780000, 0x0000000100000000)
  eden space 22528K, 100% used [0x00000000eab00000,0x00000000ec100000,0x00000000ec100000)
  from space 1024K, 76% used [0x00000000ec600000,0x00000000ec6c4ef0,0x00000000ec700000)
  to   space 512K, 0% used [0x00000000ec700000,0x00000000ec700000,0x00000000ec780000)
 ParOldGen       total 68608K, used 15291K [0x00000000c0000000, 0x00000000c4300000, 0x00000000eab00000)
  object space 68608K, 22% used [0x00000000c0000000,0x00000000c0eeeda0,0x00000000c4300000)
 Metaspace       used 32643K, committed 33536K, reserved 1114112K
  class space    used 3245K, committed 3648K, reserved 1048576K
}
Event: 32.203 GC heap after
{Heap after GC invocations=13 (full 1):
 PSYoungGen      total 22528K, used 496K [0x00000000eab00000, 0x00000000ec780000, 0x0000000100000000)
  eden space 22016K, 0% used [0x00000000eab00000,0x00000000eab00000,0x00000000ec080000)
  from space 512K, 96% used [0x00000000ec700000,0x00000000ec77c248,0x00000000ec780000)
  to   space 1536K, 0% used [0x00000000ec480000,0x00000000ec480000,0x00000000ec600000)
 ParOldGen       total 68608K, used 16155K [0x00000000c0000000, 0x00000000c4300000, 0x00000000eab00000)
  object space 68608K, 23% used [0x00000000c0000000,0x00000000c0fc6de0,0x00000000c4300000)
 Metaspace       used 32643K, committed 33536K, reserved 1114112K
  class space    used 3245K, committed 3648K, reserved 1048576K
}
Event: 33.277 GC heap before
{Heap before GC invocations=14 (full 1):
 PSYoungGen      total 22528K, used 17124K [0x00000000eab00000, 0x00000000ec780000, 0x0000000100000000)
  eden space 22016K, 75% used [0x00000000eab00000,0x00000000ebb3cf00,0x00000000ec080000)
  from space 512K, 96% used [0x00000000ec700000,0x00000000ec77c248,0x00000000ec780000)
  to   space 1536K, 0% used [0x00000000ec480000,0x00000000ec480000,0x00000000ec600000)
 ParOldGen       total 68608K, used 16155K [0x00000000c0000000, 0x00000000c4300000, 0x00000000eab00000)
  object space 68608K, 23% used [0x00000000c0000000,0x00000000c0fc6de0,0x00000000c4300000)
 Metaspace       used 34997K, committed 35840K, reserved 1114112K
  class space    used 3523K, committed 3904K, reserved 1048576K
}
Event: 33.281 GC heap after
{Heap after GC invocations=14 (full 1):
 PSYoungGen      total 23552K, used 970K [0x00000000eab00000, 0x00000000ec780000, 0x0000000100000000)
  eden space 22016K, 0% used [0x00000000eab00000,0x00000000eab00000,0x00000000ec080000)
  from space 1536K, 63% used [0x00000000ec480000,0x00000000ec5728e0,0x00000000ec600000)
  to   space 1536K, 0% used [0x00000000ec600000,0x00000000ec600000,0x00000000ec780000)
 ParOldGen       total 68608K, used 16599K [0x00000000c0000000, 0x00000000c4300000, 0x00000000eab00000)
  object space 68608K, 24% used [0x00000000c0000000,0x00000000c1035f40,0x00000000c4300000)
 Metaspace       used 34997K, committed 35840K, reserved 1114112K
  class space    used 3523K, committed 3904K, reserved 1048576K
}
Event: 33.282 GC heap before
{Heap before GC invocations=15 (full 2):
 PSYoungGen      total 23552K, used 970K [0x00000000eab00000, 0x00000000ec780000, 0x0000000100000000)
  eden space 22016K, 0% used [0x00000000eab00000,0x00000000eab00000,0x00000000ec080000)
  from space 1536K, 63% used [0x00000000ec480000,0x00000000ec5728e0,0x00000000ec600000)
  to   space 1536K, 0% used [0x00000000ec600000,0x00000000ec600000,0x00000000ec780000)
 ParOldGen       total 68608K, used 16599K [0x00000000c0000000, 0x00000000c4300000, 0x00000000eab00000)
  object space 68608K, 24% used [0x00000000c0000000,0x00000000c1035f40,0x00000000c4300000)
 Metaspace       used 34997K, committed 35840K, reserved 1114112K
  class space    used 3523K, committed 3904K, reserved 1048576K
}
Event: 33.403 GC heap after
{Heap after GC invocations=15 (full 2):
 PSYoungGen      total 23552K, used 0K [0x00000000eab00000, 0x00000000ec780000, 0x0000000100000000)
  eden space 22016K, 0% used [0x00000000eab00000,0x00000000eab00000,0x00000000ec080000)
  from space 1536K, 0% used [0x00000000ec480000,0x00000000ec480000,0x00000000ec600000)
  to   space 1536K, 0% used [0x00000000ec600000,0x00000000ec600000,0x00000000ec780000)
 ParOldGen       total 68608K, used 17139K [0x00000000c0000000, 0x00000000c4300000, 0x00000000eab00000)
  object space 68608K, 24% used [0x00000000c0000000,0x00000000c10bcd78,0x00000000c4300000)
 Metaspace       used 34997K, committed 35840K, reserved 1114112K
  class space    used 3523K, committed 3904K, reserved 1048576K
}
Event: 34.883 GC heap before
{Heap before GC invocations=16 (full 2):
 PSYoungGen      total 23552K, used 22016K [0x00000000eab00000, 0x00000000ec780000, 0x0000000100000000)
  eden space 22016K, 100% used [0x00000000eab00000,0x00000000ec080000,0x00000000ec080000)
  from space 1536K, 0% used [0x00000000ec480000,0x00000000ec480000,0x00000000ec600000)
  to   space 1536K, 0% used [0x00000000ec600000,0x00000000ec600000,0x00000000ec780000)
 ParOldGen       total 68608K, used 17139K [0x00000000c0000000, 0x00000000c4300000, 0x00000000eab00000)
  object space 68608K, 24% used [0x00000000c0000000,0x00000000c10bcd78,0x00000000c4300000)
 Metaspace       used 37585K, committed 38528K, reserved 1114112K
  class space    used 3845K, committed 4224K, reserved 1048576K
}
Event: 34.887 GC heap after
{Heap after GC invocations=16 (full 2):
 PSYoungGen      total 23552K, used 1522K [0x00000000eab00000, 0x00000000ec780000, 0x0000000100000000)
  eden space 22016K, 0% used [0x00000000eab00000,0x00000000eab00000,0x00000000ec080000)
  from space 1536K, 99% used [0x00000000ec600000,0x00000000ec77c978,0x00000000ec780000)
  to   space 2048K, 0% used [0x00000000ec380000,0x00000000ec380000,0x00000000ec580000)
 ParOldGen       total 68608K, used 17479K [0x00000000c0000000, 0x00000000c4300000, 0x00000000eab00000)
  object space 68608K, 25% used [0x00000000c0000000,0x00000000c1111eb0,0x00000000c4300000)
 Metaspace       used 37585K, committed 38528K, reserved 1114112K
  class space    used 3845K, committed 4224K, reserved 1048576K
}
Event: 36.426 GC heap before
{Heap before GC invocations=17 (full 2):
 PSYoungGen      total 23552K, used 23538K [0x00000000eab00000, 0x00000000ec780000, 0x0000000100000000)
  eden space 22016K, 100% used [0x00000000eab00000,0x00000000ec080000,0x00000000ec080000)
  from space 1536K, 99% used [0x00000000ec600000,0x00000000ec77c978,0x00000000ec780000)
  to   space 2048K, 0% used [0x00000000ec380000,0x00000000ec380000,0x00000000ec580000)
 ParOldGen       total 68608K, used 17479K [0x00000000c0000000, 0x00000000c4300000, 0x00000000eab00000)
  object space 68608K, 25% used [0x00000000c0000000,0x00000000c1111eb0,0x00000000c4300000)
 Metaspace       used 40270K, committed 41408K, reserved 1114112K
  class space    used 4186K, committed 4672K, reserved 1048576K
}
Event: 36.438 GC heap after
{Heap after GC invocations=17 (full 2):
 PSYoungGen      total 24064K, used 1728K [0x00000000eab00000, 0x00000000ec680000, 0x0000000100000000)
  eden space 22016K, 0% used [0x00000000eab00000,0x00000000eab00000,0x00000000ec080000)
  from space 2048K, 84% used [0x00000000ec380000,0x00000000ec530000,0x00000000ec580000)
  to   space 1024K, 0% used [0x00000000ec580000,0x00000000ec580000,0x00000000ec680000)
 ParOldGen       total 68608K, used 18705K [0x00000000c0000000, 0x00000000c4300000, 0x00000000eab00000)
  object space 68608K, 27% used [0x00000000c0000000,0x00000000c12444d8,0x00000000c4300000)
 Metaspace       used 40270K, committed 41408K, reserved 1114112K
  class space    used 4186K, committed 4672K, reserved 1048576K
}

Dll operation events (10 events):
Event: 0.027 Loaded shared library c:\Users\ADMIN\.vscode\extensions\redhat.java-1.41.1-win32-x64\jre\21.0.6-win32-x86_64\bin\java.dll
Event: 0.724 Loaded shared library c:\Users\ADMIN\.vscode\extensions\redhat.java-1.41.1-win32-x64\jre\21.0.6-win32-x86_64\bin\zip.dll
Event: 0.931 Loaded shared library C:\Users\ADMIN\.vscode\extensions\redhat.java-1.41.1-win32-x64\jre\21.0.6-win32-x86_64\bin\instrument.dll
Event: 0.955 Loaded shared library C:\Users\ADMIN\.vscode\extensions\redhat.java-1.41.1-win32-x64\jre\21.0.6-win32-x86_64\bin\net.dll
Event: 0.984 Loaded shared library C:\Users\ADMIN\.vscode\extensions\redhat.java-1.41.1-win32-x64\jre\21.0.6-win32-x86_64\bin\nio.dll
Event: 1.000 Loaded shared library C:\Users\ADMIN\.vscode\extensions\redhat.java-1.41.1-win32-x64\jre\21.0.6-win32-x86_64\bin\zip.dll
Event: 1.125 Loaded shared library C:\Users\ADMIN\.vscode\extensions\redhat.java-1.41.1-win32-x64\jre\21.0.6-win32-x86_64\bin\jimage.dll
Event: 2.020 Loaded shared library c:\Users\ADMIN\.vscode\extensions\redhat.java-1.41.1-win32-x64\jre\21.0.6-win32-x86_64\bin\verify.dll
Event: 11.259 Loaded shared library C:\Users\ADMIN\AppData\Roaming\Code\User\globalStorage\redhat.java\1.41.1\config_win\org.eclipse.equinox.launcher\org.eclipse.equinox.launcher.win32.win32.x86_64_1.2.1300.v20250331-1702\eclipse_11911.dll
Event: 21.375 Loaded shared library C:\Users\ADMIN\AppData\Local\Temp\jna-62130991\jna17862716782099845579.dll

Deoptimization events (20 events):
Event: 38.248 Thread 0x000001cfe59bb8b0 Uncommon trap: trap_request=0x000000e1 fr.pc=0x000001cfd636d184 relative=0x00000000000000e4
Event: 38.248 Thread 0x000001cfe59bb8b0 Uncommon trap: reason=unloaded action=reinterpret pc=0x000001cfd636d184 method=org.codehaus.plexus.util.xml.pull.MXParser.more()C @ 22 c2
Event: 38.248 Thread 0x000001cfe59bb8b0 DEOPT PACKING pc=0x000001cfd636d184 sp=0x000000078a9fe810
Event: 38.248 Thread 0x000001cfe59bb8b0 DEOPT UNPACKING pc=0x000001cfd5c13aa2 sp=0x000000078a9fe7b0 mode 2
Event: 38.787 Thread 0x000001cfe59bb8b0 Uncommon trap: trap_request=0xffffffd6 fr.pc=0x000001cfd63f6ba4 relative=0x0000000000000804
Event: 38.787 Thread 0x000001cfe59bb8b0 Uncommon trap: reason=array_check action=maybe_recompile pc=0x000001cfd63f6ba4 method=com.google.inject.internal.MoreTypes$ParameterizedTypeImpl.<init>(Ljava/lang/reflect/Type;Ljava/lang/reflect/Type;[Ljava/lang/reflect/Type;)V @ 200 c2
Event: 38.787 Thread 0x000001cfe59bb8b0 DEOPT PACKING pc=0x000001cfd63f6ba4 sp=0x000000078a9f7ed0
Event: 38.787 Thread 0x000001cfe59bb8b0 DEOPT UNPACKING pc=0x000001cfd5c13aa2 sp=0x000000078a9f7de8 mode 2
Event: 38.787 Thread 0x000001cfe59bb8b0 Uncommon trap: trap_request=0xffffffd6 fr.pc=0x000001cfd63f6ba4 relative=0x0000000000000804
Event: 38.787 Thread 0x000001cfe59bb8b0 Uncommon trap: reason=array_check action=maybe_recompile pc=0x000001cfd63f6ba4 method=com.google.inject.internal.MoreTypes$ParameterizedTypeImpl.<init>(Ljava/lang/reflect/Type;Ljava/lang/reflect/Type;[Ljava/lang/reflect/Type;)V @ 200 c2
Event: 38.787 Thread 0x000001cfe59bb8b0 DEOPT PACKING pc=0x000001cfd63f6ba4 sp=0x000000078a9f7eb0
Event: 38.788 Thread 0x000001cfe59bb8b0 DEOPT UNPACKING pc=0x000001cfd5c13aa2 sp=0x000000078a9f7dc8 mode 2
Event: 38.974 Thread 0x000001cfe59bb8b0 Uncommon trap: trap_request=0xffffffd6 fr.pc=0x000001cfd63fa1e4 relative=0x0000000000000b44
Event: 38.974 Thread 0x000001cfe59bb8b0 Uncommon trap: reason=array_check action=maybe_recompile pc=0x000001cfd63fa1e4 method=com.google.inject.internal.MoreTypes$ParameterizedTypeImpl.<init>(Ljava/lang/reflect/Type;Ljava/lang/reflect/Type;[Ljava/lang/reflect/Type;)V @ 200 c2
Event: 38.974 Thread 0x000001cfe59bb8b0 DEOPT PACKING pc=0x000001cfd63fa1e4 sp=0x000000078a9fbad0
Event: 38.974 Thread 0x000001cfe59bb8b0 DEOPT UNPACKING pc=0x000001cfd5c13aa2 sp=0x000000078a9fb988 mode 2
Event: 38.974 Thread 0x000001cfe59bb8b0 Uncommon trap: trap_request=0xffffffd6 fr.pc=0x000001cfd63fa1e4 relative=0x0000000000000b44
Event: 38.974 Thread 0x000001cfe59bb8b0 Uncommon trap: reason=array_check action=maybe_recompile pc=0x000001cfd63fa1e4 method=com.google.inject.internal.MoreTypes$ParameterizedTypeImpl.<init>(Ljava/lang/reflect/Type;Ljava/lang/reflect/Type;[Ljava/lang/reflect/Type;)V @ 200 c2
Event: 38.974 Thread 0x000001cfe59bb8b0 DEOPT PACKING pc=0x000001cfd63fa1e4 sp=0x000000078a9fbab0
Event: 38.974 Thread 0x000001cfe59bb8b0 DEOPT UNPACKING pc=0x000001cfd5c13aa2 sp=0x000000078a9fb968 mode 2

Classes loaded (20 events):
Event: 36.605 Loading class sun/util/locale/provider/BaseLocaleDataMetaInfo
Event: 36.606 Loading class sun/util/locale/provider/BaseLocaleDataMetaInfo done
Event: 36.611 Loading class sun/util/locale/provider/CalendarNameProviderImpl$LengthBasedComparator
Event: 36.611 Loading class sun/util/locale/provider/CalendarNameProviderImpl$LengthBasedComparator done
Event: 36.663 Loading class sun/nio/ch/PendingFuture
Event: 36.664 Loading class sun/nio/ch/PendingFuture done
Event: 36.664 Loading class sun/nio/ch/WindowsAsynchronousFileChannelImpl$ReadTask
Event: 36.664 Loading class sun/nio/ch/Iocp$ResultHandler
Event: 36.664 Loading class sun/nio/ch/Iocp$ResultHandler done
Event: 36.665 Loading class sun/nio/ch/WindowsAsynchronousFileChannelImpl$ReadTask done
Event: 36.668 Loading class java/io/PrintWriter$1
Event: 36.668 Loading class jdk/internal/access/JavaIOPrintWriterAccess
Event: 36.669 Loading class jdk/internal/access/JavaIOPrintWriterAccess done
Event: 36.669 Loading class java/io/PrintWriter$1 done
Event: 36.671 Loading class java/time/format/DateTimeParseContext
Event: 36.672 Loading class java/time/format/DateTimeParseContext done
Event: 36.672 Loading class java/time/format/Parsed
Event: 36.673 Loading class java/time/format/Parsed done
Event: 38.229 Loading class java/lang/ProcessEnvironment$CheckedKeySet
Event: 38.229 Loading class java/lang/ProcessEnvironment$CheckedKeySet done

Classes unloaded (7 events):
Event: 24.901 Thread 0x000001cfdf796e50 Unloading class 0x000001cf81194400 'java/lang/invoke/LambdaForm$MH+0x000001cf81194400'
Event: 24.901 Thread 0x000001cfdf796e50 Unloading class 0x000001cf81194000 'java/lang/invoke/LambdaForm$MH+0x000001cf81194000'
Event: 24.901 Thread 0x000001cfdf796e50 Unloading class 0x000001cf81193c00 'java/lang/invoke/LambdaForm$MH+0x000001cf81193c00'
Event: 24.901 Thread 0x000001cfdf796e50 Unloading class 0x000001cf81193800 'java/lang/invoke/LambdaForm$MH+0x000001cf81193800'
Event: 24.901 Thread 0x000001cfdf796e50 Unloading class 0x000001cf81193400 'java/lang/invoke/LambdaForm$BMH+0x000001cf81193400'
Event: 24.901 Thread 0x000001cfdf796e50 Unloading class 0x000001cf81193000 'java/lang/invoke/LambdaForm$DMH+0x000001cf81193000'
Event: 24.901 Thread 0x000001cfdf796e50 Unloading class 0x000001cf81191c00 'java/lang/invoke/LambdaForm$DMH+0x000001cf81191c00'

Classes redefined (0 events):
No events

Internal exceptions (20 events):
Event: 30.037 Thread 0x000001cfe51a32c0 Exception <a 'java/lang/ClassNotFoundException'{0x00000000eaf86c60}: com/sun/org/apache/xerces/internal/impl/msg/spi/XMLMessagesProvider> (0x00000000eaf86c60) 
thrown [s\src\hotspot\share\classfile\systemDictionary.cpp, line 312]
Event: 32.800 Thread 0x000001cfe51a32c0 Exception <a 'java/lang/ClassNotFoundException'{0x00000000eb3cece0}: com/sun/org/apache/xml/internal/serializer/spi/XMLEntitiesProvider> (0x00000000eb3cece0) 
thrown [s\src\hotspot\share\classfile\systemDictionary.cpp, line 312]
Event: 33.652 Thread 0x000001cfe51a32c0 Exception <a 'java/io/FileNotFoundException'{0x00000000eae92fe8}> (0x00000000eae92fe8) 
thrown [s\src\hotspot\share\prims\jni.cpp, line 520]
Event: 33.816 Thread 0x000001cfe51a32c0 Exception <a 'java/lang/UnsatisfiedLinkError'{0x00000000eb053a58}: The specified procedure could not be found.
> (0x00000000eb053a58) 
thrown [s\src\hotspot\share\prims\jni.cpp, line 539]
Event: 33.834 Thread 0x000001cfe51a32c0 Exception <a 'java/io/FileNotFoundException'{0x00000000eb0a5970}> (0x00000000eb0a5970) 
thrown [s\src\hotspot\share\prims\jni.cpp, line 520]
Event: 34.007 Thread 0x000001cfe51a32c0 Exception <a 'java/io/FileNotFoundException'{0x00000000eb1a0ae8}> (0x00000000eb1a0ae8) 
thrown [s\src\hotspot\share\prims\jni.cpp, line 520]
Event: 34.028 Thread 0x000001cfe51a32c0 Exception <a 'java/lang/UnsatisfiedLinkError'{0x00000000eb20c180}: The specified procedure could not be found.
> (0x00000000eb20c180) 
thrown [s\src\hotspot\share\prims\jni.cpp, line 539]
Event: 34.440 Thread 0x000001cfe59bbf40 Exception <a 'java/lang/NoSuchMethodError'{0x00000000eb888f80}: 'void java.lang.invoke.DirectMethodHandle$Holder.invokeStaticInit(java.lang.Object, java.lang.Object, java.lang.Object, java.lang.Object)'> (0x00000000eb888f80) 
thrown [s\src\hotspot\share\interpreter\linkResolver.cpp, line 773]
Event: 34.961 Thread 0x000001cfcb48cb90 Exception <a 'java/lang/NoSuchMethodError'{0x00000000eaf33608}: 'java.lang.Object java.lang.invoke.DirectMethodHandle$Holder.invokeStatic(java.lang.Object, long, java.lang.Object)'> (0x00000000eaf33608) 
thrown [s\src\hotspot\share\interpreter\linkResolver.cpp, line 773]
Event: 34.964 Thread 0x000001cfcb48cb90 Exception <a 'java/lang/NoSuchMethodError'{0x00000000eaf76008}: 'java.lang.Object java.lang.invoke.DirectMethodHandle$Holder.invokeStaticInit(java.lang.Object, long, java.lang.Object)'> (0x00000000eaf76008) 
thrown [s\src\hotspot\share\interpreter\linkResolver.cpp, line 773]
Event: 34.968 Thread 0x000001cfcb48cb90 Exception <a 'java/lang/NoSuchMethodError'{0x00000000eaf8d018}: 'java.lang.Object java.lang.invoke.DirectMethodHandle$Holder.newInvokeSpecial(java.lang.Object, long)'> (0x00000000eaf8d018) 
thrown [s\src\hotspot\share\interpreter\linkResolver.cpp, line 773]
Event: 35.151 Thread 0x000001cfe59bb8b0 Exception <a 'java/lang/NoSuchMethodError'{0x00000000eb2ba0b0}: 'void java.lang.invoke.DirectMethodHandle$Holder.invokeStaticInit(java.lang.Object, java.lang.Object, java.lang.Object)'> (0x00000000eb2ba0b0) 
thrown [s\src\hotspot\share\interpreter\linkResolver.cpp, line 773]
Event: 35.160 Thread 0x000001cfe59bb8b0 Exception <a 'java/lang/ExceptionInInitializerError'{0x00000000eb393b28}> (0x00000000eb393b28) 
thrown [s\src\hotspot\share\oops\instanceKlass.cpp, line 1220]
Event: 35.387 Thread 0x000001cfe59bb8b0 Implicit null exception at 0x000001cfd62a83fe to 0x000001cfd62a85fc
Event: 35.387 Thread 0x000001cfe59bb8b0 Implicit null exception at 0x000001cfd621211c to 0x000001cfd6212fe0
Event: 35.392 Thread 0x000001cfe59bb8b0 Exception <a 'java/lang/NoSuchMethodError'{0x00000000eb79b680}: 'java.lang.Object java.lang.invoke.Invokers$Holder.invokeExact_MT(java.lang.Object, int, java.lang.Object)'> (0x00000000eb79b680) 
thrown [s\src\hotspot\share\interpreter\linkResolver.cpp, line 773]
Event: 36.515 Thread 0x000001cfcb48cb90 Exception <a 'java/lang/NoSuchMethodError'{0x00000000eacd6750}: 'void java.lang.invoke.DirectMethodHandle$Holder.invokeSpecial(java.lang.Object, java.lang.Object, java.lang.Object, java.lang.Object, java.lang.Object, java.lang.Object)'> (0x00000000eacd6750) 
thrown [s\src\hotspot\share\interpreter\linkResolver.cpp, line 773]
Event: 36.522 Thread 0x000001cfcb48cb90 Exception <a 'java/lang/IncompatibleClassChangeError'{0x00000000eacde8d0}: Found class java.lang.Object, but interface was expected> (0x00000000eacde8d0) 
thrown [s\src\hotspot\share\interpreter\linkResolver.cpp, line 840]
Event: 36.523 Thread 0x000001cfcb48cb90 Exception <a 'java/lang/IncompatibleClassChangeError'{0x00000000eace0870}: Found class java.lang.Object, but interface was expected> (0x00000000eace0870) 
thrown [s\src\hotspot\share\interpreter\linkResolver.cpp, line 840]
Event: 38.066 Thread 0x000001cfe59bb8b0 Exception <a 'java/lang/NoClassDefFoundError'{0x00000000ebc6d320}: com/google/inject/servlet/ServletModuleTargetVisitor> (0x00000000ebc6d320) 
thrown [s\src\hotspot\share\classfile\systemDictionary.cpp, line 301]

ZGC Phase Switch (0 events):
No events

VM Operations (20 events):
Event: 34.739 Executing VM operation: Cleanup
Event: 34.740 Executing VM operation: Cleanup done
Event: 34.878 Executing VM operation: ParallelGCFailedAllocation (Allocation Failure)
Event: 34.887 Executing VM operation: ParallelGCFailedAllocation (Allocation Failure) done
Event: 35.276 Executing VM operation: HandshakeAllThreads (Deoptimize)
Event: 35.276 Executing VM operation: HandshakeAllThreads (Deoptimize) done
Event: 36.179 Executing VM operation: HandshakeAllThreads (Deoptimize)
Event: 36.179 Executing VM operation: HandshakeAllThreads (Deoptimize) done
Event: 36.179 Executing VM operation: Cleanup
Event: 36.180 Executing VM operation: Cleanup done
Event: 36.425 Executing VM operation: ParallelGCFailedAllocation (Allocation Failure)
Event: 36.438 Executing VM operation: ParallelGCFailedAllocation (Allocation Failure) done
Event: 37.450 Executing VM operation: Cleanup
Event: 37.483 Executing VM operation: Cleanup done
Event: 38.487 Executing VM operation: Cleanup
Event: 38.519 Executing VM operation: Cleanup done
Event: 38.938 Executing VM operation: HandshakeAllThreads (Deoptimize)
Event: 38.938 Executing VM operation: HandshakeAllThreads (Deoptimize) done
Event: 38.943 Executing VM operation: HandshakeAllThreads (Deoptimize)
Event: 38.943 Executing VM operation: HandshakeAllThreads (Deoptimize) done

Memory protections (0 events):
No events

Nmethod flushes (20 events):
Event: 33.336 Thread 0x000001cfdf796e50 flushing  nmethod 0x000001cfced1d710
Event: 33.336 Thread 0x000001cfdf796e50 flushing  nmethod 0x000001cfced1e910
Event: 33.336 Thread 0x000001cfdf796e50 flushing  nmethod 0x000001cfced1f110
Event: 33.336 Thread 0x000001cfdf796e50 flushing  nmethod 0x000001cfced20e10
Event: 33.336 Thread 0x000001cfdf796e50 flushing  nmethod 0x000001cfced21310
Event: 33.336 Thread 0x000001cfdf796e50 flushing  nmethod 0x000001cfced22290
Event: 33.336 Thread 0x000001cfdf796e50 flushing  nmethod 0x000001cfced23790
Event: 33.336 Thread 0x000001cfdf796e50 flushing  nmethod 0x000001cfced24190
Event: 33.336 Thread 0x000001cfdf796e50 flushing  nmethod 0x000001cfced24b10
Event: 33.336 Thread 0x000001cfdf796e50 flushing  nmethod 0x000001cfced25010
Event: 33.336 Thread 0x000001cfdf796e50 flushing  nmethod 0x000001cfced25d10
Event: 33.336 Thread 0x000001cfdf796e50 flushing  nmethod 0x000001cfced6ad90
Event: 33.336 Thread 0x000001cfdf796e50 flushing  nmethod 0x000001cfced71890
Event: 33.336 Thread 0x000001cfdf796e50 flushing  nmethod 0x000001cfced7a510
Event: 33.336 Thread 0x000001cfdf796e50 flushing  nmethod 0x000001cfceda8410
Event: 33.336 Thread 0x000001cfdf796e50 flushing  nmethod 0x000001cfcedc7a10
Event: 33.336 Thread 0x000001cfdf796e50 flushing  nmethod 0x000001cfcedf3210
Event: 33.336 Thread 0x000001cfdf796e50 flushing  nmethod 0x000001cfcee16a90
Event: 33.336 Thread 0x000001cfdf796e50 flushing  nmethod 0x000001cfcee3bd10
Event: 33.336 Thread 0x000001cfdf796e50 flushing  nmethod 0x000001cfcee71c90

Events (20 events):
Event: 29.726 Thread 0x000001cfe58cbcc0 Thread exited: 0x000001cfe58cbcc0
Event: 30.194 Thread 0x000001cfe51a32c0 Thread added: 0x000001cfe59bed30
Event: 31.991 Thread 0x000001cfe52fb3d0 Thread exited: 0x000001cfe52fb3d0
Event: 32.922 Thread 0x000001cfdf7bbbf0 Thread added: 0x000001cfe52fdcb0
Event: 33.406 Thread 0x000001cfe52fdcb0 Thread exited: 0x000001cfe52fdcb0
Event: 34.227 Thread 0x000001cfe59bbf40 Thread added: 0x000001cfe59bd2f0
Event: 34.893 Thread 0x000001cfe59bd2f0 Thread added: 0x000001cfe59bcc60
Event: 35.027 Thread 0x000001cfcb48cb90 Thread added: 0x000001cfe7b54de0
Event: 35.028 Thread 0x000001cfcb48cb90 Thread added: 0x000001cfe7b51960
Event: 35.028 Thread 0x000001cfcb48cb90 Thread added: 0x000001cfe7b54750
Event: 35.028 Thread 0x000001cfcb48cb90 Thread added: 0x000001cfe7b53a30
Event: 35.028 Thread 0x000001cfcb48cb90 Thread added: 0x000001cfe7b51ff0
Event: 35.151 Thread 0x000001cfcb48cb90 Thread added: 0x000001cfe7b52d10
Event: 35.217 Thread 0x000001cfdf82f920 Thread added: 0x000001cfe52fad00
Event: 35.510 Thread 0x000001cfe52fad00 Thread exited: 0x000001cfe52fad00
Event: 36.378 Thread 0x000001cfdf82f920 Thread added: 0x000001cfe52fdcb0
Event: 36.592 Thread 0x000001cfcb48cb90 Thread added: 0x000001cfe7b533a0
Event: 36.593 Thread 0x000001cfcb48cb90 Thread added: 0x000001cfe7b540c0
Event: 38.413 Thread 0x000001cfe52fdcb0 Thread exited: 0x000001cfe52fdcb0
Event: 38.666 Thread 0x000001cfdf82f920 Thread added: 0x000001cfe52fa630


Dynamic libraries:
0x00007ff723ce0000 - 0x00007ff723cee000 	c:\Users\ADMIN\.vscode\extensions\redhat.java-1.41.1-win32-x64\jre\21.0.6-win32-x86_64\bin\java.exe
0x00007ffe44c50000 - 0x00007ffe44e45000 	C:\Windows\SYSTEM32\ntdll.dll
0x00007ffe448b0000 - 0x00007ffe4496e000 	C:\Windows\System32\KERNEL32.DLL
0x00007ffe42360000 - 0x00007ffe42628000 	C:\Windows\System32\KERNELBASE.dll
0x00007ffe42770000 - 0x00007ffe42870000 	C:\Windows\System32\ucrtbase.dll
0x00007ffe3c8f0000 - 0x00007ffe3c908000 	c:\Users\ADMIN\.vscode\extensions\redhat.java-1.41.1-win32-x64\jre\21.0.6-win32-x86_64\bin\jli.dll
0x00007ffe43400000 - 0x00007ffe435a1000 	C:\Windows\System32\USER32.dll
0x00007ffe42c00000 - 0x00007ffe42c22000 	C:\Windows\System32\win32u.dll
0x00007ffe439c0000 - 0x00007ffe439eb000 	C:\Windows\System32\GDI32.dll
0x00007ffe42ac0000 - 0x00007ffe42bcd000 	C:\Windows\System32\gdi32full.dll
0x00007ffe428c0000 - 0x00007ffe4295d000 	C:\Windows\System32\msvcp_win.dll
0x00007ffe3c760000 - 0x00007ffe3c77e000 	c:\Users\ADMIN\.vscode\extensions\redhat.java-1.41.1-win32-x64\jre\21.0.6-win32-x86_64\bin\VCRUNTIME140.dll
0x00007ffe341b0000 - 0x00007ffe3444a000 	C:\Windows\WinSxS\amd64_microsoft.windows.common-controls_6595b64144ccf1df_6.0.19041.1110_none_60b5254171f9507e\COMCTL32.dll
0x00007ffe439f0000 - 0x00007ffe43a8e000 	C:\Windows\System32\msvcrt.dll
0x00007ffe43a90000 - 0x00007ffe43ac0000 	C:\Windows\System32\IMM32.DLL
0x00007ffe3dd70000 - 0x00007ffe3dd7c000 	c:\Users\ADMIN\.vscode\extensions\redhat.java-1.41.1-win32-x64\jre\21.0.6-win32-x86_64\bin\vcruntime140_1.dll
0x00007ffe114d0000 - 0x00007ffe1155d000 	c:\Users\ADMIN\.vscode\extensions\redhat.java-1.41.1-win32-x64\jre\21.0.6-win32-x86_64\bin\msvcp140.dll
0x00007ffe06a50000 - 0x00007ffe077e0000 	c:\Users\ADMIN\.vscode\extensions\redhat.java-1.41.1-win32-x64\jre\21.0.6-win32-x86_64\bin\server\jvm.dll
0x00007ffe43b80000 - 0x00007ffe43c2c000 	C:\Windows\System32\ADVAPI32.dll
0x00007ffe43ac0000 - 0x00007ffe43b5b000 	C:\Windows\System32\sechost.dll
0x00007ffe42fe0000 - 0x00007ffe4310a000 	C:\Windows\System32\RPCRT4.dll
0x00007ffe432a0000 - 0x00007ffe4330b000 	C:\Windows\System32\WS2_32.dll
0x00007ffe421d0000 - 0x00007ffe4221b000 	C:\Windows\SYSTEM32\POWRPROF.dll
0x00007ffe39840000 - 0x00007ffe39867000 	C:\Windows\SYSTEM32\WINMM.dll
0x00007ffe346e0000 - 0x00007ffe346ea000 	C:\Windows\SYSTEM32\VERSION.dll
0x00007ffe421b0000 - 0x00007ffe421c2000 	C:\Windows\SYSTEM32\UMPDC.dll
0x00007ffe40ba0000 - 0x00007ffe40bb2000 	C:\Windows\SYSTEM32\kernel.appcore.dll
0x00007ffe3bf40000 - 0x00007ffe3bf4a000 	c:\Users\ADMIN\.vscode\extensions\redhat.java-1.41.1-win32-x64\jre\21.0.6-win32-x86_64\bin\jimage.dll
0x00007ffe33120000 - 0x00007ffe33304000 	C:\Windows\SYSTEM32\DBGHELP.DLL
0x00007ffe31af0000 - 0x00007ffe31b1c000 	C:\Windows\SYSTEM32\dbgcore.DLL
0x00007ffe42630000 - 0x00007ffe426b2000 	C:\Windows\System32\bcryptPrimitives.dll
0x00007ffe3bf30000 - 0x00007ffe3bf3f000 	c:\Users\ADMIN\.vscode\extensions\redhat.java-1.41.1-win32-x64\jre\21.0.6-win32-x86_64\bin\instrument.dll
0x00007ffe38e40000 - 0x00007ffe38e5f000 	c:\Users\ADMIN\.vscode\extensions\redhat.java-1.41.1-win32-x64\jre\21.0.6-win32-x86_64\bin\java.dll
0x00007ffe44160000 - 0x00007ffe448a4000 	C:\Windows\System32\SHELL32.dll
0x00007ffe40320000 - 0x00007ffe40ab4000 	C:\Windows\SYSTEM32\windows.storage.dll
0x00007ffe43660000 - 0x00007ffe439b5000 	C:\Windows\System32\combase.dll
0x00007ffe41c00000 - 0x00007ffe41c2e000 	C:\Windows\SYSTEM32\Wldp.dll
0x00007ffe435b0000 - 0x00007ffe4365d000 	C:\Windows\System32\SHCORE.dll
0x00007ffe43230000 - 0x00007ffe43285000 	C:\Windows\System32\shlwapi.dll
0x00007ffe422a0000 - 0x00007ffe422bf000 	C:\Windows\SYSTEM32\profapi.dll
0x00007ffe32050000 - 0x00007ffe32068000 	c:\Users\ADMIN\.vscode\extensions\redhat.java-1.41.1-win32-x64\jre\21.0.6-win32-x86_64\bin\zip.dll
0x00007ffe3be40000 - 0x00007ffe3be50000 	C:\Users\ADMIN\.vscode\extensions\redhat.java-1.41.1-win32-x64\jre\21.0.6-win32-x86_64\bin\net.dll
0x00007ffe39870000 - 0x00007ffe3997c000 	C:\Windows\SYSTEM32\WINHTTP.dll
0x00007ffe419e0000 - 0x00007ffe41a4a000 	C:\Windows\system32\mswsock.dll
0x00007ffe32030000 - 0x00007ffe32046000 	C:\Users\ADMIN\.vscode\extensions\redhat.java-1.41.1-win32-x64\jre\21.0.6-win32-x86_64\bin\nio.dll
0x00007ffe3bbd0000 - 0x00007ffe3bbe0000 	c:\Users\ADMIN\.vscode\extensions\redhat.java-1.41.1-win32-x64\jre\21.0.6-win32-x86_64\bin\verify.dll
0x00007ffe2e490000 - 0x00007ffe2e4d5000 	C:\Users\ADMIN\AppData\Roaming\Code\User\globalStorage\redhat.java\1.41.1\config_win\org.eclipse.equinox.launcher\org.eclipse.equinox.launcher.win32.win32.x86_64_1.2.1300.v20250331-1702\eclipse_11911.dll
0x00007ffe42e50000 - 0x00007ffe42f7a000 	C:\Windows\System32\ole32.dll
0x00007ffe41f30000 - 0x00007ffe41f48000 	C:\Windows\SYSTEM32\CRYPTSP.dll
0x00007ffe41380000 - 0x00007ffe413b4000 	C:\Windows\system32\rsaenh.dll
0x00007ffe42bd0000 - 0x00007ffe42bf7000 	C:\Windows\System32\bcrypt.dll
0x00007ffe42220000 - 0x00007ffe4224e000 	C:\Windows\SYSTEM32\USERENV.dll
0x00007ffe41b70000 - 0x00007ffe41b7c000 	C:\Windows\SYSTEM32\CRYPTBASE.dll
0x00007ffe416f0000 - 0x00007ffe4172b000 	C:\Windows\SYSTEM32\IPHLPAPI.DLL
0x00007ffe43310000 - 0x00007ffe43318000 	C:\Windows\System32\NSI.dll
0x00007ffe26b50000 - 0x00007ffe26b99000 	C:\Users\ADMIN\AppData\Local\Temp\jna-62130991\jna17862716782099845579.dll
0x00007ffe43290000 - 0x00007ffe43298000 	C:\Windows\System32\PSAPI.DLL
0x00007ffe3b810000 - 0x00007ffe3b827000 	C:\Windows\SYSTEM32\dhcpcsvc6.DLL
0x00007ffe3b760000 - 0x00007ffe3b77d000 	C:\Windows\SYSTEM32\dhcpcsvc.DLL

dbghelp: loaded successfully - version: 4.0.5 - missing functions: none
symbol engine: initialized successfully - sym options: 0x614 - pdb path: .;c:\Users\ADMIN\.vscode\extensions\redhat.java-1.41.1-win32-x64\jre\21.0.6-win32-x86_64\bin;C:\Windows\SYSTEM32;C:\Windows\WinSxS\amd64_microsoft.windows.common-controls_6595b64144ccf1df_6.0.19041.1110_none_60b5254171f9507e;c:\Users\ADMIN\.vscode\extensions\redhat.java-1.41.1-win32-x64\jre\21.0.6-win32-x86_64\bin\server;C:\Users\ADMIN\AppData\Roaming\Code\User\globalStorage\redhat.java\1.41.1\config_win\org.eclipse.equinox.launcher\org.eclipse.equinox.launcher.win32.win32.x86_64_1.2.1300.v20250331-1702;C:\Users\ADMIN\AppData\Local\Temp\jna-62130991

VM Arguments:
jvm_args: --add-modules=ALL-SYSTEM --add-opens=java.base/java.util=ALL-UNNAMED --add-opens=java.base/java.lang=ALL-UNNAMED --add-opens=java.base/sun.nio.fs=ALL-UNNAMED -Declipse.application=org.eclipse.jdt.ls.core.id1 -Dosgi.bundles.defaultStartLevel=4 -Declipse.product=org.eclipse.jdt.ls.core.product -Djava.import.generatesMetadataFilesAtProjectRoot=false -DDetectVMInstallationsJob.disabled=true -Dfile.encoding=utf8 -XX:+UseParallelGC -XX:GCTimeRatio=4 -XX:AdaptiveSizePolicyWeight=90 -Dsun.zip.disableMemoryMapping=true -Xmx1G -Xms100m -Xlog:disable -javaagent:c:\Users\ADMIN\.vscode\extensions\redhat.java-1.41.1-win32-x64\lombok\lombok-1.18.36.jar -XX:+HeapDumpOnOutOfMemoryError -XX:HeapDumpPath=c:\Users\ADMIN\AppData\Roaming\Code\User\workspaceStorage\b1a5b6c4fe46a89c5908816380b53891\redhat.java -Daether.dependencyCollector.impl=bf 
java_command: c:\Users\ADMIN\.vscode\extensions\redhat.java-1.41.1-win32-x64\server\plugins\org.eclipse.equinox.launcher_1.7.0.v20250331-1702.jar -configuration c:\Users\ADMIN\AppData\Roaming\Code\User\globalStorage\redhat.java\1.41.1\config_win -data c:\Users\ADMIN\AppData\Roaming\Code\User\workspaceStorage\b1a5b6c4fe46a89c5908816380b53891\redhat.java\jdt_ws --pipe=\\.\pipe\lsp-f69c0724953542efd32222e8e0c2afd6-sock
java_class_path (initial): c:\Users\ADMIN\.vscode\extensions\redhat.java-1.41.1-win32-x64\server\plugins\org.eclipse.equinox.launcher_1.7.0.v20250331-1702.jar
Launcher Type: SUN_STANDARD

[Global flags]
    uintx AdaptiveSizePolicyWeight                 = 90                                        {product} {command line}
     intx CICompilerCount                          = 3                                         {product} {ergonomic}
    uintx GCTimeRatio                              = 4                                         {product} {command line}
     bool HeapDumpOnOutOfMemoryError               = true                                   {manageable} {command line}
    ccstr HeapDumpPath                             = c:\Users\ADMIN\AppData\Roaming\Code\User\workspaceStorage\b1a5b6c4fe46a89c5908816380b53891\redhat.java         {manageable} {command line}
   size_t InitialHeapSize                          = 104857600                                 {product} {command line}
   size_t MaxHeapSize                              = 1073741824                                {product} {command line}
   size_t MaxNewSize                               = 357564416                                 {product} {ergonomic}
   size_t MinHeapDeltaBytes                        = 524288                                    {product} {ergonomic}
   size_t MinHeapSize                              = 104857600                                 {product} {command line}
   size_t NewSize                                  = 34603008                                  {product} {ergonomic}
    uintx NonNMethodCodeHeapSize                   = 5832780                                {pd product} {ergonomic}
    uintx NonProfiledCodeHeapSize                  = 122912730                              {pd product} {ergonomic}
   size_t OldSize                                  = 70254592                                  {product} {ergonomic}
    uintx ProfiledCodeHeapSize                     = 122912730                              {pd product} {ergonomic}
    uintx ReservedCodeCacheSize                    = 251658240                              {pd product} {ergonomic}
     bool SegmentedCodeCache                       = true                                      {product} {ergonomic}
   size_t SoftMaxHeapSize                          = 1073741824                             {manageable} {ergonomic}
     bool UseCompressedOops                        = true                           {product lp64_product} {ergonomic}
     bool UseLargePagesIndividualAllocation        = false                                  {pd product} {ergonomic}
     bool UseParallelGC                            = true                                      {product} {command line}

Logging:
Log output configuration:
 #0: stdout all=off uptime,level,tags foldmultilines=false
 #1: stderr all=off uptime,level,tags foldmultilines=false

Environment Variables:
JAVA_HOME=C:\Program Files\Eclipse Adoptium\jdk-21.0.3.9-hotspot\
PATH=C:\Program Files\Common Files\Oracle\Java\javapath;C:\Program Files\Eclipse Adoptium\jdk-21.0.3.9-hotspot\bin;C:\Program Files (x86)\Common Files\Oracle\Java\javapath;C:\Program Files\Microsoft\jdk-11.0.16.101-hotspot\bin;C:\Windows\system32;C:\Windows;C:\Windows\System32\Wbem;C:\Windows\System32\WindowsPowerShell\v1.0\;C:\Windows\System32\OpenSSH\;C:\Program Files (x86)\Intel\OpenCL SDK\2.0\bin\x86;C:\Program Files (x86)\Intel\OpenCL SDK\2.0\bin\x64;C:\Program Files\dotnet\;C:\Program Files\Java\jdk-22\bin;C:\Program Files (x86)\Microsoft SQL Server\160\Tools\Binn\;C:\Program Files\Microsoft SQL Server\160\Tools\Binn\;C:\Program Files\Microsoft SQL Server\Client SDK\ODBC\170\Tools\Binn\;C:\Program Files\Microsoft SQL Server\160\DTS\Binn\;D:\Git\cmd;D:\WEB2\exe;C:\msys64\mingw64\bin;C:\Users\ADMIN\AppData\Local\Microsoft\WindowsApps;C:\Users\ADMIN\.dotnet\tools;C:\Users\ADMIN\Downloads\winlibs-x86_64-posix-seh-gcc-12.1.0-mingw-w64msvcrt-10.0.0-r3\mingw64\bin;C:\Users\ADMIN\AppData\Local\Programs\Microsoft VS Code\bin
USERNAME=ADMIN
OS=Windows_NT
PROCESSOR_IDENTIFIER=Intel64 Family 6 Model 42 Stepping 7, GenuineIntel
TMP=C:\Users\ADMIN\AppData\Local\Temp
TEMP=C:\Users\ADMIN\AppData\Local\Temp




Periodic native trim disabled

---------------  S Y S T E M  ---------------

OS:
 Windows 10 , 64 bit Build 19041 (10.0.19041.1348)
OS uptime: 0 days 2:34 hours
Hyper-V role detected

CPU: total 4 (initial active 4) (2 cores per cpu, 2 threads per core) family 6 model 42 stepping 7 microcode 0x2f, cx8, cmov, fxsr, ht, mmx, sse, sse2, sse3, ssse3, sse4.1, sse4.2, popcnt, tsc, tscinvbit, avx, aes, clmul, vzeroupper, clflush, hv, rdtscp
Processor Information for the first 4 processors :
  Max Mhz: 2301, Current Mhz: 1600, Mhz Limit: 1587

Memory: 4k page, system-wide physical 3977M (836M free)
TotalPageFile size 7747M (AvailPageFile size 4M)
current process WorkingSet (physical memory assigned to process): 195M, peak: 203M
current process commit charge ("private bytes"): 272M, peak: 282M

vm_info: OpenJDK 64-Bit Server VM (21.0.6+7-LTS) for windows-amd64 JRE (21.0.6+7-LTS), built on 2025-01-21T00:00:00Z by "admin" with MS VC++ 17.7 (VS2022)

END.
